[Nov 20 05:00:01 A -05:00] INFO  EDFDump Main    (0) - 
[Nov 20 05:00:01 A -05:00] INFO  EDFDump Main    (0) - 
[Nov 20 05:00:01 A -05:00] INFO  EDFDump Main    (0) - Running as User: repcalcs
[Nov 20 05:00:01 A -05:00] INFO  EDFDump Main    (0) - arg0: 1
[Nov 20 05:00:01 A -05:00] INFO  EDFDump Main    (0) - arg1: 2018-11-20 03:59:59
[Nov 20 05:00:01 A -05:00] INFO  EDFDump Main    (0) - arg2: edf
[Nov 20 05:00:01 A -05:00] INFO  EDFDump Main    (0) - arg3: True
[Nov 20 05:00:01 A -05:00] INFO  EDFDump LogParameters(0) - 
[Nov 20 05:00:01 A -05:00] INFO  EDFDump LogParameters(0) - **********************
[Nov 20 05:00:01 A -05:00] INFO  EDFDump LogParameters(0) - ** Starting EDFPrices **
[Nov 20 05:00:01 A -05:00] INFO  EDFDump LogParameters(0) - **********************
[Nov 20 05:00:01 A -05:00] INFO  EDFDump LogParameters(0) - ProcessThruDate 2018-11-20 03:59:59
[Nov 20 05:00:01 A -05:00] INFO  EDFDump LogParameters(0) - Current directory D:\CE\EDFDump
[Nov 20 05:00:01 A -05:00] INFO  EDFDumpData GetConfiguration(0) - Loaded 1 generic config values from db
[Nov 20 05:00:01 A -05:00] INFO  EDFDump Init    (0) - Commit: True
[Nov 20 05:00:01 A -05:00] INFO  EDFDump Init    (0) - commitGlacier: True
[Nov 20 05:00:01 A -05:00] INFO  EDFDump Main    (0) - EdfPositionRun :False EdfShapedPositionsRun:False EdfPricesRun:True EdfM2MRun:False ShellM2MRun:False TownsquareM2MRun:False EscowareM2MRun:False
[Nov 20 05:00:01 A -05:00] INFO  EDFDump RunPrices(0) - ********************
[Nov 20 05:00:01 A -05:00] INFO  EDFDump RunPrices(0) - * Encompass Prices *
[Nov 20 05:00:01 A -05:00] INFO  EDFDump RunPrices(0) - ********************
[Nov 20 05:00:01 A -05:00] INFO  EDFDump DownloadPrices(0) - Looking for EDFTNA_Curves_2018-11-19 (Confidential).csv...
[Nov 20 05:00:05 A -05:00] INFO  EDFDump DownloadSecureFtpFile(0) - Success
[Nov 20 05:00:05 A -05:00] INFO  EDFDump DownloadPrices(0) - Done
[Nov 20 05:00:05 A -05:00] INFO  EDFDump DownloadPrices(0) - Scrubbing file (removing commas/quotes)...
[Nov 20 05:00:05 A -05:00] INFO  EDFDump DownloadPrices(0) - Done
[Nov 20 05:00:05 A -05:00] INFO  EDFDump TransferFileToDatabaseServer(0) - prices.csv transferred to the DB server
[Nov 20 05:00:05 A -05:00] INFO  EDFDump DownloadPrices(0) - Importing Encompass Prices into the database...
[Nov 20 05:00:35 A -05:00] INFO  EDFDump DownloadPrices(0) - Done
[Nov 20 05:00:35 A -05:00] INFO  EDFDump Finish  (0) - ~~~~~~~~~~~~~~~~~~~~~~
[Nov 20 05:00:35 A -05:00] INFO  EDFDump Finish  (0) - ~~ Finished EDFPrices ~
[Nov 20 05:00:35 A -05:00] INFO  EDFDump Finish  (0) - ~~~~~~~~~~~~~~~~~~~~~~
[Nov 20 05:30:01 A -05:00] INFO  EDFDump Main    (0) - 
[Nov 20 05:30:01 A -05:00] INFO  EDFDump Main    (0) - 
[Nov 20 05:30:01 A -05:00] INFO  EDFDump Main    (0) - Running as User: repcalcs
[Nov 20 05:30:01 A -05:00] INFO  EDFDump Main    (0) - arg0: 1
[Nov 20 05:30:01 A -05:00] INFO  EDFDump Main    (0) - arg1: 2018-11-20 03:59:59
[Nov 20 05:30:01 A -05:00] INFO  EDFDump Main    (0) - arg2: Edf
[Nov 20 05:30:01 A -05:00] INFO  EDFDump LogParameters(0) - 
[Nov 20 05:30:01 A -05:00] INFO  EDFDump LogParameters(0) - **********************
[Nov 20 05:30:01 A -05:00] INFO  EDFDump LogParameters(0) - ** Starting EDFDump **
[Nov 20 05:30:01 A -05:00] INFO  EDFDump LogParameters(0) - **********************
[Nov 20 05:30:01 A -05:00] INFO  EDFDump LogParameters(0) - ProcessThruDate 2018-11-20 03:59:59
[Nov 20 05:30:01 A -05:00] INFO  EDFDump LogParameters(0) - Current directory D:\CE\EdfDump
[Nov 20 05:30:01 A -05:00] INFO  EDFDumpData GetConfiguration(0) - Loaded 1 generic config values from db
[Nov 20 05:30:01 A -05:00] INFO  EDFDump Init    (0) - Commit: True
[Nov 20 05:30:01 A -05:00] INFO  EDFDump Init    (0) - commitGlacier: True
[Nov 20 05:30:01 A -05:00] INFO  EDFDump Main    (0) - EdfPositionRun :True EdfShapedPositionsRun:True EdfPricesRun:True EdfM2MRun:True ShellM2MRun:False TownsquareM2MRun:False EscowareM2MRun:False
[Nov 20 05:30:01 A -05:00] INFO  EDFDump RunPositions(0) - *****************************
[Nov 20 05:30:01 A -05:00] INFO  EDFDump RunPositions(0) - * Encompass 5 Day Hourly Positions *
[Nov 20 05:30:01 A -05:00] INFO  EDFDump RunPositions(0) - *****************************
[Nov 20 05:30:01 A -05:00] INFO  EDFDump RunPositions(0) - Skipping 5 day positions since its nowhere near the end of the month
[Nov 20 05:30:01 A -05:00] INFO  EDFDump RunShapedPositions(0) - ******************************
[Nov 20 05:30:01 A -05:00] INFO  EDFDump RunShapedPositions(0) - * Encompass Shaped Positions *
[Nov 20 05:30:01 A -05:00] INFO  EDFDump RunShapedPositions(0) - ******************************
[Nov 20 05:30:01 A -05:00] INFO  EDFDumpData LoadRepClientInfoRepId(0) - Loaded 7 Active REP Clients
[Nov 20 05:30:01 A -05:00] INFO  EDFDump DownloadShapedPositions(0) - Looking for Exposure Detail 12 Months 11_19_2018.csv...
[Nov 20 05:30:17 A -05:00] INFO  EDFDump DownloadSecureFtpFile(0) - Success
[Nov 20 05:30:17 A -05:00] INFO  EDFDump DownloadShapedPositions(0) - Done
[Nov 20 05:30:17 A -05:00] INFO  EDFDump DownloadShapedPositions(0) - Scrubbing file (removing commas/quotes)...
[Nov 20 05:30:19 A -05:00] INFO  Util CsvToOtherDelimiter(0) - Removed 24,693 rows for inactive REPs: SGE Energy Sourcing LLC, AP Holdings LLC
[Nov 20 05:30:19 A -05:00] INFO  EDFDump DownloadShapedPositions(0) - Done
[Nov 20 05:30:19 A -05:00] INFO  EDFDump TransferFileToDatabaseServer(0) - shapedPositions.csv transferred to the DB server
[Nov 20 05:30:19 A -05:00] INFO  EDFDump DownloadShapedPositions(0) - Importing Encompass Shaped Positions...
[Nov 20 05:30:30 A -05:00] INFO  EDFDump DownloadShapedPositions(0) - Done. Rows affected : 0
[Nov 20 05:30:30 A -05:00] INFO  EDFDump RunPrices(0) - ********************
[Nov 20 05:30:30 A -05:00] INFO  EDFDump RunPrices(0) - * Encompass Prices *
[Nov 20 05:30:30 A -05:00] INFO  EDFDump RunPrices(0) - ********************
[Nov 20 05:30:30 A -05:00] INFO  EDFDump DownloadPrices(0) - Looking for EDFTNA_Curves_2018-11-19 (Confidential).csv...
[Nov 20 05:30:31 A -05:00] INFO  EDFDump DownloadSecureFtpFile(0) - Success
[Nov 20 05:30:31 A -05:00] INFO  EDFDump DownloadPrices(0) - Done
[Nov 20 05:30:31 A -05:00] INFO  EDFDump DownloadPrices(0) - Scrubbing file (removing commas/quotes)...
[Nov 20 05:30:32 A -05:00] INFO  EDFDump DownloadPrices(0) - Done
[Nov 20 05:30:32 A -05:00] INFO  EDFDump TransferFileToDatabaseServer(0) - prices.csv transferred to the DB server
[Nov 20 05:30:32 A -05:00] INFO  EDFDump DownloadPrices(0) - Importing Encompass Prices into the database...
[Nov 20 05:30:33 A -05:00] INFO  EDFDump DownloadPrices(0) - Done
[Nov 20 05:30:33 A -05:00] INFO  EDFDump RunM2MEdf(0) - *****************
[Nov 20 05:30:33 A -05:00] INFO  EDFDump RunM2MEdf(0) - * Encompass M2M *
[Nov 20 05:30:33 A -05:00] INFO  EDFDump RunM2MEdf(0) - *****************
[Nov 20 05:30:33 A -05:00] INFO  EDFDump set_FileNameSrc(0) - Using file 'Mark_to_Market_Detail_Dump_11_19_2018.zip'
[Nov 20 05:30:33 A -05:00] INFO  EDFDump ProcessEdfM2MFile(0) - Downloading for Mark_to_Market_Detail_Dump_11_19_2018.zip...
[Nov 20 05:30:46 A -05:00] INFO  EDFDump DownloadSecureFtpFile(0) - Success
[Nov 20 05:30:46 A -05:00] INFO  EDFDump ProcessEdfM2MFile(0) - Done
[Nov 20 05:30:46 A -05:00] INFO  EDFDump ProcessEdfM2MFile(0) - Unzipping Mark_to_Market_Detail_Dump_11_19_2018.zip...
[Nov 20 05:30:50 A -05:00] INFO  EDFDump ProcessEdfM2MFile(0) - Done
[Nov 20 05:30:50 A -05:00] INFO  EDFDump ProcessEdfM2MFile(0) - Scrubbing file (removing commas/quotes)...
[Nov 20 05:32:39 A -05:00] INFO  Util CsvToOtherDelimiter(0) - Removed 769,221 rows for inactive REPs: SGE Energy Sourcing, LLC, AP Holdings, LLC, Nordic Energy Services, LLC, XOOM Energy, LLC
[Nov 20 05:32:39 A -05:00] INFO  Util CsvToOtherDelimiter(0) - Found 201,626 rows of fees
[Nov 20 05:32:39 A -05:00] INFO  Util CsvToOtherDelimiter(0) - Removed 161,497 rows with zero quantities
[Nov 20 05:32:39 A -05:00] INFO  EDFDump ProcessEdfM2MFile(0) - Done
[Nov 20 05:32:39 A -05:00] INFO  EDFDump TransferFileToDatabaseServer(0) - m2m.csv transferred to the DB server
[Nov 20 05:32:41 A -05:00] INFO  EDFDump CompressAndMoveToNDrive(0) - Moving m2m-2018.11.20.zip to NDrive...
[Nov 20 05:32:41 A -05:00] INFO  EDFDump CompressAndMoveToNDrive(0) - Done
[Nov 20 05:32:41 A -05:00] INFO  EDFDump ProcessEdfM2MFile(0) - Importing Encompass data into the database...
[Nov 20 05:32:54 A -05:00] INFO  EDFDump ProcessEdfM2MFile(0) - Done
[Nov 20 05:32:54 A -05:00] INFO  EDFDump UploadToHistoricalDatabase(0) - Importing complete EDF supplier data into the Glacier historical database...
[Nov 20 05:37:48 A -05:00] INFO  EDFDump UploadToHistoricalDatabase(0) - Done
[Nov 20 05:37:50 A -05:00] INFO  EDFDumpData GetEscoSupplierMapping(0) - Loaded 21 esco supplier mappings
[Nov 20 05:37:51 A -05:00] INFO  EDFDumpData CreateNewDailyComplianceCertificate(0) - Creating Daily Cert for 6
[Nov 20 05:37:51 A -05:00] INFO  EDFDumpData CreateNewDailyComplianceCertificate(0) - Creating Daily Cert for 21
[Nov 20 05:37:51 A -05:00] INFO  EDFDumpData CreateNewDailyComplianceCertificate(0) - Creating Daily Cert for 41
[Nov 20 05:37:51 A -05:00] INFO  EDFDumpData CreateNewDailyComplianceCertificate(0) - Creating Daily Cert for 46
[Nov 20 05:37:51 A -05:00] INFO  EDFDumpData CreateNewDailyComplianceCertificate(0) - Creating Daily Cert for 66
[Nov 20 05:37:51 A -05:00] INFO  EDFDumpData CreateNewDailyComplianceCertificate(0) - Creating Daily Cert for 76
[Nov 20 05:37:51 A -05:00] INFO  EDFDumpData CreateNewDailyComplianceCertificate(0) - Creating Daily Cert for 85
[Nov 20 05:37:51 A -05:00] INFO  EDFDump RunDailyComplianceUpdate(0) - Running sp_clrRepDailyComplianceUpdate...
[Nov 20 05:37:52 A -05:00] INFO  EDFDump RunDailyComplianceUpdate(0) - Done
[Nov 20 05:37:52 A -05:00] INFO  EDFDumpData AddEdfHedges(0) - Deleted 0 rows from edfHedgeVolumes table for date: 11/20/2018 3:59:59 AM
[Nov 20 05:37:52 A -05:00] INFO  EDFDumpData AddEdfHedges(0) - Added 5416 rows to edfHedgeVolumes table for date: 11/20/2018 3:59:59 AM
[Nov 20 05:37:52 A -05:00] INFO  EDFDump Finish  (0) - ~~~~~~~~~~~~~~~~~~~~~~
[Nov 20 05:37:52 A -05:00] INFO  EDFDump Finish  (0) - ~~ Finished EDFDump ~
[Nov 20 05:37:52 A -05:00] INFO  EDFDump Finish  (0) - ~~~~~~~~~~~~~~~~~~~~~~
