[Dec 28 05:00:01 A -05:00] INFO  EDFDump Main    (0) - 
[Dec 28 05:00:01 A -05:00] INFO  EDFDump Main    (0) - 
[Dec 28 05:00:01 A -05:00] INFO  EDFDump Main    (0) - Running as User: repcalcs
[Dec 28 05:00:01 A -05:00] INFO  EDFDump Main    (0) - arg0: 1
[Dec 28 05:00:01 A -05:00] INFO  EDFDump Main    (0) - arg1: 2018-12-28 03:59:59
[Dec 28 05:00:01 A -05:00] INFO  EDFDump Main    (0) - arg2: edf
[Dec 28 05:00:01 A -05:00] INFO  EDFDump Main    (0) - arg3: True
[Dec 28 05:00:01 A -05:00] INFO  EDFDump LogParameters(0) - 
[Dec 28 05:00:01 A -05:00] INFO  EDFDump LogParameters(0) - **********************
[Dec 28 05:00:01 A -05:00] INFO  EDFDump LogParameters(0) - ** Starting EDFPrices **
[Dec 28 05:00:01 A -05:00] INFO  EDFDump LogParameters(0) - **********************
[Dec 28 05:00:01 A -05:00] INFO  EDFDump LogParameters(0) - ProcessThruDate 2018-12-28 03:59:59
[Dec 28 05:00:01 A -05:00] INFO  EDFDump LogParameters(0) - Current directory D:\CE\EDFDump
[Dec 28 05:00:01 A -05:00] INFO  EDFDumpData GetConfiguration(0) - Loaded 1 generic config values from db
[Dec 28 05:00:01 A -05:00] INFO  DirCleaner run     (0) - Deleting File .\EDFDump.log.2018-12-11.log
[Dec 28 05:00:01 A -05:00] INFO  DirCleaner run     (0) - Deleted 1 files in .
[Dec 28 05:00:01 A -05:00] INFO  EDFDump Init    (0) - Commit: True
[Dec 28 05:00:01 A -05:00] INFO  EDFDump Init    (0) - commitGlacier: True
[Dec 28 05:00:01 A -05:00] INFO  EDFDump Main    (0) - EdfPositionRun :False EdfShapedPositionsRun:False EdfPricesRun:True EdfM2MRun:False ShellM2MRun:False TownsquareM2MRun:False EscowareM2MRun:False
[Dec 28 05:00:01 A -05:00] INFO  EDFDump RunPrices(0) - ********************
[Dec 28 05:00:01 A -05:00] INFO  EDFDump RunPrices(0) - * Encompass Prices *
[Dec 28 05:00:01 A -05:00] INFO  EDFDump RunPrices(0) - ********************
[Dec 28 05:00:01 A -05:00] INFO  EDFDump DownloadPrices(0) - Looking for EDFTNA_Curves_2018-12-27 (Confidential).csv...
[Dec 28 05:00:03 A -05:00] INFO  EDFDump DownloadSecureFtpFile(0) - Success
[Dec 28 05:00:03 A -05:00] INFO  EDFDump DownloadPrices(0) - Done
[Dec 28 05:00:03 A -05:00] INFO  EDFDump DownloadPrices(0) - Scrubbing file (removing commas/quotes)...
[Dec 28 05:00:03 A -05:00] INFO  EDFDump DownloadPrices(0) - Done
[Dec 28 05:00:03 A -05:00] INFO  EDFDump TransferFileToDatabaseServer(0) - prices.csv transferred to the DB server
[Dec 28 05:00:03 A -05:00] INFO  EDFDump DownloadPrices(0) - Importing Encompass Prices into the database...
[Dec 28 05:00:34 A -05:00] INFO  EDFDump DownloadPrices(0) - Done
[Dec 28 05:00:34 A -05:00] INFO  EDFDump Finish  (0) - ~~~~~~~~~~~~~~~~~~~~~~
[Dec 28 05:00:34 A -05:00] INFO  EDFDump Finish  (0) - ~~ Finished EDFPrices ~
[Dec 28 05:00:34 A -05:00] INFO  EDFDump Finish  (0) - ~~~~~~~~~~~~~~~~~~~~~~
[Dec 28 05:30:01 A -05:00] INFO  EDFDump Main    (0) - 
[Dec 28 05:30:01 A -05:00] INFO  EDFDump Main    (0) - 
[Dec 28 05:30:01 A -05:00] INFO  EDFDump Main    (0) - Running as User: repcalcs
[Dec 28 05:30:01 A -05:00] INFO  EDFDump Main    (0) - arg0: 1
[Dec 28 05:30:01 A -05:00] INFO  EDFDump Main    (0) - arg1: 2018-12-28 03:59:59
[Dec 28 05:30:01 A -05:00] INFO  EDFDump Main    (0) - arg2: Edf
[Dec 28 05:30:01 A -05:00] INFO  EDFDump LogParameters(0) - 
[Dec 28 05:30:01 A -05:00] INFO  EDFDump LogParameters(0) - **********************
[Dec 28 05:30:01 A -05:00] INFO  EDFDump LogParameters(0) - ** Starting EDFDump **
[Dec 28 05:30:01 A -05:00] INFO  EDFDump LogParameters(0) - **********************
[Dec 28 05:30:01 A -05:00] INFO  EDFDump LogParameters(0) - ProcessThruDate 2018-12-28 03:59:59
[Dec 28 05:30:01 A -05:00] INFO  EDFDump LogParameters(0) - Current directory D:\CE\EdfDump
[Dec 28 05:30:01 A -05:00] INFO  EDFDumpData GetConfiguration(0) - Loaded 1 generic config values from db
[Dec 28 05:30:01 A -05:00] INFO  EDFDump Init    (0) - Commit: True
[Dec 28 05:30:01 A -05:00] INFO  EDFDump Init    (0) - commitGlacier: True
[Dec 28 05:30:01 A -05:00] INFO  EDFDump Main    (0) - EdfPositionRun :True EdfShapedPositionsRun:True EdfPricesRun:True EdfM2MRun:True ShellM2MRun:False TownsquareM2MRun:False EscowareM2MRun:False
[Dec 28 05:30:01 A -05:00] INFO  EDFDump RunPositions(0) - *****************************
[Dec 28 05:30:01 A -05:00] INFO  EDFDump RunPositions(0) - * Encompass 5 Day Hourly Positions *
[Dec 28 05:30:01 A -05:00] INFO  EDFDump RunPositions(0) - *****************************
[Dec 28 05:30:01 A -05:00] INFO  EDFDumpData LoadRepClientInfoRepId(0) - Loaded 7 Active REP Clients
[Dec 28 05:30:01 A -05:00] INFO  EDFDump DownloadPositions(0) - Looking for 5 Day Exposure Detail by Hour 12_27_2018.csv...
[Dec 28 05:30:28 A -05:00] INFO  EDFDump DownloadSecureFtpFile(0) - Success
[Dec 28 05:30:28 A -05:00] INFO  EDFDump DownloadPositions(0) - Done
[Dec 28 05:30:28 A -05:00] INFO  EDFDump DownloadPositions(0) - Scrubbing file (removing commas/quotes)...
[Dec 28 05:30:35 A -05:00] INFO  Util CsvToOtherDelimiter(0) - Removed 79,748 rows for inactive REPs: SGE Energy Sourcing LLC, AP Holdings LLC, AP&G Holdings LLC, Nordic Energy Services LLC, XOOM Energy LLC
[Dec 28 05:30:35 A -05:00] INFO  EDFDump DownloadPositions(0) - Done
[Dec 28 05:30:35 A -05:00] INFO  EDFDump TransferFileToDatabaseServer(0) - positions.csv transferred to the DB server
[Dec 28 05:30:35 A -05:00] INFO  EDFDump DownloadPositions(0) - Importing Encompass Positions into the database...
[Dec 28 05:31:21 A -05:00] INFO  EDFDump DownloadPositions(0) - Done
[Dec 28 05:31:21 A -05:00] INFO  EDFDump RunShapedPositions(0) - ******************************
[Dec 28 05:31:21 A -05:00] INFO  EDFDump RunShapedPositions(0) - * Encompass Shaped Positions *
[Dec 28 05:31:21 A -05:00] INFO  EDFDump RunShapedPositions(0) - ******************************
[Dec 28 05:31:21 A -05:00] INFO  EDFDump DownloadShapedPositions(0) - Looking for Exposure Detail 12 Months 12_27_2018.csv...
[Dec 28 05:31:47 A -05:00] INFO  EDFDump DownloadSecureFtpFile(0) - Success
[Dec 28 05:31:47 A -05:00] INFO  EDFDump DownloadShapedPositions(0) - Done
[Dec 28 05:31:47 A -05:00] INFO  EDFDump DownloadShapedPositions(0) - Scrubbing file (removing commas/quotes)...
[Dec 28 05:31:49 A -05:00] INFO  Util CsvToOtherDelimiter(0) - Removed 25,900 rows for inactive REPs: SGE Energy Sourcing LLC, AP Holdings LLC
[Dec 28 05:31:49 A -05:00] INFO  EDFDump DownloadShapedPositions(0) - Done
[Dec 28 05:31:49 A -05:00] INFO  EDFDump TransferFileToDatabaseServer(0) - shapedPositions.csv transferred to the DB server
[Dec 28 05:31:49 A -05:00] INFO  EDFDump DownloadShapedPositions(0) - Importing Encompass Shaped Positions...
[Dec 28 05:32:00 A -05:00] INFO  EDFDump DownloadShapedPositions(0) - Done. Rows affected : 0
[Dec 28 05:32:00 A -05:00] INFO  EDFDump RunPrices(0) - ********************
[Dec 28 05:32:00 A -05:00] INFO  EDFDump RunPrices(0) - * Encompass Prices *
[Dec 28 05:32:00 A -05:00] INFO  EDFDump RunPrices(0) - ********************
[Dec 28 05:32:00 A -05:00] INFO  EDFDump DownloadPrices(0) - Looking for EDFTNA_Curves_2018-12-27 (Confidential).csv...
[Dec 28 05:32:01 A -05:00] INFO  EDFDump DownloadSecureFtpFile(0) - Success
[Dec 28 05:32:01 A -05:00] INFO  EDFDump DownloadPrices(0) - Done
[Dec 28 05:32:01 A -05:00] INFO  EDFDump DownloadPrices(0) - Scrubbing file (removing commas/quotes)...
[Dec 28 05:32:02 A -05:00] INFO  EDFDump DownloadPrices(0) - Done
[Dec 28 05:32:02 A -05:00] INFO  EDFDump TransferFileToDatabaseServer(0) - prices.csv transferred to the DB server
[Dec 28 05:32:02 A -05:00] INFO  EDFDump DownloadPrices(0) - Importing Encompass Prices into the database...
[Dec 28 05:32:03 A -05:00] INFO  EDFDump DownloadPrices(0) - Done
[Dec 28 05:32:03 A -05:00] INFO  EDFDump RunM2MEdf(0) - *****************
[Dec 28 05:32:03 A -05:00] INFO  EDFDump RunM2MEdf(0) - * Encompass M2M *
[Dec 28 05:32:03 A -05:00] INFO  EDFDump RunM2MEdf(0) - *****************
[Dec 28 05:32:03 A -05:00] INFO  EDFDump set_FileNameSrc(0) - Using file 'Mark_to_Market_Detail_Dump_12_27_2018.zip'
[Dec 28 05:32:03 A -05:00] INFO  EDFDump ProcessEdfM2MFile(0) - Downloading for Mark_to_Market_Detail_Dump_12_27_2018.zip...
[Dec 28 05:32:49 A -05:00] INFO  EDFDump DownloadSecureFtpFile(0) - Success
[Dec 28 05:32:49 A -05:00] INFO  EDFDump ProcessEdfM2MFile(0) - Done
[Dec 28 05:32:49 A -05:00] INFO  EDFDump ProcessEdfM2MFile(0) - Unzipping Mark_to_Market_Detail_Dump_12_27_2018.zip...
[Dec 28 05:32:53 A -05:00] INFO  EDFDump ProcessEdfM2MFile(0) - Done
[Dec 28 05:32:53 A -05:00] INFO  EDFDump ProcessEdfM2MFile(0) - Scrubbing file (removing commas/quotes)...
[Dec 28 05:34:47 A -05:00] INFO  Util CsvToOtherDelimiter(0) - Removed 768,390 rows for inactive REPs: SGE Energy Sourcing, LLC, AP Holdings, LLC, Nordic Energy Services, LLC, XOOM Energy, LLC
[Dec 28 05:34:47 A -05:00] INFO  Util CsvToOtherDelimiter(0) - Found 203,512 rows of fees
[Dec 28 05:34:47 A -05:00] INFO  Util CsvToOtherDelimiter(0) - Removed 131,075 rows with zero quantities
[Dec 28 05:34:47 A -05:00] INFO  EDFDump ProcessEdfM2MFile(0) - Done
[Dec 28 05:34:48 A -05:00] INFO  EDFDump TransferFileToDatabaseServer(0) - m2m.csv transferred to the DB server
[Dec 28 05:34:51 A -05:00] INFO  EDFDump CompressAndMoveToNDrive(0) - Moving m2m-2018.12.28.zip to NDrive...
[Dec 28 05:34:51 A -05:00] INFO  EDFDump CompressAndMoveToNDrive(0) - Done
[Dec 28 05:34:51 A -05:00] INFO  EDFDump ProcessEdfM2MFile(0) - Importing Encompass data into the database...
[Dec 28 05:35:39 A -05:00] INFO  EDFDump ProcessEdfM2MFile(0) - Done
[Dec 28 05:35:39 A -05:00] INFO  EDFDump UploadToHistoricalDatabase(0) - Importing complete EDF supplier data into the Glacier historical database...
[Dec 28 05:40:30 A -05:00] INFO  EDFDump UploadToHistoricalDatabase(0) - Done
[Dec 28 05:40:33 A -05:00] INFO  EDFDumpData GetEscoSupplierMapping(0) - Loaded 21 esco supplier mappings
[Dec 28 05:40:35 A -05:00] INFO  EDFDumpData CreateNewDailyComplianceCertificate(0) - Creating Daily Cert for 6
[Dec 28 05:40:35 A -05:00] INFO  EDFDumpData CreateNewDailyComplianceCertificate(0) - Creating Daily Cert for 21
[Dec 28 05:40:35 A -05:00] INFO  EDFDumpData CreateNewDailyComplianceCertificate(0) - Creating Daily Cert for 41
[Dec 28 05:40:35 A -05:00] INFO  EDFDumpData CreateNewDailyComplianceCertificate(0) - Creating Daily Cert for 46
[Dec 28 05:40:35 A -05:00] INFO  EDFDumpData CreateNewDailyComplianceCertificate(0) - Creating Daily Cert for 66
[Dec 28 05:40:35 A -05:00] INFO  EDFDumpData CreateNewDailyComplianceCertificate(0) - Creating Daily Cert for 76
[Dec 28 05:40:35 A -05:00] INFO  EDFDumpData CreateNewDailyComplianceCertificate(0) - Creating Daily Cert for 85
[Dec 28 05:40:35 A -05:00] INFO  EDFDump RunDailyComplianceUpdate(0) - Running sp_clrRepDailyComplianceUpdate...
[Dec 28 05:40:36 A -05:00] INFO  EDFDump RunDailyComplianceUpdate(0) - Done
[Dec 28 05:40:36 A -05:00] INFO  EDFDumpData AddEdfHedges(0) - Deleted 0 rows from edfHedgeVolumes table for date: 12/28/2018 3:59:59 AM
[Dec 28 05:40:38 A -05:00] INFO  EDFDumpData AddEdfHedges(0) - Added 9768 rows to edfHedgeVolumes table for date: 12/28/2018 3:59:59 AM
[Dec 28 05:40:38 A -05:00] INFO  EDFDump Finish  (0) - ~~~~~~~~~~~~~~~~~~~~~~
[Dec 28 05:40:38 A -05:00] INFO  EDFDump Finish  (0) - ~~ Finished EDFDump ~
[Dec 28 05:40:38 A -05:00] INFO  EDFDump Finish  (0) - ~~~~~~~~~~~~~~~~~~~~~~
