[Nov 27 05:00:00 A -05:00] INFO  EDFDump Main    (0) - 
[Nov 27 05:00:00 A -05:00] INFO  EDFDump Main    (0) - 
[Nov 27 05:00:00 A -05:00] INFO  EDFDump Main    (0) - Running as User: repcalcs
[Nov 27 05:00:00 A -05:00] INFO  EDFDump Main    (0) - arg0: 1
[Nov 27 05:00:00 A -05:00] INFO  EDFDump Main    (0) - arg1: 2018-11-27 03:59:59
[Nov 27 05:00:00 A -05:00] INFO  EDFDump Main    (0) - arg2: edf
[Nov 27 05:00:00 A -05:00] INFO  EDFDump Main    (0) - arg3: True
[Nov 27 05:00:00 A -05:00] INFO  EDFDump LogParameters(0) - 
[Nov 27 05:00:00 A -05:00] INFO  EDFDump LogParameters(0) - **********************
[Nov 27 05:00:00 A -05:00] INFO  EDFDump LogParameters(0) - ** Starting EDFPrices **
[Nov 27 05:00:00 A -05:00] INFO  EDFDump LogParameters(0) - **********************
[Nov 27 05:00:00 A -05:00] INFO  EDFDump LogParameters(0) - ProcessThruDate 2018-11-27 03:59:59
[Nov 27 05:00:00 A -05:00] INFO  EDFDump LogParameters(0) - Current directory D:\CE\EDFDump
[Nov 27 05:00:00 A -05:00] INFO  EDFDumpData GetConfiguration(0) - Loaded 1 generic config values from db
[Nov 27 05:00:00 A -05:00] INFO  DirCleaner run     (0) - Deleting File .\EDFDump.log.2018-11-10.log
[Nov 27 05:00:00 A -05:00] INFO  DirCleaner run     (0) - Deleted 1 files in .
[Nov 27 05:00:00 A -05:00] INFO  EDFDump Init    (0) - Commit: True
[Nov 27 05:00:00 A -05:00] INFO  EDFDump Init    (0) - commitGlacier: True
[Nov 27 05:00:00 A -05:00] INFO  EDFDump Main    (0) - EdfPositionRun :False EdfShapedPositionsRun:False EdfPricesRun:True EdfM2MRun:False ShellM2MRun:False TownsquareM2MRun:False EscowareM2MRun:False
[Nov 27 05:00:00 A -05:00] INFO  EDFDump RunPrices(0) - ********************
[Nov 27 05:00:00 A -05:00] INFO  EDFDump RunPrices(0) - * Encompass Prices *
[Nov 27 05:00:00 A -05:00] INFO  EDFDump RunPrices(0) - ********************
[Nov 27 05:00:00 A -05:00] INFO  EDFDump DownloadPrices(0) - Looking for EDFTNA_Curves_2018-11-26 (Confidential).csv...
[Nov 27 05:00:04 A -05:00] INFO  EDFDump DownloadSecureFtpFile(0) - Success
[Nov 27 05:00:04 A -05:00] INFO  EDFDump DownloadPrices(0) - Done
[Nov 27 05:00:04 A -05:00] INFO  EDFDump DownloadPrices(0) - Scrubbing file (removing commas/quotes)...
[Nov 27 05:00:05 A -05:00] INFO  EDFDump DownloadPrices(0) - Done
[Nov 27 05:00:05 A -05:00] INFO  EDFDump TransferFileToDatabaseServer(0) - prices.csv transferred to the DB server
[Nov 27 05:00:05 A -05:00] INFO  EDFDump DownloadPrices(0) - Importing Encompass Prices into the database...
[Nov 27 05:00:35 A -05:00] INFO  EDFDump DownloadPrices(0) - Done
[Nov 27 05:00:35 A -05:00] INFO  EDFDump Finish  (0) - ~~~~~~~~~~~~~~~~~~~~~~
[Nov 27 05:00:35 A -05:00] INFO  EDFDump Finish  (0) - ~~ Finished EDFPrices ~
[Nov 27 05:00:35 A -05:00] INFO  EDFDump Finish  (0) - ~~~~~~~~~~~~~~~~~~~~~~
[Nov 27 05:30:00 A -05:00] INFO  EDFDump Main    (0) - 
[Nov 27 05:30:00 A -05:00] INFO  EDFDump Main    (0) - 
[Nov 27 05:30:00 A -05:00] INFO  EDFDump Main    (0) - Running as User: repcalcs
[Nov 27 05:30:00 A -05:00] INFO  EDFDump Main    (0) - arg0: 1
[Nov 27 05:30:00 A -05:00] INFO  EDFDump Main    (0) - arg1: 2018-11-27 03:59:59
[Nov 27 05:30:00 A -05:00] INFO  EDFDump Main    (0) - arg2: Edf
[Nov 27 05:30:00 A -05:00] INFO  EDFDump LogParameters(0) - 
[Nov 27 05:30:00 A -05:00] INFO  EDFDump LogParameters(0) - **********************
[Nov 27 05:30:00 A -05:00] INFO  EDFDump LogParameters(0) - ** Starting EDFDump **
[Nov 27 05:30:00 A -05:00] INFO  EDFDump LogParameters(0) - **********************
[Nov 27 05:30:00 A -05:00] INFO  EDFDump LogParameters(0) - ProcessThruDate 2018-11-27 03:59:59
[Nov 27 05:30:00 A -05:00] INFO  EDFDump LogParameters(0) - Current directory D:\CE\EdfDump
[Nov 27 05:30:00 A -05:00] INFO  EDFDumpData GetConfiguration(0) - Loaded 1 generic config values from db
[Nov 27 05:30:00 A -05:00] INFO  EDFDump Init    (0) - Commit: True
[Nov 27 05:30:00 A -05:00] INFO  EDFDump Init    (0) - commitGlacier: True
[Nov 27 05:30:00 A -05:00] INFO  EDFDump Main    (0) - EdfPositionRun :True EdfShapedPositionsRun:True EdfPricesRun:True EdfM2MRun:True ShellM2MRun:False TownsquareM2MRun:False EscowareM2MRun:False
[Nov 27 05:30:00 A -05:00] INFO  EDFDump RunPositions(0) - *****************************
[Nov 27 05:30:00 A -05:00] INFO  EDFDump RunPositions(0) - * Encompass 5 Day Hourly Positions *
[Nov 27 05:30:00 A -05:00] INFO  EDFDump RunPositions(0) - *****************************
[Nov 27 05:30:00 A -05:00] INFO  EDFDumpData LoadRepClientInfoRepId(0) - Loaded 7 Active REP Clients
[Nov 27 05:30:00 A -05:00] INFO  EDFDump DownloadPositions(0) - Looking for 5 Day Exposure Detail by Hour 11_26_2018.csv...
[Nov 27 05:30:54 A -05:00] INFO  EDFDump DownloadSecureFtpFile(0) - Success
[Nov 27 05:30:54 A -05:00] INFO  EDFDump DownloadPositions(0) - Done
[Nov 27 05:30:54 A -05:00] INFO  EDFDump DownloadPositions(0) - Scrubbing file (removing commas/quotes)...
[Nov 27 05:31:01 A -05:00] INFO  Util CsvToOtherDelimiter(0) - Removed 77,314 rows for inactive REPs: SGE Energy Sourcing LLC, AP Holdings LLC, AP&G Holdings LLC, Nordic Energy Services LLC, XOOM Energy LLC
[Nov 27 05:31:01 A -05:00] INFO  EDFDump DownloadPositions(0) - Done
[Nov 27 05:31:01 A -05:00] INFO  EDFDump TransferFileToDatabaseServer(0) - positions.csv transferred to the DB server
[Nov 27 05:31:01 A -05:00] INFO  EDFDump DownloadPositions(0) - Importing Encompass Positions into the database...
[Nov 27 05:31:47 A -05:00] INFO  EDFDump DownloadPositions(0) - Done
[Nov 27 05:31:47 A -05:00] INFO  EDFDump RunShapedPositions(0) - ******************************
[Nov 27 05:31:47 A -05:00] INFO  EDFDump RunShapedPositions(0) - * Encompass Shaped Positions *
[Nov 27 05:31:47 A -05:00] INFO  EDFDump RunShapedPositions(0) - ******************************
[Nov 27 05:31:47 A -05:00] INFO  EDFDump DownloadShapedPositions(0) - Looking for Exposure Detail 12 Months 11_26_2018.csv...
[Nov 27 05:32:06 A -05:00] INFO  EDFDump DownloadSecureFtpFile(0) - Success
[Nov 27 05:32:06 A -05:00] INFO  EDFDump DownloadShapedPositions(0) - Done
[Nov 27 05:32:06 A -05:00] INFO  EDFDump DownloadShapedPositions(0) - Scrubbing file (removing commas/quotes)...
[Nov 27 05:32:07 A -05:00] INFO  Util CsvToOtherDelimiter(0) - Removed 24,546 rows for inactive REPs: SGE Energy Sourcing LLC, AP Holdings LLC
[Nov 27 05:32:07 A -05:00] INFO  EDFDump DownloadShapedPositions(0) - Done
[Nov 27 05:32:07 A -05:00] INFO  EDFDump TransferFileToDatabaseServer(0) - shapedPositions.csv transferred to the DB server
[Nov 27 05:32:07 A -05:00] INFO  EDFDump DownloadShapedPositions(0) - Importing Encompass Shaped Positions...
[Nov 27 05:32:18 A -05:00] INFO  EDFDump DownloadShapedPositions(0) - Done. Rows affected : 0
[Nov 27 05:32:18 A -05:00] INFO  EDFDump RunPrices(0) - ********************
[Nov 27 05:32:18 A -05:00] INFO  EDFDump RunPrices(0) - * Encompass Prices *
[Nov 27 05:32:18 A -05:00] INFO  EDFDump RunPrices(0) - ********************
[Nov 27 05:32:18 A -05:00] INFO  EDFDump DownloadPrices(0) - Looking for EDFTNA_Curves_2018-11-26 (Confidential).csv...
[Nov 27 05:32:19 A -05:00] INFO  EDFDump DownloadSecureFtpFile(0) - Success
[Nov 27 05:32:19 A -05:00] INFO  EDFDump DownloadPrices(0) - Done
[Nov 27 05:32:19 A -05:00] INFO  EDFDump DownloadPrices(0) - Scrubbing file (removing commas/quotes)...
[Nov 27 05:32:20 A -05:00] INFO  EDFDump DownloadPrices(0) - Done
[Nov 27 05:32:20 A -05:00] INFO  EDFDump TransferFileToDatabaseServer(0) - prices.csv transferred to the DB server
[Nov 27 05:32:20 A -05:00] INFO  EDFDump DownloadPrices(0) - Importing Encompass Prices into the database...
[Nov 27 05:32:21 A -05:00] INFO  EDFDump DownloadPrices(0) - Done
[Nov 27 05:32:21 A -05:00] INFO  EDFDump RunM2MEdf(0) - *****************
[Nov 27 05:32:21 A -05:00] INFO  EDFDump RunM2MEdf(0) - * Encompass M2M *
[Nov 27 05:32:21 A -05:00] INFO  EDFDump RunM2MEdf(0) - *****************
[Nov 27 05:32:21 A -05:00] INFO  EDFDump set_FileNameSrc(0) - Using file 'Mark_to_Market_Detail_Dump_11_26_2018.zip'
[Nov 27 05:32:21 A -05:00] INFO  EDFDump ProcessEdfM2MFile(0) - Downloading for Mark_to_Market_Detail_Dump_11_26_2018.zip...
[Nov 27 05:32:43 A -05:00] INFO  EDFDump DownloadSecureFtpFile(0) - Success
[Nov 27 05:32:43 A -05:00] INFO  EDFDump ProcessEdfM2MFile(0) - Done
[Nov 27 05:32:43 A -05:00] INFO  EDFDump ProcessEdfM2MFile(0) - Unzipping Mark_to_Market_Detail_Dump_11_26_2018.zip...
[Nov 27 05:32:47 A -05:00] INFO  EDFDump ProcessEdfM2MFile(0) - Done
[Nov 27 05:32:48 A -05:00] INFO  EDFDump ProcessEdfM2MFile(0) - Scrubbing file (removing commas/quotes)...
[Nov 27 05:34:36 A -05:00] INFO  Util CsvToOtherDelimiter(0) - Removed 773,212 rows for inactive REPs: SGE Energy Sourcing, LLC, AP Holdings, LLC, Nordic Energy Services, LLC, XOOM Energy, LLC
[Nov 27 05:34:36 A -05:00] INFO  Util CsvToOtherDelimiter(0) - Found 201,877 rows of fees
[Nov 27 05:34:36 A -05:00] INFO  Util CsvToOtherDelimiter(0) - Removed 154,777 rows with zero quantities
[Nov 27 05:34:36 A -05:00] INFO  EDFDump ProcessEdfM2MFile(0) - Done
[Nov 27 05:34:36 A -05:00] INFO  EDFDump TransferFileToDatabaseServer(0) - m2m.csv transferred to the DB server
[Nov 27 05:34:38 A -05:00] INFO  EDFDump CompressAndMoveToNDrive(0) - Moving m2m-2018.11.27.zip to NDrive...
[Nov 27 05:34:38 A -05:00] INFO  EDFDump CompressAndMoveToNDrive(0) - Done
[Nov 27 05:34:38 A -05:00] INFO  EDFDump ProcessEdfM2MFile(0) - Importing Encompass data into the database...
[Nov 27 05:34:52 A -05:00] INFO  EDFDump ProcessEdfM2MFile(0) - Done
[Nov 27 05:34:52 A -05:00] INFO  EDFDump UploadToHistoricalDatabase(0) - Importing complete EDF supplier data into the Glacier historical database...
[Nov 27 05:40:06 A -05:00] INFO  EDFDump UploadToHistoricalDatabase(0) - Done
[Nov 27 05:40:08 A -05:00] INFO  EDFDumpData GetEscoSupplierMapping(0) - Loaded 21 esco supplier mappings
[Nov 27 05:40:10 A -05:00] INFO  EDFDumpData CreateNewDailyComplianceCertificate(0) - Creating Daily Cert for 6
[Nov 27 05:40:10 A -05:00] INFO  EDFDumpData CreateNewDailyComplianceCertificate(0) - Creating Daily Cert for 21
[Nov 27 05:40:10 A -05:00] INFO  EDFDumpData CreateNewDailyComplianceCertificate(0) - Creating Daily Cert for 41
[Nov 27 05:40:10 A -05:00] INFO  EDFDumpData CreateNewDailyComplianceCertificate(0) - Creating Daily Cert for 46
[Nov 27 05:40:10 A -05:00] INFO  EDFDumpData CreateNewDailyComplianceCertificate(0) - Creating Daily Cert for 66
[Nov 27 05:40:10 A -05:00] INFO  EDFDumpData CreateNewDailyComplianceCertificate(0) - Creating Daily Cert for 76
[Nov 27 05:40:10 A -05:00] INFO  EDFDumpData CreateNewDailyComplianceCertificate(0) - Creating Daily Cert for 85
[Nov 27 05:40:10 A -05:00] INFO  EDFDump RunDailyComplianceUpdate(0) - Running sp_clrRepDailyComplianceUpdate...
[Nov 27 05:40:10 A -05:00] INFO  EDFDump RunDailyComplianceUpdate(0) - Done
[Nov 27 05:40:10 A -05:00] INFO  EDFDumpData AddEdfHedges(0) - Deleted 0 rows from edfHedgeVolumes table for date: 11/27/2018 3:59:59 AM
[Nov 27 05:40:11 A -05:00] INFO  EDFDumpData AddEdfHedges(0) - Added 5920 rows to edfHedgeVolumes table for date: 11/27/2018 3:59:59 AM
[Nov 27 05:40:11 A -05:00] INFO  EDFDump Finish  (0) - ~~~~~~~~~~~~~~~~~~~~~~
[Nov 27 05:40:11 A -05:00] INFO  EDFDump Finish  (0) - ~~ Finished EDFDump ~
[Nov 27 05:40:11 A -05:00] INFO  EDFDump Finish  (0) - ~~~~~~~~~~~~~~~~~~~~~~
