[Nov 28 05:00:01 A -05:00] INFO  EDFDump Main    (0) - 
[Nov 28 05:00:01 A -05:00] INFO  EDFDump Main    (0) - 
[Nov 28 05:00:01 A -05:00] INFO  EDFDump Main    (0) - Running as User: repcalcs
[Nov 28 05:00:01 A -05:00] INFO  EDFDump Main    (0) - arg0: 1
[Nov 28 05:00:01 A -05:00] INFO  EDFDump Main    (0) - arg1: 2018-11-28 03:59:59
[Nov 28 05:00:01 A -05:00] INFO  EDFDump Main    (0) - arg2: edf
[Nov 28 05:00:01 A -05:00] INFO  EDFDump Main    (0) - arg3: True
[Nov 28 05:00:01 A -05:00] INFO  EDFDump LogParameters(0) - 
[Nov 28 05:00:01 A -05:00] INFO  EDFDump LogParameters(0) - **********************
[Nov 28 05:00:01 A -05:00] INFO  EDFDump LogParameters(0) - ** Starting EDFPrices **
[Nov 28 05:00:01 A -05:00] INFO  EDFDump LogParameters(0) - **********************
[Nov 28 05:00:01 A -05:00] INFO  EDFDump LogParameters(0) - ProcessThruDate 2018-11-28 03:59:59
[Nov 28 05:00:01 A -05:00] INFO  EDFDump LogParameters(0) - Current directory D:\CE\EDFDump
[Nov 28 05:00:01 A -05:00] INFO  EDFDumpData GetConfiguration(0) - Loaded 1 generic config values from db
[Nov 28 05:00:01 A -05:00] INFO  DirCleaner run     (0) - Deleting File .\EDFDump.log.2018-11-11.log
[Nov 28 05:00:01 A -05:00] INFO  DirCleaner run     (0) - Deleted 1 files in .
[Nov 28 05:00:01 A -05:00] INFO  EDFDump Init    (0) - Commit: True
[Nov 28 05:00:01 A -05:00] INFO  EDFDump Init    (0) - commitGlacier: True
[Nov 28 05:00:01 A -05:00] INFO  EDFDump Main    (0) - EdfPositionRun :False EdfShapedPositionsRun:False EdfPricesRun:True EdfM2MRun:False ShellM2MRun:False TownsquareM2MRun:False EscowareM2MRun:False
[Nov 28 05:00:01 A -05:00] INFO  EDFDump RunPrices(0) - ********************
[Nov 28 05:00:01 A -05:00] INFO  EDFDump RunPrices(0) - * Encompass Prices *
[Nov 28 05:00:01 A -05:00] INFO  EDFDump RunPrices(0) - ********************
[Nov 28 05:00:01 A -05:00] INFO  EDFDump DownloadPrices(0) - Looking for EDFTNA_Curves_2018-11-27 (Confidential).csv...
[Nov 28 05:00:02 A -05:00] INFO  EDFDump DownloadSecureFtpFile(0) - Success
[Nov 28 05:00:02 A -05:00] INFO  EDFDump DownloadPrices(0) - Done
[Nov 28 05:00:02 A -05:00] INFO  EDFDump DownloadPrices(0) - Scrubbing file (removing commas/quotes)...
[Nov 28 05:00:03 A -05:00] INFO  EDFDump DownloadPrices(0) - Done
[Nov 28 05:00:03 A -05:00] INFO  EDFDump TransferFileToDatabaseServer(0) - prices.csv transferred to the DB server
[Nov 28 05:00:03 A -05:00] INFO  EDFDump DownloadPrices(0) - Importing Encompass Prices into the database...
[Nov 28 05:00:33 A -05:00] INFO  EDFDump DownloadPrices(0) - Done
[Nov 28 05:00:33 A -05:00] INFO  EDFDump Finish  (0) - ~~~~~~~~~~~~~~~~~~~~~~
[Nov 28 05:00:33 A -05:00] INFO  EDFDump Finish  (0) - ~~ Finished EDFPrices ~
[Nov 28 05:00:33 A -05:00] INFO  EDFDump Finish  (0) - ~~~~~~~~~~~~~~~~~~~~~~
[Nov 28 05:30:00 A -05:00] INFO  EDFDump Main    (0) - 
[Nov 28 05:30:00 A -05:00] INFO  EDFDump Main    (0) - 
[Nov 28 05:30:00 A -05:00] INFO  EDFDump Main    (0) - Running as User: repcalcs
[Nov 28 05:30:00 A -05:00] INFO  EDFDump Main    (0) - arg0: 1
[Nov 28 05:30:00 A -05:00] INFO  EDFDump Main    (0) - arg1: 2018-11-28 03:59:59
[Nov 28 05:30:00 A -05:00] INFO  EDFDump Main    (0) - arg2: Edf
[Nov 28 05:30:00 A -05:00] INFO  EDFDump LogParameters(0) - 
[Nov 28 05:30:00 A -05:00] INFO  EDFDump LogParameters(0) - **********************
[Nov 28 05:30:00 A -05:00] INFO  EDFDump LogParameters(0) - ** Starting EDFDump **
[Nov 28 05:30:00 A -05:00] INFO  EDFDump LogParameters(0) - **********************
[Nov 28 05:30:00 A -05:00] INFO  EDFDump LogParameters(0) - ProcessThruDate 2018-11-28 03:59:59
[Nov 28 05:30:00 A -05:00] INFO  EDFDump LogParameters(0) - Current directory D:\CE\EdfDump
[Nov 28 05:30:00 A -05:00] INFO  EDFDumpData GetConfiguration(0) - Loaded 1 generic config values from db
[Nov 28 05:30:00 A -05:00] INFO  EDFDump Init    (0) - Commit: True
[Nov 28 05:30:00 A -05:00] INFO  EDFDump Init    (0) - commitGlacier: True
[Nov 28 05:30:00 A -05:00] INFO  EDFDump Main    (0) - EdfPositionRun :True EdfShapedPositionsRun:True EdfPricesRun:True EdfM2MRun:True ShellM2MRun:False TownsquareM2MRun:False EscowareM2MRun:False
[Nov 28 05:30:00 A -05:00] INFO  EDFDump RunPositions(0) - *****************************
[Nov 28 05:30:00 A -05:00] INFO  EDFDump RunPositions(0) - * Encompass 5 Day Hourly Positions *
[Nov 28 05:30:00 A -05:00] INFO  EDFDump RunPositions(0) - *****************************
[Nov 28 05:30:00 A -05:00] INFO  EDFDumpData LoadRepClientInfoRepId(0) - Loaded 7 Active REP Clients
[Nov 28 05:30:00 A -05:00] INFO  EDFDump DownloadPositions(0) - Looking for 5 Day Exposure Detail by Hour 11_27_2018.csv...
[Nov 28 05:30:24 A -05:00] INFO  EDFDump DownloadSecureFtpFile(0) - Success
[Nov 28 05:30:24 A -05:00] INFO  EDFDump DownloadPositions(0) - Done
[Nov 28 05:30:24 A -05:00] INFO  EDFDump DownloadPositions(0) - Scrubbing file (removing commas/quotes)...
[Nov 28 05:30:31 A -05:00] INFO  Util CsvToOtherDelimiter(0) - Removed 77,454 rows for inactive REPs: SGE Energy Sourcing LLC, AP Holdings LLC, AP&G Holdings LLC, Nordic Energy Services LLC, XOOM Energy LLC
[Nov 28 05:30:31 A -05:00] INFO  EDFDump DownloadPositions(0) - Done
[Nov 28 05:30:31 A -05:00] INFO  EDFDump TransferFileToDatabaseServer(0) - positions.csv transferred to the DB server
[Nov 28 05:30:31 A -05:00] INFO  EDFDump DownloadPositions(0) - Importing Encompass Positions into the database...
[Nov 28 05:31:17 A -05:00] INFO  EDFDump DownloadPositions(0) - Done
[Nov 28 05:31:17 A -05:00] INFO  EDFDump RunShapedPositions(0) - ******************************
[Nov 28 05:31:17 A -05:00] INFO  EDFDump RunShapedPositions(0) - * Encompass Shaped Positions *
[Nov 28 05:31:17 A -05:00] INFO  EDFDump RunShapedPositions(0) - ******************************
[Nov 28 05:31:17 A -05:00] INFO  EDFDump DownloadShapedPositions(0) - Looking for Exposure Detail 12 Months 11_27_2018.csv...
[Nov 28 05:31:23 A -05:00] INFO  EDFDump DownloadSecureFtpFile(0) - Success
[Nov 28 05:31:23 A -05:00] INFO  EDFDump DownloadShapedPositions(0) - Done
[Nov 28 05:31:23 A -05:00] INFO  EDFDump DownloadShapedPositions(0) - Scrubbing file (removing commas/quotes)...
[Nov 28 05:31:25 A -05:00] INFO  Util CsvToOtherDelimiter(0) - Removed 24,525 rows for inactive REPs: SGE Energy Sourcing LLC, AP Holdings LLC
[Nov 28 05:31:25 A -05:00] INFO  EDFDump DownloadShapedPositions(0) - Done
[Nov 28 05:31:25 A -05:00] INFO  EDFDump TransferFileToDatabaseServer(0) - shapedPositions.csv transferred to the DB server
[Nov 28 05:31:25 A -05:00] INFO  EDFDump DownloadShapedPositions(0) - Importing Encompass Shaped Positions...
[Nov 28 05:31:35 A -05:00] INFO  EDFDump DownloadShapedPositions(0) - Done. Rows affected : 0
[Nov 28 05:31:35 A -05:00] INFO  EDFDump RunPrices(0) - ********************
[Nov 28 05:31:35 A -05:00] INFO  EDFDump RunPrices(0) - * Encompass Prices *
[Nov 28 05:31:35 A -05:00] INFO  EDFDump RunPrices(0) - ********************
[Nov 28 05:31:35 A -05:00] INFO  EDFDump DownloadPrices(0) - Looking for EDFTNA_Curves_2018-11-27 (Confidential).csv...
[Nov 28 05:31:37 A -05:00] INFO  EDFDump DownloadSecureFtpFile(0) - Success
[Nov 28 05:31:37 A -05:00] INFO  EDFDump DownloadPrices(0) - Done
[Nov 28 05:31:37 A -05:00] INFO  EDFDump DownloadPrices(0) - Scrubbing file (removing commas/quotes)...
[Nov 28 05:31:37 A -05:00] INFO  EDFDump DownloadPrices(0) - Done
[Nov 28 05:31:37 A -05:00] INFO  EDFDump TransferFileToDatabaseServer(0) - prices.csv transferred to the DB server
[Nov 28 05:31:37 A -05:00] INFO  EDFDump DownloadPrices(0) - Importing Encompass Prices into the database...
[Nov 28 05:31:39 A -05:00] INFO  EDFDump DownloadPrices(0) - Done
[Nov 28 05:31:39 A -05:00] INFO  EDFDump RunM2MEdf(0) - *****************
[Nov 28 05:31:39 A -05:00] INFO  EDFDump RunM2MEdf(0) - * Encompass M2M *
[Nov 28 05:31:39 A -05:00] INFO  EDFDump RunM2MEdf(0) - *****************
[Nov 28 05:31:39 A -05:00] INFO  EDFDump set_FileNameSrc(0) - Using file 'Mark_to_Market_Detail_Dump_11_27_2018.zip'
[Nov 28 05:31:39 A -05:00] INFO  EDFDump ProcessEdfM2MFile(0) - Downloading for Mark_to_Market_Detail_Dump_11_27_2018.zip...
[Nov 28 05:31:46 A -05:00] INFO  EDFDump DownloadSecureFtpFile(0) - Success
[Nov 28 05:31:46 A -05:00] INFO  EDFDump ProcessEdfM2MFile(0) - Done
[Nov 28 05:31:46 A -05:00] INFO  EDFDump ProcessEdfM2MFile(0) - Unzipping Mark_to_Market_Detail_Dump_11_27_2018.zip...
[Nov 28 05:31:51 A -05:00] INFO  EDFDump ProcessEdfM2MFile(0) - Done
[Nov 28 05:31:51 A -05:00] INFO  EDFDump ProcessEdfM2MFile(0) - Scrubbing file (removing commas/quotes)...
[Nov 28 05:33:40 A -05:00] INFO  Util CsvToOtherDelimiter(0) - Removed 773,791 rows for inactive REPs: SGE Energy Sourcing, LLC, AP Holdings, LLC, Nordic Energy Services, LLC, XOOM Energy, LLC
[Nov 28 05:33:40 A -05:00] INFO  Util CsvToOtherDelimiter(0) - Found 201,877 rows of fees
[Nov 28 05:33:40 A -05:00] INFO  Util CsvToOtherDelimiter(0) - Removed 153,817 rows with zero quantities
[Nov 28 05:33:40 A -05:00] INFO  EDFDump ProcessEdfM2MFile(0) - Done
[Nov 28 05:33:40 A -05:00] INFO  EDFDump TransferFileToDatabaseServer(0) - m2m.csv transferred to the DB server
[Nov 28 05:33:42 A -05:00] INFO  EDFDump CompressAndMoveToNDrive(0) - Moving m2m-2018.11.28.zip to NDrive...
[Nov 28 05:33:42 A -05:00] INFO  EDFDump CompressAndMoveToNDrive(0) - Done
[Nov 28 05:33:42 A -05:00] INFO  EDFDump ProcessEdfM2MFile(0) - Importing Encompass data into the database...
[Nov 28 05:33:56 A -05:00] INFO  EDFDump ProcessEdfM2MFile(0) - Done
[Nov 28 05:33:56 A -05:00] INFO  EDFDump UploadToHistoricalDatabase(0) - Importing complete EDF supplier data into the Glacier historical database...
[Nov 28 05:39:13 A -05:00] INFO  EDFDump UploadToHistoricalDatabase(0) - Done
[Nov 28 05:39:15 A -05:00] INFO  EDFDumpData GetEscoSupplierMapping(0) - Loaded 21 esco supplier mappings
[Nov 28 05:39:16 A -05:00] INFO  EDFDumpData CreateNewDailyComplianceCertificate(0) - Creating Daily Cert for 6
[Nov 28 05:39:16 A -05:00] INFO  EDFDumpData CreateNewDailyComplianceCertificate(0) - Creating Daily Cert for 21
[Nov 28 05:39:16 A -05:00] INFO  EDFDumpData CreateNewDailyComplianceCertificate(0) - Creating Daily Cert for 41
[Nov 28 05:39:16 A -05:00] INFO  EDFDumpData CreateNewDailyComplianceCertificate(0) - Creating Daily Cert for 46
[Nov 28 05:39:16 A -05:00] INFO  EDFDumpData CreateNewDailyComplianceCertificate(0) - Creating Daily Cert for 66
[Nov 28 05:39:16 A -05:00] INFO  EDFDumpData CreateNewDailyComplianceCertificate(0) - Creating Daily Cert for 76
[Nov 28 05:39:16 A -05:00] INFO  EDFDumpData CreateNewDailyComplianceCertificate(0) - Creating Daily Cert for 85
[Nov 28 05:39:16 A -05:00] INFO  EDFDump RunDailyComplianceUpdate(0) - Running sp_clrRepDailyComplianceUpdate...
[Nov 28 05:39:16 A -05:00] INFO  EDFDump RunDailyComplianceUpdate(0) - Done
[Nov 28 05:39:16 A -05:00] INFO  EDFDumpData AddEdfHedges(0) - Deleted 0 rows from edfHedgeVolumes table for date: 11/28/2018 3:59:59 AM
[Nov 28 05:39:17 A -05:00] INFO  EDFDumpData AddEdfHedges(0) - Added 5992 rows to edfHedgeVolumes table for date: 11/28/2018 3:59:59 AM
[Nov 28 05:39:17 A -05:00] INFO  EDFDump Finish  (0) - ~~~~~~~~~~~~~~~~~~~~~~
[Nov 28 05:39:17 A -05:00] INFO  EDFDump Finish  (0) - ~~ Finished EDFDump ~
[Nov 28 05:39:17 A -05:00] INFO  EDFDump Finish  (0) - ~~~~~~~~~~~~~~~~~~~~~~
