[Dec 03 05:00:01 A -05:00] INFO  EDFDump Main    (0) - 
[Dec 03 05:00:01 A -05:00] INFO  EDFDump Main    (0) - 
[Dec 03 05:00:01 A -05:00] INFO  EDFDump Main    (0) - Running as User: repcalcs
[Dec 03 05:00:01 A -05:00] INFO  EDFDump Main    (0) - arg0: 1
[Dec 03 05:00:01 A -05:00] INFO  EDFDump Main    (0) - arg1: 2018-12-03 03:59:59
[Dec 03 05:00:01 A -05:00] INFO  EDFDump Main    (0) - arg2: edf
[Dec 03 05:00:01 A -05:00] INFO  EDFDump Main    (0) - arg3: True
[Dec 03 05:00:01 A -05:00] INFO  EDFDump LogParameters(0) - 
[Dec 03 05:00:01 A -05:00] INFO  EDFDump LogParameters(0) - **********************
[Dec 03 05:00:01 A -05:00] INFO  EDFDump LogParameters(0) - ** Starting EDFPrices **
[Dec 03 05:00:01 A -05:00] INFO  EDFDump LogParameters(0) - **********************
[Dec 03 05:00:01 A -05:00] INFO  EDFDump LogParameters(0) - ProcessThruDate 2018-12-03 03:59:59
[Dec 03 05:00:01 A -05:00] INFO  EDFDump LogParameters(0) - Current directory D:\CE\EDFDump
[Dec 03 05:00:01 A -05:00] INFO  EDFDumpData GetConfiguration(0) - Loaded 1 generic config values from db
[Dec 03 05:00:01 A -05:00] INFO  DirCleaner run     (0) - Deleting File .\EDFDump.log.2018-11-16.log
[Dec 03 05:00:01 A -05:00] INFO  DirCleaner run     (0) - Deleted 1 files in .
[Dec 03 05:00:01 A -05:00] INFO  EDFDump Init    (0) - Commit: True
[Dec 03 05:00:01 A -05:00] INFO  EDFDump Init    (0) - commitGlacier: True
[Dec 03 05:00:01 A -05:00] INFO  EDFDump Main    (0) - EdfPositionRun :False EdfShapedPositionsRun:False EdfPricesRun:True EdfM2MRun:False ShellM2MRun:False TownsquareM2MRun:False EscowareM2MRun:False
[Dec 03 05:00:01 A -05:00] INFO  EDFDump RunPrices(0) - ********************
[Dec 03 05:00:01 A -05:00] INFO  EDFDump RunPrices(0) - * Encompass Prices *
[Dec 03 05:00:01 A -05:00] INFO  EDFDump RunPrices(0) - ********************
[Dec 03 05:00:01 A -05:00] INFO  EDFDump DownloadPrices(0) - Looking for EDFTNA_Curves_2018-12-02 (Confidential).csv...
[Dec 03 05:00:02 A -05:00] ERROR EDFDump DownloadSecureFtpFile(0) - Unable to download EDFTNA_Curves_2018-12-02 (Confidential).csv, aborting...
[Dec 03 05:00:02 A -05:00] INFO  EDFDump set_FileNameSrc(0) - Using file 'EDFTNA_Curves_2018-12-01 (Confidential).csv'
[Dec 03 05:00:02 A -05:00] INFO  EDFDump DownloadPrices(0) - Looking for EDFTNA_Curves_2018-12-01 (Confidential).csv...
[Dec 03 05:00:03 A -05:00] ERROR EDFDump DownloadSecureFtpFile(0) - Unable to download EDFTNA_Curves_2018-12-01 (Confidential).csv, aborting...
[Dec 03 05:00:03 A -05:00] INFO  EDFDump set_FileNameSrc(0) - Using file 'EDFTNA_Curves_2018-11-30 (Confidential).csv'
[Dec 03 05:00:03 A -05:00] INFO  EDFDump DownloadPrices(0) - Looking for EDFTNA_Curves_2018-11-30 (Confidential).csv...
[Dec 03 05:00:04 A -05:00] INFO  EDFDump DownloadSecureFtpFile(0) - Success
[Dec 03 05:00:04 A -05:00] INFO  EDFDump DownloadPrices(0) - Done
[Dec 03 05:00:04 A -05:00] INFO  EDFDump DownloadPrices(0) - Scrubbing file (removing commas/quotes)...
[Dec 03 05:00:04 A -05:00] INFO  EDFDump DownloadPrices(0) - Done
[Dec 03 05:00:04 A -05:00] INFO  EDFDump TransferFileToDatabaseServer(0) - prices.csv transferred to the DB server
[Dec 03 05:00:04 A -05:00] INFO  EDFDump DownloadPrices(0) - Importing Encompass Prices into the database...
[Dec 03 05:00:06 A -05:00] INFO  EDFDump DownloadPrices(0) - Done
[Dec 03 05:00:06 A -05:00] INFO  EDFDump Finish  (0) - ~~~~~~~~~~~~~~~~~~~~~~
[Dec 03 05:00:06 A -05:00] INFO  EDFDump Finish  (0) - ~~ Finished EDFPrices ~
[Dec 03 05:00:06 A -05:00] INFO  EDFDump Finish  (0) - ~~~~~~~~~~~~~~~~~~~~~~
[Dec 03 05:30:00 A -05:00] INFO  EDFDump Main    (0) - 
[Dec 03 05:30:00 A -05:00] INFO  EDFDump Main    (0) - 
[Dec 03 05:30:00 A -05:00] INFO  EDFDump Main    (0) - Running as User: repcalcs
[Dec 03 05:30:00 A -05:00] INFO  EDFDump Main    (0) - arg0: 1
[Dec 03 05:30:00 A -05:00] INFO  EDFDump Main    (0) - arg1: 2018-12-03 03:59:59
[Dec 03 05:30:00 A -05:00] INFO  EDFDump Main    (0) - arg2: Edf
[Dec 03 05:30:00 A -05:00] INFO  EDFDump LogParameters(0) - 
[Dec 03 05:30:00 A -05:00] INFO  EDFDump LogParameters(0) - **********************
[Dec 03 05:30:00 A -05:00] INFO  EDFDump LogParameters(0) - ** Starting EDFDump **
[Dec 03 05:30:00 A -05:00] INFO  EDFDump LogParameters(0) - **********************
[Dec 03 05:30:00 A -05:00] INFO  EDFDump LogParameters(0) - ProcessThruDate 2018-12-03 03:59:59
[Dec 03 05:30:00 A -05:00] INFO  EDFDump LogParameters(0) - Current directory D:\CE\EdfDump
[Dec 03 05:30:00 A -05:00] INFO  EDFDumpData GetConfiguration(0) - Loaded 1 generic config values from db
[Dec 03 05:30:00 A -05:00] INFO  EDFDump Init    (0) - Commit: True
[Dec 03 05:30:00 A -05:00] INFO  EDFDump Init    (0) - commitGlacier: True
[Dec 03 05:30:00 A -05:00] INFO  EDFDump Main    (0) - EdfPositionRun :True EdfShapedPositionsRun:True EdfPricesRun:True EdfM2MRun:True ShellM2MRun:False TownsquareM2MRun:False EscowareM2MRun:False
[Dec 03 05:30:00 A -05:00] INFO  EDFDump RunPositions(0) - *****************************
[Dec 03 05:30:00 A -05:00] INFO  EDFDump RunPositions(0) - * Encompass 5 Day Hourly Positions *
[Dec 03 05:30:00 A -05:00] INFO  EDFDump RunPositions(0) - *****************************
[Dec 03 05:30:00 A -05:00] INFO  EDFDump RunPositions(0) - Skipping 5 day positions since its nowhere near the end of the month
[Dec 03 05:30:00 A -05:00] INFO  EDFDump RunShapedPositions(0) - ******************************
[Dec 03 05:30:00 A -05:00] INFO  EDFDump RunShapedPositions(0) - * Encompass Shaped Positions *
[Dec 03 05:30:00 A -05:00] INFO  EDFDump RunShapedPositions(0) - ******************************
[Dec 03 05:30:00 A -05:00] INFO  EDFDumpData LoadRepClientInfoRepId(0) - Loaded 7 Active REP Clients
[Dec 03 05:30:00 A -05:00] INFO  EDFDump DownloadShapedPositions(0) - Looking for Exposure Detail 12 Months 12_02_2018.csv...
[Dec 03 05:30:01 A -05:00] ERROR EDFDump DownloadSecureFtpFile(0) - Unable to download Exposure Detail 12 Months 12_02_2018.csv, aborting...
[Dec 03 05:30:01 A -05:00] INFO  EDFDump set_FileNameSrc(0) - Using file 'Exposure Detail 12 Months 12_01_2018.csv'
[Dec 03 05:30:01 A -05:00] INFO  EDFDump DownloadShapedPositions(0) - Looking for Exposure Detail 12 Months 12_01_2018.csv...
[Dec 03 05:30:02 A -05:00] ERROR EDFDump DownloadSecureFtpFile(0) - Unable to download Exposure Detail 12 Months 12_01_2018.csv, aborting...
[Dec 03 05:30:02 A -05:00] INFO  EDFDump set_FileNameSrc(0) - Using file 'Exposure Detail 12 Months 11_30_2018.csv'
[Dec 03 05:30:02 A -05:00] INFO  EDFDump DownloadShapedPositions(0) - Looking for Exposure Detail 12 Months 11_30_2018.csv...
[Dec 03 05:30:11 A -05:00] INFO  EDFDump DownloadSecureFtpFile(0) - Success
[Dec 03 05:30:11 A -05:00] INFO  EDFDump DownloadShapedPositions(0) - Done
[Dec 03 05:30:11 A -05:00] INFO  EDFDump DownloadShapedPositions(0) - Scrubbing file (removing commas/quotes)...
[Dec 03 05:30:13 A -05:00] INFO  Util CsvToOtherDelimiter(0) - Removed 24,486 rows for inactive REPs: SGE Energy Sourcing LLC, AP Holdings LLC, Nordic Energy Services LLC
[Dec 03 05:30:13 A -05:00] INFO  EDFDump DownloadShapedPositions(0) - Done
[Dec 03 05:30:13 A -05:00] INFO  EDFDump TransferFileToDatabaseServer(0) - shapedPositions.csv transferred to the DB server
[Dec 03 05:30:13 A -05:00] INFO  EDFDump DownloadShapedPositions(0) - Importing Encompass Shaped Positions...
[Dec 03 05:30:13 A -05:00] INFO  EDFDump DownloadShapedPositions(0) - Done. Rows affected : 0
[Dec 03 05:30:13 A -05:00] INFO  EDFDump RunPrices(0) - ********************
[Dec 03 05:30:13 A -05:00] INFO  EDFDump RunPrices(0) - * Encompass Prices *
[Dec 03 05:30:13 A -05:00] INFO  EDFDump RunPrices(0) - ********************
[Dec 03 05:30:13 A -05:00] INFO  EDFDump DownloadPrices(0) - Looking for EDFTNA_Curves_2018-12-02 (Confidential).csv...
[Dec 03 05:30:14 A -05:00] ERROR EDFDump DownloadSecureFtpFile(0) - Unable to download EDFTNA_Curves_2018-12-02 (Confidential).csv, aborting...
[Dec 03 05:30:14 A -05:00] INFO  EDFDump set_FileNameSrc(0) - Using file 'EDFTNA_Curves_2018-12-01 (Confidential).csv'
[Dec 03 05:30:14 A -05:00] INFO  EDFDump DownloadPrices(0) - Looking for EDFTNA_Curves_2018-12-01 (Confidential).csv...
[Dec 03 05:30:15 A -05:00] ERROR EDFDump DownloadSecureFtpFile(0) - Unable to download EDFTNA_Curves_2018-12-01 (Confidential).csv, aborting...
[Dec 03 05:30:15 A -05:00] INFO  EDFDump set_FileNameSrc(0) - Using file 'EDFTNA_Curves_2018-11-30 (Confidential).csv'
[Dec 03 05:30:15 A -05:00] INFO  EDFDump DownloadPrices(0) - Looking for EDFTNA_Curves_2018-11-30 (Confidential).csv...
[Dec 03 05:30:17 A -05:00] INFO  EDFDump DownloadSecureFtpFile(0) - Success
[Dec 03 05:30:17 A -05:00] INFO  EDFDump DownloadPrices(0) - Done
[Dec 03 05:30:17 A -05:00] INFO  EDFDump DownloadPrices(0) - Scrubbing file (removing commas/quotes)...
[Dec 03 05:30:17 A -05:00] INFO  EDFDump DownloadPrices(0) - Done
[Dec 03 05:30:17 A -05:00] INFO  EDFDump TransferFileToDatabaseServer(0) - prices.csv transferred to the DB server
[Dec 03 05:30:17 A -05:00] INFO  EDFDump DownloadPrices(0) - Importing Encompass Prices into the database...
[Dec 03 05:30:18 A -05:00] INFO  EDFDump DownloadPrices(0) - Done
[Dec 03 05:30:18 A -05:00] INFO  EDFDump RunM2MEdf(0) - *****************
[Dec 03 05:30:18 A -05:00] INFO  EDFDump RunM2MEdf(0) - * Encompass M2M *
[Dec 03 05:30:18 A -05:00] INFO  EDFDump RunM2MEdf(0) - *****************
[Dec 03 05:30:19 A -05:00] INFO  EDFDump set_FileNameSrc(0) - Using file 'Mark_to_Market_Detail_Dump_12_02_2018.zip'
[Dec 03 05:30:19 A -05:00] INFO  EDFDump ProcessEdfM2MFile(0) - Downloading for Mark_to_Market_Detail_Dump_12_02_2018.zip...
[Dec 03 05:30:19 A -05:00] ERROR EDFDump DownloadSecureFtpFile(0) - Unable to download Mark_to_Market_Detail_Dump_12_02_2018.zip, aborting...
[Dec 03 05:30:19 A -05:00] INFO  EDFDump set_FileNameSrc(0) - Using file 'Mark_to_Market_Detail_Dump_12_01_2018.zip'
[Dec 03 05:30:19 A -05:00] INFO  EDFDump ProcessEdfM2MFile(0) - Downloading for Mark_to_Market_Detail_Dump_12_01_2018.zip...
[Dec 03 05:30:20 A -05:00] ERROR EDFDump DownloadSecureFtpFile(0) - Unable to download Mark_to_Market_Detail_Dump_12_01_2018.zip, aborting...
[Dec 03 05:30:20 A -05:00] INFO  EDFDump set_FileNameSrc(0) - Using file 'Mark_to_Market_Detail_Dump_11_30_2018.zip'
[Dec 03 05:30:20 A -05:00] INFO  EDFDump ProcessEdfM2MFile(0) - Downloading for Mark_to_Market_Detail_Dump_11_30_2018.zip...
[Dec 03 05:30:29 A -05:00] INFO  EDFDump DownloadSecureFtpFile(0) - Success
[Dec 03 05:30:29 A -05:00] INFO  EDFDump ProcessEdfM2MFile(0) - Done
[Dec 03 05:30:29 A -05:00] INFO  EDFDump ProcessEdfM2MFile(0) - Unzipping Mark_to_Market_Detail_Dump_11_30_2018.zip...
[Dec 03 05:30:33 A -05:00] INFO  EDFDump ProcessEdfM2MFile(0) - Done
[Dec 03 05:30:34 A -05:00] INFO  EDFDump ProcessEdfM2MFile(0) - Scrubbing file (removing commas/quotes)...
[Dec 03 05:32:28 A -05:00] INFO  Util CsvToOtherDelimiter(0) - Removed 803,671 rows for inactive REPs: SGE Energy Sourcing, LLC, AP Holdings, LLC, Nordic Energy Services, LLC, XOOM Energy, LLC
[Dec 03 05:32:28 A -05:00] INFO  Util CsvToOtherDelimiter(0) - Found 212,855 rows of fees
[Dec 03 05:32:28 A -05:00] INFO  Util CsvToOtherDelimiter(0) - Removed 176,539 rows with zero quantities
[Dec 03 05:32:28 A -05:00] INFO  EDFDump ProcessEdfM2MFile(0) - Done
[Dec 03 05:32:29 A -05:00] INFO  EDFDump TransferFileToDatabaseServer(0) - m2m.csv transferred to the DB server
[Dec 03 05:32:31 A -05:00] INFO  EDFDump CompressAndMoveToNDrive(0) - Moving m2m-2018.12.03.zip to NDrive...
[Dec 03 05:32:31 A -05:00] INFO  EDFDump CompressAndMoveToNDrive(0) - Done
[Dec 03 05:32:31 A -05:00] INFO  EDFDump ProcessEdfM2MFile(0) - Importing Encompass data into the database...
[Dec 03 05:32:51 A -05:00] INFO  EDFDump ProcessEdfM2MFile(0) - Done
[Dec 03 05:32:51 A -05:00] INFO  EDFDump UploadToHistoricalDatabase(0) - Importing complete EDF supplier data into the Glacier historical database...
[Dec 03 05:34:15 A -05:00] INFO  EDFDump UploadToHistoricalDatabase(0) - Done
[Dec 03 05:34:18 A -05:00] INFO  EDFDumpData GetEscoSupplierMapping(0) - Loaded 21 esco supplier mappings
[Dec 03 05:34:19 A -05:00] INFO  EDFDumpData CreateNewDailyComplianceCertificate(0) - Creating Daily Cert for 6
[Dec 03 05:34:19 A -05:00] INFO  EDFDumpData CreateNewDailyComplianceCertificate(0) - Creating Daily Cert for 21
[Dec 03 05:34:19 A -05:00] INFO  EDFDumpData CreateNewDailyComplianceCertificate(0) - Creating Daily Cert for 41
[Dec 03 05:34:19 A -05:00] INFO  EDFDumpData CreateNewDailyComplianceCertificate(0) - Creating Daily Cert for 46
[Dec 03 05:34:19 A -05:00] INFO  EDFDumpData CreateNewDailyComplianceCertificate(0) - Creating Daily Cert for 66
[Dec 03 05:34:19 A -05:00] INFO  EDFDumpData CreateNewDailyComplianceCertificate(0) - Creating Daily Cert for 76
[Dec 03 05:34:19 A -05:00] INFO  EDFDumpData CreateNewDailyComplianceCertificate(0) - Creating Daily Cert for 85
[Dec 03 05:34:19 A -05:00] INFO  EDFDump RunDailyComplianceUpdate(0) - PTD falls on month start holiday would ballpark numbers from previous month for payables, dailyloadgas, dailyloadpower and update compliance
[Dec 03 05:34:19 A -05:00] INFO  EDFDump RunDailyComplianceUpdate(0) - Ballparking compliance for holidays based on a corresponding date in a previous month...
[Dec 03 05:34:20 A -05:00] INFO  EDFDump RunDailyComplianceUpdate(0) - Running sp_clrRepDailyComplianceUpdate...
[Dec 03 05:34:20 A -05:00] INFO  EDFDump RunDailyComplianceUpdate(0) - Done
[Dec 03 05:34:20 A -05:00] INFO  EDFDumpData AddEdfHedges(0) - Deleted 0 rows from edfHedgeVolumes table for date: 12/3/2018 3:59:59 AM
[Dec 03 05:34:21 A -05:00] INFO  EDFDumpData AddEdfHedges(0) - Added 7879 rows to edfHedgeVolumes table for date: 12/3/2018 3:59:59 AM
[Dec 03 05:34:21 A -05:00] INFO  EDFDump Finish  (0) - ~~~~~~~~~~~~~~~~~~~~~~
[Dec 03 05:34:21 A -05:00] INFO  EDFDump Finish  (0) - ~~ Finished EDFDump ~
[Dec 03 05:34:21 A -05:00] INFO  EDFDump Finish  (0) - ~~~~~~~~~~~~~~~~~~~~~~
