[Nov 18 05:00:01 A -05:00] INFO  EDFDump Main    (0) - 
[Nov 18 05:00:01 A -05:00] INFO  EDFDump Main    (0) - 
[Nov 18 05:00:01 A -05:00] INFO  EDFDump Main    (0) - Running as User: repcalcs
[Nov 18 05:00:01 A -05:00] INFO  EDFDump Main    (0) - arg0: 1
[Nov 18 05:00:01 A -05:00] INFO  EDFDump Main    (0) - arg1: 2018-11-18 03:59:59
[Nov 18 05:00:01 A -05:00] INFO  EDFDump Main    (0) - arg2: edf
[Nov 18 05:00:01 A -05:00] INFO  EDFDump Main    (0) - arg3: True
[Nov 18 05:00:01 A -05:00] INFO  EDFDump LogParameters(0) - 
[Nov 18 05:00:01 A -05:00] INFO  EDFDump LogParameters(0) - **********************
[Nov 18 05:00:01 A -05:00] INFO  EDFDump LogParameters(0) - ** Starting EDFPrices **
[Nov 18 05:00:01 A -05:00] INFO  EDFDump LogParameters(0) - **********************
[Nov 18 05:00:01 A -05:00] INFO  EDFDump LogParameters(0) - ProcessThruDate 2018-11-18 03:59:59
[Nov 18 05:00:01 A -05:00] INFO  EDFDump LogParameters(0) - Current directory D:\CE\EDFDump
[Nov 18 05:00:01 A -05:00] INFO  EDFDumpData GetConfiguration(0) - Loaded 1 generic config values from db
[Nov 18 05:00:01 A -05:00] INFO  DirCleaner run     (0) - Deleting File .\EDFDump.log.2018-11-01.log
[Nov 18 05:00:01 A -05:00] INFO  DirCleaner run     (0) - Deleted 1 files in .
[Nov 18 05:00:01 A -05:00] INFO  EDFDump Init    (0) - Commit: True
[Nov 18 05:00:01 A -05:00] INFO  EDFDump Init    (0) - commitGlacier: True
[Nov 18 05:00:01 A -05:00] INFO  EDFDump Main    (0) - EdfPositionRun :False EdfShapedPositionsRun:False EdfPricesRun:True EdfM2MRun:False ShellM2MRun:False TownsquareM2MRun:False EscowareM2MRun:False
[Nov 18 05:00:01 A -05:00] INFO  EDFDump RunPrices(0) - ********************
[Nov 18 05:00:01 A -05:00] INFO  EDFDump RunPrices(0) - * Encompass Prices *
[Nov 18 05:00:01 A -05:00] INFO  EDFDump RunPrices(0) - ********************
[Nov 18 05:00:01 A -05:00] INFO  EDFDump DownloadPrices(0) - Looking for EDFTNA_Curves_2018-11-17 (Confidential).csv...
[Nov 18 05:00:02 A -05:00] ERROR EDFDump DownloadSecureFtpFile(0) - Unable to download EDFTNA_Curves_2018-11-17 (Confidential).csv, aborting...
[Nov 18 05:00:02 A -05:00] INFO  EDFDump set_FileNameSrc(0) - Using file 'EDFTNA_Curves_2018-11-16 (Confidential).csv'
[Nov 18 05:00:02 A -05:00] INFO  EDFDump DownloadPrices(0) - Looking for EDFTNA_Curves_2018-11-16 (Confidential).csv...
[Nov 18 05:00:06 A -05:00] INFO  EDFDump DownloadSecureFtpFile(0) - Success
[Nov 18 05:00:06 A -05:00] INFO  EDFDump DownloadPrices(0) - Done
[Nov 18 05:00:06 A -05:00] INFO  EDFDump DownloadPrices(0) - Scrubbing file (removing commas/quotes)...
[Nov 18 05:00:07 A -05:00] INFO  EDFDump DownloadPrices(0) - Done
[Nov 18 05:00:07 A -05:00] INFO  EDFDump TransferFileToDatabaseServer(0) - prices.csv transferred to the DB server
[Nov 18 05:00:07 A -05:00] INFO  EDFDump DownloadPrices(0) - Importing Encompass Prices into the database...
[Nov 18 05:00:09 A -05:00] INFO  EDFDump DownloadPrices(0) - Done
[Nov 18 05:00:09 A -05:00] INFO  EDFDump Finish  (0) - ~~~~~~~~~~~~~~~~~~~~~~
[Nov 18 05:00:09 A -05:00] INFO  EDFDump Finish  (0) - ~~ Finished EDFPrices ~
[Nov 18 05:00:09 A -05:00] INFO  EDFDump Finish  (0) - ~~~~~~~~~~~~~~~~~~~~~~
[Nov 18 05:30:01 A -05:00] INFO  EDFDump Main    (0) - 
[Nov 18 05:30:01 A -05:00] INFO  EDFDump Main    (0) - 
[Nov 18 05:30:01 A -05:00] INFO  EDFDump Main    (0) - Running as User: repcalcs
[Nov 18 05:30:01 A -05:00] INFO  EDFDump Main    (0) - arg0: 1
[Nov 18 05:30:01 A -05:00] INFO  EDFDump Main    (0) - arg1: 2018-11-18 03:59:59
[Nov 18 05:30:01 A -05:00] INFO  EDFDump Main    (0) - arg2: Edf
[Nov 18 05:30:01 A -05:00] INFO  EDFDump LogParameters(0) - 
[Nov 18 05:30:01 A -05:00] INFO  EDFDump LogParameters(0) - **********************
[Nov 18 05:30:01 A -05:00] INFO  EDFDump LogParameters(0) - ** Starting EDFDump **
[Nov 18 05:30:01 A -05:00] INFO  EDFDump LogParameters(0) - **********************
[Nov 18 05:30:01 A -05:00] INFO  EDFDump LogParameters(0) - ProcessThruDate 2018-11-18 03:59:59
[Nov 18 05:30:01 A -05:00] INFO  EDFDump LogParameters(0) - Current directory D:\CE\EdfDump
[Nov 18 05:30:01 A -05:00] INFO  EDFDumpData GetConfiguration(0) - Loaded 1 generic config values from db
[Nov 18 05:30:01 A -05:00] INFO  EDFDump Init    (0) - Commit: True
[Nov 18 05:30:01 A -05:00] INFO  EDFDump Init    (0) - commitGlacier: True
[Nov 18 05:30:01 A -05:00] INFO  EDFDump Main    (0) - EdfPositionRun :True EdfShapedPositionsRun:True EdfPricesRun:True EdfM2MRun:True ShellM2MRun:False TownsquareM2MRun:False EscowareM2MRun:False
[Nov 18 05:30:01 A -05:00] INFO  EDFDump RunPositions(0) - *****************************
[Nov 18 05:30:01 A -05:00] INFO  EDFDump RunPositions(0) - * Encompass 5 Day Hourly Positions *
[Nov 18 05:30:01 A -05:00] INFO  EDFDump RunPositions(0) - *****************************
[Nov 18 05:30:01 A -05:00] INFO  EDFDump RunPositions(0) - Skipping 5 day positions since its nowhere near the end of the month
[Nov 18 05:30:01 A -05:00] INFO  EDFDump RunShapedPositions(0) - ******************************
[Nov 18 05:30:01 A -05:00] INFO  EDFDump RunShapedPositions(0) - * Encompass Shaped Positions *
[Nov 18 05:30:01 A -05:00] INFO  EDFDump RunShapedPositions(0) - ******************************
[Nov 18 05:30:01 A -05:00] INFO  EDFDumpData LoadRepClientInfoRepId(0) - Loaded 7 Active REP Clients
[Nov 18 05:30:01 A -05:00] INFO  EDFDump DownloadShapedPositions(0) - Looking for Exposure Detail 12 Months 11_17_2018.csv...
[Nov 18 05:30:02 A -05:00] ERROR EDFDump DownloadSecureFtpFile(0) - Unable to download Exposure Detail 12 Months 11_17_2018.csv, aborting...
[Nov 18 05:30:02 A -05:00] INFO  EDFDump set_FileNameSrc(0) - Using file 'Exposure Detail 12 Months 11_16_2018.csv'
[Nov 18 05:30:02 A -05:00] INFO  EDFDump DownloadShapedPositions(0) - Looking for Exposure Detail 12 Months 11_16_2018.csv...
[Nov 18 05:30:03 A -05:00] ERROR EDFDump DownloadSecureFtpFile(0) - OpenFile returned NULL
[Nov 18 05:30:03 A -05:00] ERROR EDFDump DownloadSecureFtpFile(0) - ChilkatLog:
  OpenFile:
    DllDate: Aug 15 2013
    ChilkatVersion: 9.4.1.42
    UnlockPrefix: VMACJPSSH
    Username: PRD-APP-A01:repcalcs
    Architecture: Little Endian; 64-bit
    Language: .NET 2.0 / x64
    VerboseLogging: 0
    SshVersion: SSH-2.0-WS_FTP-SSH_7.7
    SftpVersion: 3
    filename: /vantage/Exposure/12 Months/Exposure Detail 12 Months 11_16_2018.csv
    access: readOnly
    createDisposition: openExisting
    v3Flags: 0x1
    Sent FXP_OPEN
    StatusResponseFromServer:
      Request: FXP_OPEN
      InformationReceivedFromServer:
        StatusCode: 4
        StatusMessage: Failed to open local file
      --InformationReceivedFromServer
    --StatusResponseFromServer
    Failed.
  --OpenFile
--ChilkatLog

[Nov 18 05:30:03 A -05:00] ERROR EDFDump DownloadSecureFtpFile(0) - Unable to download Exposure Detail 12 Months 11_16_2018.csv, aborting...
[Nov 18 05:30:03 A -05:00] ERROR EDFDump SendEmail(0) - File 'Exposure Detail 12 Months 11_16_2018.csv' not uploaded, reloading last best file...
System.IO.FileNotFoundException: OpenFile returned false
   at EDFDump.DownloadSecureFtpFile(String filenameSrc, String filenameDest, String hostname, String mailbox, String username, String password, String localDir, Int32 portNumber)
   at EDFDump.DownloadShapedPositions()
   at EDFDump.DownloadFileWithRetry(Action downloadFileAction, Action downloadWithRetryAction, Func`1 getFileNameFunc)
[Nov 18 05:30:03 A -05:00] INFO  EDFDump set_FileNameSrc(0) - Using file 'Exposure Detail 12 Months 11_15_2018.csv'
[Nov 18 05:30:03 A -05:00] INFO  EDFDump DownloadShapedPositions(0) - Looking for Exposure Detail 12 Months 11_15_2018.csv...
[Nov 18 05:30:11 A -05:00] INFO  EDFDump DownloadSecureFtpFile(0) - Success
[Nov 18 05:30:11 A -05:00] INFO  EDFDump DownloadShapedPositions(0) - Done
[Nov 18 05:30:11 A -05:00] INFO  EDFDump DownloadShapedPositions(0) - Scrubbing file (removing commas/quotes)...
[Nov 18 05:30:13 A -05:00] INFO  Util CsvToOtherDelimiter(0) - Removed 24,777 rows for inactive REPs: SGE Energy Sourcing LLC, AP Holdings LLC
[Nov 18 05:30:13 A -05:00] INFO  EDFDump DownloadShapedPositions(0) - Done
[Nov 18 05:30:13 A -05:00] INFO  EDFDump TransferFileToDatabaseServer(0) - shapedPositions.csv transferred to the DB server
[Nov 18 05:30:13 A -05:00] INFO  EDFDump DownloadShapedPositions(0) - Importing Encompass Shaped Positions...
[Nov 18 05:30:13 A -05:00] INFO  EDFDump DownloadShapedPositions(0) - Done. Rows affected : 0
[Nov 18 05:30:13 A -05:00] INFO  EDFDump RunPrices(0) - ********************
[Nov 18 05:30:13 A -05:00] INFO  EDFDump RunPrices(0) - * Encompass Prices *
[Nov 18 05:30:13 A -05:00] INFO  EDFDump RunPrices(0) - ********************
[Nov 18 05:30:13 A -05:00] INFO  EDFDump DownloadPrices(0) - Looking for EDFTNA_Curves_2018-11-17 (Confidential).csv...
[Nov 18 05:30:14 A -05:00] ERROR EDFDump DownloadSecureFtpFile(0) - Unable to download EDFTNA_Curves_2018-11-17 (Confidential).csv, aborting...
[Nov 18 05:30:14 A -05:00] INFO  EDFDump set_FileNameSrc(0) - Using file 'EDFTNA_Curves_2018-11-16 (Confidential).csv'
[Nov 18 05:30:14 A -05:00] INFO  EDFDump DownloadPrices(0) - Looking for EDFTNA_Curves_2018-11-16 (Confidential).csv...
[Nov 18 05:30:16 A -05:00] INFO  EDFDump DownloadSecureFtpFile(0) - Success
[Nov 18 05:30:16 A -05:00] INFO  EDFDump DownloadPrices(0) - Done
[Nov 18 05:30:16 A -05:00] INFO  EDFDump DownloadPrices(0) - Scrubbing file (removing commas/quotes)...
[Nov 18 05:30:16 A -05:00] INFO  EDFDump DownloadPrices(0) - Done
[Nov 18 05:30:16 A -05:00] INFO  EDFDump TransferFileToDatabaseServer(0) - prices.csv transferred to the DB server
[Nov 18 05:30:16 A -05:00] INFO  EDFDump DownloadPrices(0) - Importing Encompass Prices into the database...
[Nov 18 05:30:18 A -05:00] INFO  EDFDump DownloadPrices(0) - Done
[Nov 18 05:30:18 A -05:00] INFO  EDFDump RunM2MEdf(0) - *****************
[Nov 18 05:30:18 A -05:00] INFO  EDFDump RunM2MEdf(0) - * Encompass M2M *
[Nov 18 05:30:18 A -05:00] INFO  EDFDump RunM2MEdf(0) - *****************
[Nov 18 05:30:18 A -05:00] INFO  EDFDump set_FileNameSrc(0) - Using file 'Mark_to_Market_Detail_Dump_11_17_2018.zip'
[Nov 18 05:30:18 A -05:00] INFO  EDFDump ProcessEdfM2MFile(0) - Downloading for Mark_to_Market_Detail_Dump_11_17_2018.zip...
[Nov 18 05:30:19 A -05:00] ERROR EDFDump DownloadSecureFtpFile(0) - Unable to download Mark_to_Market_Detail_Dump_11_17_2018.zip, aborting...
[Nov 18 05:30:19 A -05:00] INFO  EDFDump set_FileNameSrc(0) - Using file 'Mark_to_Market_Detail_Dump_11_16_2018.zip'
[Nov 18 05:30:19 A -05:00] INFO  EDFDump ProcessEdfM2MFile(0) - Downloading for Mark_to_Market_Detail_Dump_11_16_2018.zip...
[Nov 18 05:30:20 A -05:00] ERROR EDFDump DownloadSecureFtpFile(0) - OpenFile returned NULL
[Nov 18 05:30:20 A -05:00] ERROR EDFDump DownloadSecureFtpFile(0) - ChilkatLog:
  OpenFile:
    DllDate: Aug 15 2013
    ChilkatVersion: 9.4.1.42
    UnlockPrefix: VMACJPSSH
    Username: PRD-APP-A01:repcalcs
    Architecture: Little Endian; 64-bit
    Language: .NET 2.0 / x64
    VerboseLogging: 0
    SshVersion: SSH-2.0-WS_FTP-SSH_7.7
    SftpVersion: 3
    filename: /vantage/Mark_to_Market_Detail_Dump_11_16_2018.zip
    access: readOnly
    createDisposition: openExisting
    v3Flags: 0x1
    Sent FXP_OPEN
    StatusResponseFromServer:
      Request: FXP_OPEN
      InformationReceivedFromServer:
        StatusCode: 4
        StatusMessage: Failed to open local file
      --InformationReceivedFromServer
    --StatusResponseFromServer
    Failed.
  --OpenFile
--ChilkatLog

[Nov 18 05:30:20 A -05:00] ERROR EDFDump DownloadSecureFtpFile(0) - Unable to download Mark_to_Market_Detail_Dump_11_16_2018.zip, aborting...
[Nov 18 05:30:20 A -05:00] ERROR EDFDump SendEmail(0) - File 'Mark_to_Market_Detail_Dump_11_16_2018.zip' not uploaded, reloading last best file...
System.IO.FileNotFoundException: OpenFile returned false
   at EDFDump.DownloadSecureFtpFile(String filenameSrc, String filenameDest, String hostname, String mailbox, String username, String password, String localDir, Int32 portNumber)
   at EDFDump.DownloadMarkToMarketFile(String fileNameSrc, String fileNameDest, String fileHost, String fileMailbox, String fileUsername, String filePassword, String fileDownloadDir, Boolean skipDownload, String skipFileMessage, String supplierName, Int32 portNumber)
   at EDFDump.ProcessEdfM2MFile()
   at EDFDump.DownloadFileWithRetry(Action downloadFileAction, Action downloadWithRetryAction, Func`1 getFileNameFunc)
[Nov 18 05:30:20 A -05:00] INFO  EDFDump set_FileNameSrc(0) - Using file 'Mark_to_Market_Detail_Dump_11_15_2018.zip'
[Nov 18 05:30:20 A -05:00] INFO  EDFDump ProcessEdfM2MFile(0) - Downloading for Mark_to_Market_Detail_Dump_11_15_2018.zip...
[Nov 18 05:30:26 A -05:00] INFO  EDFDump DownloadSecureFtpFile(0) - Success
[Nov 18 05:30:26 A -05:00] INFO  EDFDump ProcessEdfM2MFile(0) - Done
[Nov 18 05:30:26 A -05:00] INFO  EDFDump ProcessEdfM2MFile(0) - Unzipping Mark_to_Market_Detail_Dump_11_15_2018.zip...
[Nov 18 05:30:30 A -05:00] INFO  EDFDump ProcessEdfM2MFile(0) - Done
[Nov 18 05:30:30 A -05:00] INFO  EDFDump ProcessEdfM2MFile(0) - Scrubbing file (removing commas/quotes)...
[Nov 18 05:32:19 A -05:00] INFO  Util CsvToOtherDelimiter(0) - Removed 766,603 rows for inactive REPs: SGE Energy Sourcing, LLC, AP Holdings, LLC, Nordic Energy Services, LLC, XOOM Energy, LLC
[Nov 18 05:32:19 A -05:00] INFO  Util CsvToOtherDelimiter(0) - Found 201,411 rows of fees
[Nov 18 05:32:19 A -05:00] INFO  Util CsvToOtherDelimiter(0) - Removed 164,191 rows with zero quantities
[Nov 18 05:32:19 A -05:00] INFO  EDFDump ProcessEdfM2MFile(0) - Done
[Nov 18 05:32:19 A -05:00] INFO  EDFDump TransferFileToDatabaseServer(0) - m2m.csv transferred to the DB server
[Nov 18 05:32:20 A -05:00] INFO  EDFDump CompressAndMoveToNDrive(0) - Moving m2m-2018.11.18.zip to NDrive...
[Nov 18 05:32:20 A -05:00] INFO  EDFDump CompressAndMoveToNDrive(0) - Done
[Nov 18 05:32:20 A -05:00] INFO  EDFDump ProcessEdfM2MFile(0) - Importing Encompass data into the database...
[Nov 18 05:32:32 A -05:00] INFO  EDFDump ProcessEdfM2MFile(0) - Done
[Nov 18 05:32:32 A -05:00] INFO  EDFDump UploadToHistoricalDatabase(0) - Importing complete EDF supplier data into the Glacier historical database...
[Nov 18 05:37:22 A -05:00] INFO  EDFDump UploadToHistoricalDatabase(0) - Done
[Nov 18 05:37:23 A -05:00] INFO  EDFDumpData GetEscoSupplierMapping(0) - Loaded 21 esco supplier mappings
[Nov 18 05:37:24 A -05:00] INFO  EDFDumpData CreateNewDailyComplianceCertificate(0) - Creating Daily Cert for 6
[Nov 18 05:37:24 A -05:00] INFO  EDFDumpData CreateNewDailyComplianceCertificate(0) - Creating Daily Cert for 21
[Nov 18 05:37:24 A -05:00] INFO  EDFDumpData CreateNewDailyComplianceCertificate(0) - Creating Daily Cert for 41
[Nov 18 05:37:24 A -05:00] INFO  EDFDumpData CreateNewDailyComplianceCertificate(0) - Creating Daily Cert for 46
[Nov 18 05:37:24 A -05:00] INFO  EDFDumpData CreateNewDailyComplianceCertificate(0) - Creating Daily Cert for 66
[Nov 18 05:37:24 A -05:00] INFO  EDFDumpData CreateNewDailyComplianceCertificate(0) - Creating Daily Cert for 76
[Nov 18 05:37:24 A -05:00] INFO  EDFDumpData CreateNewDailyComplianceCertificate(0) - Creating Daily Cert for 85
[Nov 18 05:37:24 A -05:00] INFO  EDFDump RunDailyComplianceUpdate(0) - Running sp_clrRepDailyComplianceUpdate...
[Nov 18 05:37:25 A -05:00] INFO  EDFDump RunDailyComplianceUpdate(0) - Done
[Nov 18 05:37:25 A -05:00] INFO  EDFDumpData AddEdfHedges(0) - Deleted 0 rows from edfHedgeVolumes table for date: 11/18/2018 3:59:59 AM
[Nov 18 05:37:25 A -05:00] INFO  EDFDumpData AddEdfHedges(0) - Added 5140 rows to edfHedgeVolumes table for date: 11/18/2018 3:59:59 AM
[Nov 18 05:37:25 A -05:00] INFO  EDFDump Finish  (0) - ~~~~~~~~~~~~~~~~~~~~~~
[Nov 18 05:37:25 A -05:00] INFO  EDFDump Finish  (0) - ~~ Finished EDFDump ~
[Nov 18 05:37:25 A -05:00] INFO  EDFDump Finish  (0) - ~~~~~~~~~~~~~~~~~~~~~~
