[Nov 14 05:00:00 A -05:00] INFO  EDFDump Main    (0) - 
[Nov 14 05:00:00 A -05:00] INFO  EDFDump Main    (0) - 
[Nov 14 05:00:00 A -05:00] INFO  EDFDump Main    (0) - Running as User: repcalcs
[Nov 14 05:00:00 A -05:00] INFO  EDFDump Main    (0) - arg0: 1
[Nov 14 05:00:00 A -05:00] INFO  EDFDump Main    (0) - arg1: 2018-11-14 03:59:59
[Nov 14 05:00:00 A -05:00] INFO  EDFDump Main    (0) - arg2: edf
[Nov 14 05:00:00 A -05:00] INFO  EDFDump Main    (0) - arg3: True
[Nov 14 05:00:00 A -05:00] INFO  EDFDump LogParameters(0) - 
[Nov 14 05:00:00 A -05:00] INFO  EDFDump LogParameters(0) - **********************
[Nov 14 05:00:00 A -05:00] INFO  EDFDump LogParameters(0) - ** Starting EDFPrices **
[Nov 14 05:00:00 A -05:00] INFO  EDFDump LogParameters(0) - **********************
[Nov 14 05:00:00 A -05:00] INFO  EDFDump LogParameters(0) - ProcessThruDate 2018-11-14 03:59:59
[Nov 14 05:00:00 A -05:00] INFO  EDFDump LogParameters(0) - Current directory D:\CE\EDFDump
[Nov 14 05:00:01 A -05:00] INFO  EDFDumpData GetConfiguration(0) - Loaded 1 generic config values from db
[Nov 14 05:00:01 A -05:00] INFO  DirCleaner run     (0) - Deleting File .\EDFDump.log.2018-10-28.log
[Nov 14 05:00:01 A -05:00] INFO  DirCleaner run     (0) - Deleted 1 files in .
[Nov 14 05:00:01 A -05:00] INFO  EDFDump Init    (0) - Commit: True
[Nov 14 05:00:01 A -05:00] INFO  EDFDump Init    (0) - commitGlacier: True
[Nov 14 05:00:01 A -05:00] INFO  EDFDump Main    (0) - EdfPositionRun :False EdfShapedPositionsRun:False EdfPricesRun:True EdfM2MRun:False ShellM2MRun:False TownsquareM2MRun:False EscowareM2MRun:False
[Nov 14 05:00:01 A -05:00] INFO  EDFDump RunPrices(0) - ********************
[Nov 14 05:00:01 A -05:00] INFO  EDFDump RunPrices(0) - * Encompass Prices *
[Nov 14 05:00:01 A -05:00] INFO  EDFDump RunPrices(0) - ********************
[Nov 14 05:00:01 A -05:00] INFO  EDFDump DownloadPrices(0) - Looking for EDFTNA_Curves_2018-11-13 (Confidential).csv...
[Nov 14 05:00:03 A -05:00] INFO  EDFDump DownloadSecureFtpFile(0) - Success
[Nov 14 05:00:03 A -05:00] INFO  EDFDump DownloadPrices(0) - Done
[Nov 14 05:00:03 A -05:00] INFO  EDFDump DownloadPrices(0) - Scrubbing file (removing commas/quotes)...
[Nov 14 05:00:04 A -05:00] INFO  EDFDump DownloadPrices(0) - Done
[Nov 14 05:00:04 A -05:00] INFO  EDFDump TransferFileToDatabaseServer(0) - prices.csv transferred to the DB server
[Nov 14 05:00:04 A -05:00] INFO  EDFDump DownloadPrices(0) - Importing Encompass Prices into the database...
[Nov 14 05:00:34 A -05:00] INFO  EDFDump DownloadPrices(0) - Done
[Nov 14 05:00:34 A -05:00] INFO  EDFDump Finish  (0) - ~~~~~~~~~~~~~~~~~~~~~~
[Nov 14 05:00:34 A -05:00] INFO  EDFDump Finish  (0) - ~~ Finished EDFPrices ~
[Nov 14 05:00:34 A -05:00] INFO  EDFDump Finish  (0) - ~~~~~~~~~~~~~~~~~~~~~~
[Nov 14 05:30:01 A -05:00] INFO  EDFDump Main    (0) - 
[Nov 14 05:30:01 A -05:00] INFO  EDFDump Main    (0) - 
[Nov 14 05:30:01 A -05:00] INFO  EDFDump Main    (0) - Running as User: repcalcs
[Nov 14 05:30:01 A -05:00] INFO  EDFDump Main    (0) - arg0: 1
[Nov 14 05:30:01 A -05:00] INFO  EDFDump Main    (0) - arg1: 2018-11-14 03:59:59
[Nov 14 05:30:01 A -05:00] INFO  EDFDump Main    (0) - arg2: Edf
[Nov 14 05:30:01 A -05:00] INFO  EDFDump LogParameters(0) - 
[Nov 14 05:30:01 A -05:00] INFO  EDFDump LogParameters(0) - **********************
[Nov 14 05:30:01 A -05:00] INFO  EDFDump LogParameters(0) - ** Starting EDFDump **
[Nov 14 05:30:01 A -05:00] INFO  EDFDump LogParameters(0) - **********************
[Nov 14 05:30:01 A -05:00] INFO  EDFDump LogParameters(0) - ProcessThruDate 2018-11-14 03:59:59
[Nov 14 05:30:01 A -05:00] INFO  EDFDump LogParameters(0) - Current directory D:\CE\EdfDump
[Nov 14 05:30:01 A -05:00] INFO  EDFDumpData GetConfiguration(0) - Loaded 1 generic config values from db
[Nov 14 05:30:01 A -05:00] INFO  EDFDump Init    (0) - Commit: True
[Nov 14 05:30:01 A -05:00] INFO  EDFDump Init    (0) - commitGlacier: True
[Nov 14 05:30:01 A -05:00] INFO  EDFDump Main    (0) - EdfPositionRun :True EdfShapedPositionsRun:True EdfPricesRun:True EdfM2MRun:True ShellM2MRun:False TownsquareM2MRun:False EscowareM2MRun:False
[Nov 14 05:30:01 A -05:00] INFO  EDFDump RunPositions(0) - *****************************
[Nov 14 05:30:01 A -05:00] INFO  EDFDump RunPositions(0) - * Encompass 5 Day Hourly Positions *
[Nov 14 05:30:01 A -05:00] INFO  EDFDump RunPositions(0) - *****************************
[Nov 14 05:30:01 A -05:00] INFO  EDFDump RunPositions(0) - Skipping 5 day positions since its nowhere near the end of the month
[Nov 14 05:30:01 A -05:00] INFO  EDFDump RunShapedPositions(0) - ******************************
[Nov 14 05:30:01 A -05:00] INFO  EDFDump RunShapedPositions(0) - * Encompass Shaped Positions *
[Nov 14 05:30:01 A -05:00] INFO  EDFDump RunShapedPositions(0) - ******************************
[Nov 14 05:30:01 A -05:00] INFO  EDFDumpData LoadRepClientInfoRepId(0) - Loaded 7 Active REP Clients
[Nov 14 05:30:01 A -05:00] INFO  EDFDump DownloadShapedPositions(0) - Looking for Exposure Detail 12 Months 11_13_2018.csv...
[Nov 14 05:30:26 A -05:00] INFO  EDFDump DownloadSecureFtpFile(0) - Success
[Nov 14 05:30:26 A -05:00] INFO  EDFDump DownloadShapedPositions(0) - Done
[Nov 14 05:30:26 A -05:00] INFO  EDFDump DownloadShapedPositions(0) - Scrubbing file (removing commas/quotes)...
[Nov 14 05:30:27 A -05:00] INFO  Util CsvToOtherDelimiter(0) - Removed 24,819 rows for inactive REPs: SGE Energy Sourcing LLC, AP Holdings LLC
[Nov 14 05:30:27 A -05:00] INFO  EDFDump DownloadShapedPositions(0) - Done
[Nov 14 05:30:28 A -05:00] INFO  EDFDump TransferFileToDatabaseServer(0) - shapedPositions.csv transferred to the DB server
[Nov 14 05:30:28 A -05:00] INFO  EDFDump DownloadShapedPositions(0) - Importing Encompass Shaped Positions...
[Nov 14 05:30:38 A -05:00] INFO  EDFDump DownloadShapedPositions(0) - Done. Rows affected : 0
[Nov 14 05:30:38 A -05:00] INFO  EDFDump RunPrices(0) - ********************
[Nov 14 05:30:38 A -05:00] INFO  EDFDump RunPrices(0) - * Encompass Prices *
[Nov 14 05:30:38 A -05:00] INFO  EDFDump RunPrices(0) - ********************
[Nov 14 05:30:38 A -05:00] INFO  EDFDump DownloadPrices(0) - Looking for EDFTNA_Curves_2018-11-13 (Confidential).csv...
[Nov 14 05:30:39 A -05:00] INFO  EDFDump DownloadSecureFtpFile(0) - Success
[Nov 14 05:30:39 A -05:00] INFO  EDFDump DownloadPrices(0) - Done
[Nov 14 05:30:39 A -05:00] INFO  EDFDump DownloadPrices(0) - Scrubbing file (removing commas/quotes)...
[Nov 14 05:30:40 A -05:00] INFO  EDFDump DownloadPrices(0) - Done
[Nov 14 05:30:40 A -05:00] INFO  EDFDump TransferFileToDatabaseServer(0) - prices.csv transferred to the DB server
[Nov 14 05:30:40 A -05:00] INFO  EDFDump DownloadPrices(0) - Importing Encompass Prices into the database...
[Nov 14 05:30:41 A -05:00] INFO  EDFDump DownloadPrices(0) - Done
[Nov 14 05:30:41 A -05:00] INFO  EDFDump RunM2MEdf(0) - *****************
[Nov 14 05:30:41 A -05:00] INFO  EDFDump RunM2MEdf(0) - * Encompass M2M *
[Nov 14 05:30:41 A -05:00] INFO  EDFDump RunM2MEdf(0) - *****************
[Nov 14 05:30:41 A -05:00] INFO  EDFDump set_FileNameSrc(0) - Using file 'Mark_to_Market_Detail_Dump_11_13_2018.zip'
[Nov 14 05:30:41 A -05:00] INFO  EDFDump ProcessEdfM2MFile(0) - Downloading for Mark_to_Market_Detail_Dump_11_13_2018.zip...
[Nov 14 05:30:55 A -05:00] INFO  EDFDump DownloadSecureFtpFile(0) - Success
[Nov 14 05:30:55 A -05:00] INFO  EDFDump ProcessEdfM2MFile(0) - Done
[Nov 14 05:30:55 A -05:00] INFO  EDFDump ProcessEdfM2MFile(0) - Unzipping Mark_to_Market_Detail_Dump_11_13_2018.zip...
[Nov 14 05:30:59 A -05:00] INFO  EDFDump ProcessEdfM2MFile(0) - Done
[Nov 14 05:31:00 A -05:00] INFO  EDFDump ProcessEdfM2MFile(0) - Scrubbing file (removing commas/quotes)...
[Nov 14 05:32:47 A -05:00] INFO  Util CsvToOtherDelimiter(0) - Removed 764,692 rows for inactive REPs: SGE Energy Sourcing, LLC, AP Holdings, LLC, Nordic Energy Services, LLC, XOOM Energy, LLC
[Nov 14 05:32:47 A -05:00] INFO  Util CsvToOtherDelimiter(0) - Found 201,129 rows of fees
[Nov 14 05:32:47 A -05:00] INFO  Util CsvToOtherDelimiter(0) - Removed 166,015 rows with zero quantities
[Nov 14 05:32:47 A -05:00] INFO  EDFDump ProcessEdfM2MFile(0) - Done
[Nov 14 05:32:47 A -05:00] INFO  EDFDump TransferFileToDatabaseServer(0) - m2m.csv transferred to the DB server
[Nov 14 05:32:48 A -05:00] INFO  EDFDump CompressAndMoveToNDrive(0) - Moving m2m-2018.11.14.zip to NDrive...
[Nov 14 05:32:48 A -05:00] INFO  EDFDump CompressAndMoveToNDrive(0) - Done
[Nov 14 05:32:48 A -05:00] INFO  EDFDump ProcessEdfM2MFile(0) - Importing Encompass data into the database...
[Nov 14 05:32:59 A -05:00] INFO  EDFDump ProcessEdfM2MFile(0) - Done
[Nov 14 05:32:59 A -05:00] INFO  EDFDump UploadToHistoricalDatabase(0) - Importing complete EDF supplier data into the Glacier historical database...
[Nov 14 05:37:41 A -05:00] INFO  EDFDump UploadToHistoricalDatabase(0) - Done
[Nov 14 05:37:43 A -05:00] INFO  EDFDumpData GetEscoSupplierMapping(0) - Loaded 21 esco supplier mappings
[Nov 14 05:37:44 A -05:00] INFO  EDFDumpData CreateNewDailyComplianceCertificate(0) - Creating Daily Cert for 6
[Nov 14 05:37:44 A -05:00] INFO  EDFDumpData CreateNewDailyComplianceCertificate(0) - Creating Daily Cert for 21
[Nov 14 05:37:44 A -05:00] INFO  EDFDumpData CreateNewDailyComplianceCertificate(0) - Creating Daily Cert for 41
[Nov 14 05:37:44 A -05:00] INFO  EDFDumpData CreateNewDailyComplianceCertificate(0) - Creating Daily Cert for 46
[Nov 14 05:37:44 A -05:00] INFO  EDFDumpData CreateNewDailyComplianceCertificate(0) - Creating Daily Cert for 66
[Nov 14 05:37:44 A -05:00] INFO  EDFDumpData CreateNewDailyComplianceCertificate(0) - Creating Daily Cert for 76
[Nov 14 05:37:44 A -05:00] INFO  EDFDumpData CreateNewDailyComplianceCertificate(0) - Creating Daily Cert for 85
[Nov 14 05:37:44 A -05:00] INFO  EDFDump RunDailyComplianceUpdate(0) - Running sp_clrRepDailyComplianceUpdate...
[Nov 14 05:37:44 A -05:00] INFO  EDFDump RunDailyComplianceUpdate(0) - Done
[Nov 14 05:37:44 A -05:00] INFO  EDFDumpData AddEdfHedges(0) - Deleted 0 rows from edfHedgeVolumes table for date: 11/14/2018 3:59:59 AM
[Nov 14 05:37:45 A -05:00] INFO  EDFDumpData AddEdfHedges(0) - Added 5004 rows to edfHedgeVolumes table for date: 11/14/2018 3:59:59 AM
[Nov 14 05:37:45 A -05:00] INFO  EDFDump Finish  (0) - ~~~~~~~~~~~~~~~~~~~~~~
[Nov 14 05:37:45 A -05:00] INFO  EDFDump Finish  (0) - ~~ Finished EDFDump ~
[Nov 14 05:37:45 A -05:00] INFO  EDFDump Finish  (0) - ~~~~~~~~~~~~~~~~~~~~~~
