[Nov 17 05:37:53 A -05:00] INFO  RepCalcs(0) - 
[Nov 17 05:37:53 A -05:00] INFO  RepCalcs(0) - 
[Nov 17 05:37:53 A -05:00] INFO  RepCalcs(0) - Running as User: repcalcs
[Nov 17 05:37:53 A -05:00] INFO  RepCalcs(0) - arg0: 1
[Nov 17 05:37:53 A -05:00] INFO  RepCalcs(0) - arg1: 2018-11-17 03:59:59
[Nov 17 05:37:53 A -05:00] INFO  RepCalcs(0) - arg2: Edf
[Nov 17 05:37:53 A -05:00] INFO  RepCalcs(0) - 
[Nov 17 05:37:53 A -05:00] INFO  RepCalcs(0) - **********************
[Nov 17 05:37:53 A -05:00] INFO  RepCalcs(0) - ** Starting RepCalcs **
[Nov 17 05:37:53 A -05:00] INFO  RepCalcs(0) - ** ImportContracts: True **
[Nov 17 05:37:53 A -05:00] INFO  RepCalcs(0) - ** RunPVCalc: True **
[Nov 17 05:37:53 A -05:00] INFO  RepCalcs(0) - ** RunAnalysis: True **
[Nov 17 05:37:53 A -05:00] INFO  RepCalcs(0) - ** ImportSchedLoad: False **
[Nov 17 05:37:53 A -05:00] INFO  RepCalcs(0) - ** ImportReceivables: False **
[Nov 17 05:37:53 A -05:00] INFO  RepCalcs(0) - ** recreateTabDailyComp: False **
[Nov 17 05:37:53 A -05:00] INFO  RepCalcs(0) - **********************
[Nov 17 05:37:53 A -05:00] INFO  RepCalcs(0) - ProcessThruDate	2018-11-17 03:59:59
[Nov 17 05:37:53 A -05:00] INFO  RepCalcs(0) - Current Directory	D:\CE\RepCalcs
[Nov 17 05:37:53 A -05:00] INFO  RepData(0) - Loaded 1 generic config values from db
[Nov 17 05:37:53 A -05:00] INFO  RepData(0) - Loaded 7 Active REP Clients
[Nov 17 05:37:53 A -05:00] INFO  RepCalcs(0) - sourceWebDir	C:\Temp
[Nov 17 05:37:53 A -05:00] INFO  RepCalcs(0) - sourceFTPDir	FTPFiles
[Nov 17 05:37:53 A -05:00] INFO  RepCalcs(0) - downloadDir	D:\VMAC\Inetpub\VMAC\download4
[Nov 17 05:37:53 A -05:00] INFO  RepCalcs(0) - modelDir	D:\CE\RepCalcs\RepModel
[Nov 17 05:37:53 A -05:00] INFO  DirCleaner(0) - Deleting File .\RepCalcs.log.2018-10-31.log
[Nov 17 05:37:53 A -05:00] INFO  DirCleaner(0) - Deleted 1 files in .
[Nov 17 05:37:53 A -05:00] INFO  RepCalcs(0) - Commit True
[Nov 17 05:37:53 A -05:00] INFO  RepCalcs(0) - FixErrors False
[Nov 17 05:37:53 A -05:00] INFO  RepCalcs(0) - Xpress False
[Nov 17 05:37:53 A -05:00] INFO  RepCalcs(0) - runAlways False
[Nov 17 05:37:53 A -05:00] INFO  RepCalcs(0) - uploadResults False
[Nov 17 05:37:53 A -05:00] INFO  RepCalcs(0) - contractHistory True
[Nov 17 05:37:53 A -05:00] INFO  RepCalcs(0) - NDrive: D:\Dropbox (VCFS)\Compliance and Reporting
[Nov 17 05:37:53 A -05:00] INFO  RepCalcs(0) - FTP Cleanup False
[Nov 17 05:37:53 A -05:00] INFO  RepCalcs(0) - SFTP Cleanup False
[Nov 17 05:37:53 A -05:00] INFO  RepCalcs(0) - Email Enabled True
[Nov 17 05:37:53 A -05:00] INFO  RepCalcs(0) - Report Missing ContractFile True
[Nov 17 05:37:53 A -05:00] INFO  RepCalcs(0) - Report Missing SchedLoadFile False
[Nov 17 05:37:53 A -05:00] INFO  RepCalcs(0) - Report Missing Receivables True
[Nov 17 05:37:53 A -05:00] INFO  RepData(0) - 
[Nov 17 05:37:53 A -05:00] INFO  RepData(0) - Creating a NEW Job, with JobId 4731
[Nov 17 05:37:53 A -05:00] INFO  RepData(0) - 
[Nov 17 05:37:53 A -05:00] INFO  RepData(0) - Querying Power Prices...
[Nov 17 05:37:53 A -05:00] INFO  RepData(0) - Clearing Ptd= 11/17/2018 12:00:00 AM
[Nov 17 05:38:11 A -05:00] INFO  RepData(0) - Querying Gas Prices...
[Nov 17 05:38:13 A -05:00] INFO  RepData(0) - Done Querying Prices
[Nov 17 05:38:13 A -05:00] INFO  RepCalcs(0) - Importing new Contracts since yesterday was a Biz Day
[Nov 17 05:38:13 A -05:00] INFO  RepCalcs(0) - Deleting Contract Rows For Inactive Clients
[Nov 17 05:38:13 A -05:00] INFO  RepData(0) - Loaded 21 esco supplier mappings
[Nov 17 05:38:13 A -05:00] INFO  RepCalcs(0) - Switching to SFTP for RepId: 85
[Nov 17 05:38:13 A -05:00] INFO  RepData(0) - Querying Data Error Codes and Description...
[Nov 17 05:38:13 A -05:00] INFO  RepCalcs(0) - ****************************************************************
[Nov 17 05:38:13 A -05:00] INFO  RepCalcs(0) - Download Contracts for Volt ( mailbox repclient85, repId 85 )
[Nov 17 05:38:13 A -05:00] INFO  RepCalcs(0) - ****************************************************************
[Nov 17 05:38:14 A -05:00] WARN  RepCalcs(0) - No entries found in this directory
[Nov 17 05:38:14 A -05:00] ERROR RepCalcs(0) - Missing Contract Data file for Volt
[Nov 17 05:38:14 A -05:00] WARN  RepCalcs(0) - Missing Remote Contract File
[Nov 17 05:38:14 A -05:00] WARN  RepCalcs(0) - XXX Since this REP has an Active Certificate, we are going to reload the most recent Contract File locally...
[Nov 17 05:38:14 A -05:00] ERROR RepCalcs(0) - No Contract File to download and none found locally ( in fact no files in FTPFiles at all! )
[Nov 17 05:38:14 A -05:00] INFO  RepCalcs(0) - 
[Nov 17 05:38:14 A -05:00] INFO  RepData(0) - Inserting COUNT of Errors in file to database...
[Nov 17 05:38:14 A -05:00] INFO  RepCalcs(0) - Switching to SFTP for RepId: 76
[Nov 17 05:38:14 A -05:00] INFO  RepData(0) - Querying Data Error Codes and Description...
[Nov 17 05:38:14 A -05:00] INFO  RepCalcs(0) - ****************************************************************
[Nov 17 05:38:14 A -05:00] INFO  RepCalcs(0) - Download Contracts for Atlantic ( mailbox repclient76, repId 76 )
[Nov 17 05:38:14 A -05:00] INFO  RepCalcs(0) - ****************************************************************
[Nov 17 05:38:14 A -05:00] ERROR RepCalcs(0) - Missing Contract Data file for Atlantic
[Nov 17 05:38:14 A -05:00] WARN  RepCalcs(0) - Missing Remote Contract File
[Nov 17 05:38:14 A -05:00] WARN  RepCalcs(0) - XXX Since this REP has an Active Certificate, we are going to reload the most recent Contract File locally...
[Nov 17 05:38:14 A -05:00] ERROR RepCalcs(0) - No Contract File to download and none found locally ( in fact no files in FTPFiles at all! )
[Nov 17 05:38:14 A -05:00] INFO  RepCalcs(0) - 
[Nov 17 05:38:14 A -05:00] INFO  RepData(0) - Inserting COUNT of Errors in file to database...
[Nov 17 05:38:14 A -05:00] INFO  RepCalcs(0) - Switching to SFTP for RepId: 66
[Nov 17 05:38:14 A -05:00] INFO  RepData(0) - Querying Data Error Codes and Description...
[Nov 17 05:38:14 A -05:00] INFO  RepCalcs(0) - ****************************************************************
[Nov 17 05:38:14 A -05:00] INFO  RepCalcs(0) - Download Contracts for Genie Energy ( mailbox repclient66, repId 66 )
[Nov 17 05:38:14 A -05:00] INFO  RepCalcs(0) - ****************************************************************
[Nov 17 05:38:15 A -05:00] WARN  RepCalcs(0) - No entries found in this directory
[Nov 17 05:38:15 A -05:00] ERROR RepCalcs(0) - Missing Contract Data file for Genie Energy
[Nov 17 05:38:15 A -05:00] WARN  RepCalcs(0) - Missing Remote Contract File
[Nov 17 05:38:15 A -05:00] WARN  RepCalcs(0) - XXX Since this REP has an Active Certificate, we are going to reload the most recent Contract File locally...
[Nov 17 05:38:15 A -05:00] ERROR RepCalcs(0) - No Contract File to download and none found locally ( in fact no files in FTPFiles at all! )
[Nov 17 05:38:15 A -05:00] INFO  RepCalcs(0) - 
[Nov 17 05:38:15 A -05:00] INFO  RepData(0) - Inserting COUNT of Errors in file to database...
[Nov 17 05:38:15 A -05:00] INFO  RepCalcs(0) - Switching to SFTP for RepId: 46
[Nov 17 05:38:15 A -05:00] INFO  RepData(0) - Querying Data Error Codes and Description...
[Nov 17 05:38:15 A -05:00] INFO  RepCalcs(0) - ****************************************************************
[Nov 17 05:38:15 A -05:00] INFO  RepCalcs(0) - Download Contracts for Discount ( mailbox repclient46, repId 46 )
[Nov 17 05:38:15 A -05:00] INFO  RepCalcs(0) - ****************************************************************
[Nov 17 05:38:16 A -05:00] WARN  RepCalcs(0) - No entries found in this directory
[Nov 17 05:38:16 A -05:00] ERROR RepCalcs(0) - Missing Contract Data file for Discount
[Nov 17 05:38:16 A -05:00] WARN  RepCalcs(0) - Missing Remote Contract File
[Nov 17 05:38:16 A -05:00] WARN  RepCalcs(0) - XXX Since this REP has an Active Certificate, we are going to reload the most recent Contract File locally...
[Nov 17 05:38:16 A -05:00] ERROR RepCalcs(0) - No Contract File to download and none found locally ( in fact no files in FTPFiles at all! )
[Nov 17 05:38:16 A -05:00] INFO  RepCalcs(0) - 
[Nov 17 05:38:16 A -05:00] INFO  RepData(0) - Inserting COUNT of Errors in file to database...
[Nov 17 05:38:16 A -05:00] INFO  RepCalcs(0) - Switching to SFTP for RepId: 41
[Nov 17 05:38:16 A -05:00] INFO  RepData(0) - Querying Data Error Codes and Description...
[Nov 17 05:38:16 A -05:00] INFO  RepCalcs(0) - ****************************************************************
[Nov 17 05:38:16 A -05:00] INFO  RepCalcs(0) - Download Contracts for GB Power ( mailbox repclient81, repId 41 )
[Nov 17 05:38:16 A -05:00] INFO  RepCalcs(0) - ****************************************************************
[Nov 17 05:38:16 A -05:00] INFO  RepCalcs(0) - ** Found a file to download GBPower_Contract_111618.csv **
[Nov 17 05:38:17 A -05:00] INFO  RepCalcs(0) - Processing GB PowerContracts-111618-4731.csv
[Nov 17 05:38:17 A -05:00] INFO  RepCalcs(0) - Moving GB PowerContracts-2018.11.17.zip to NDrive...
[Nov 17 05:38:18 A -05:00] INFO  RepCalcs(0) - Done
[Nov 17 05:38:18 A -05:00] INFO  RepCalcs(0) - Scrubbing...
[Nov 17 05:38:18 A -05:00] INFO  RepCalcs(0) - Done
[Nov 17 05:38:18 A -05:00] INFO  RepCalcs(0) - Loading...
[Nov 17 05:38:18 A -05:00] INFO  RepData(0) - Querying pre calculated variable contract margins for repId 41
[Nov 17 05:38:27 A -05:00] WARN  InputFile(0) - Syntax Errors: 378
[Nov 17 05:38:27 A -05:00] WARN  InputFile(0) - Missing Usage: 210
[Nov 17 05:38:27 A -05:00] WARN  InputFile(0) - Missing Margins: 0
[Nov 17 05:38:27 A -05:00] WARN  InputFile(0) - Capped Margins (Power): 0
[Nov 17 05:38:27 A -05:00] WARN  InputFile(0) - Capped Margins (Gas): 0
[Nov 17 05:38:27 A -05:00] WARN  InputFile(0) - Expired Contracts: 100
[Nov 17 05:38:27 A -05:00] INFO  InputFile(0) - There were 1,624 lines of data ( incl header ) and 378 lines with syntax errors and 0 warnings
[Nov 17 05:38:27 A -05:00] INFO  RepCalcs(0) - Found 1,158 Valid Contracts and 378 Errors and 0 Warnings for GB Power and repclient81
[Nov 17 05:38:27 A -05:00] ERROR RepCalcs(0) - XXX There were errors in the file, please see RepCalcs Contract log for details XXX
[Nov 17 05:38:27 A -05:00] INFO  RepData(0) - Inserting COUNT of Errors in file to database...
[Nov 17 05:38:31 A -05:00] INFO  RepData(0) - ReplacePortfolioOp moved 2292 contracts out of the way for RepId: 41
[Nov 17 05:38:31 A -05:00] INFO  RepData(0) - Inserting Contracts...
[Nov 17 05:38:37 A -05:00] INFO  RepData(0) - ** Inserted 1158 new Contracts **
[Nov 17 05:38:37 A -05:00] INFO  RepCalcs(0) - Residential...
[Nov 17 05:38:37 A -05:00] INFO  RepCalcs(0) - Inserting 71 months of Fixed Contract Volumes
[Nov 17 05:38:37 A -05:00] INFO  RepCalcs(0) - Inserting 0 months of Var Contract Volumes
[Nov 17 05:38:37 A -05:00] INFO  RepCalcs(0) - Inserting 0 months of Cap Contract Volumes
[Nov 17 05:38:37 A -05:00] INFO  RepCalcs(0) - INSERTING DETAILED RESIDENTIAL CONTRACT VOLUMES
[Nov 17 05:38:37 A -05:00] INFO  RepCalcs(0) - Inserting 107 rows of DETAILED Fixed Contract Volumes
[Nov 17 05:38:37 A -05:00] INFO  RepCalcs(0) - Inserting 0 rows of DETAILED Fixed Pass Thru Contract Volumes
[Nov 17 05:38:37 A -05:00] INFO  RepCalcs(0) - Inserting 0 rows of DETAILED  Variable Contract Volumes
[Nov 17 05:38:37 A -05:00] INFO  RepCalcs(0) - Inserting 0 rows of DETAILED  Capped Contract Volumes
[Nov 17 05:38:37 A -05:00] INFO  RepCalcs(0) - Inserting 0 rows of DETAILED  Fixed_Adder Contract Volumes
[Nov 17 05:38:37 A -05:00] INFO  RepCalcs(0) - Commercial...
[Nov 17 05:38:37 A -05:00] INFO  RepCalcs(0) - Inserting 56 months of Fixed Contract Volumes
[Nov 17 05:38:37 A -05:00] INFO  RepCalcs(0) - Inserting 0 months of Var Contract Volumes
[Nov 17 05:38:37 A -05:00] INFO  RepCalcs(0) - Inserting 0 months of Cap Contract Volumes
[Nov 17 05:38:37 A -05:00] INFO  RepCalcs(0) - INSERTING DETAILED COMMERCIAL CONTRACT VOLUMES
[Nov 17 05:38:37 A -05:00] INFO  RepCalcs(0) - Inserting 94 rows of DETAILED Fixed Contract Volumes
[Nov 17 05:38:38 A -05:00] INFO  RepCalcs(0) - Inserting 0 rows of DETAILED Fixed Pass Thru Contract Volumes
[Nov 17 05:38:38 A -05:00] INFO  RepCalcs(0) - Inserting 0 rows of DETAILED  Variable Contract Volumes
[Nov 17 05:38:38 A -05:00] INFO  RepCalcs(0) - Inserting 0 rows of DETAILED  Capped Contract Volumes
[Nov 17 05:38:38 A -05:00] INFO  RepCalcs(0) - Inserting 0 rows of DETAILED  Fixed_Adder Contract Volumes
[Nov 17 05:38:38 A -05:00] INFO  RepCalcs(0) - Done
[Nov 17 05:38:38 A -05:00] INFO  RepData(0) - linkContractsProducts returns 1158
[Nov 17 05:38:38 A -05:00] INFO  RepData(0) - Looking for Orphan Power contracts
[Nov 17 05:38:38 A -05:00] INFO  RepData(0) - linkContractsProducts2 returns 0
[Nov 17 05:38:38 A -05:00] INFO  RepData(0) - Looking for Orphan Gas contracts
[Nov 17 05:38:38 A -05:00] INFO  RepData(0) - linkContractsProducts3 returns 0
[Nov 17 05:38:38 A -05:00] INFO  RepCalcs(0) - Skipping cleanup
[Nov 17 05:38:38 A -05:00] INFO  RepCalcs(0) - Switching to SFTP for RepId: 21
[Nov 17 05:38:38 A -05:00] INFO  RepData(0) - Querying Data Error Codes and Description...
[Nov 17 05:38:38 A -05:00] INFO  RepCalcs(0) - ****************************************************************
[Nov 17 05:38:38 A -05:00] INFO  RepCalcs(0) - Download Contracts for Lexington ( mailbox repclient13, repId 21 )
[Nov 17 05:38:38 A -05:00] INFO  RepCalcs(0) - ****************************************************************
[Nov 17 05:38:39 A -05:00] INFO  RepCalcs(0) - ** Found a file to download Customer Contracts_in_EDF_Format-Lexington-11162018.csv **
[Nov 17 05:38:39 A -05:00] INFO  RepCalcs(0) - Processing LexingtonContracts-111618-4731.csv
[Nov 17 05:38:39 A -05:00] INFO  RepCalcs(0) - Moving LexingtonContracts-2018.11.17.zip to NDrive...
[Nov 17 05:38:39 A -05:00] INFO  RepCalcs(0) - Done
[Nov 17 05:38:39 A -05:00] INFO  RepCalcs(0) - Scrubbing...
[Nov 17 05:38:39 A -05:00] INFO  RepCalcs(0) - Done
[Nov 17 05:38:39 A -05:00] INFO  RepCalcs(0) - Loading...
[Nov 17 05:38:39 A -05:00] INFO  RepData(0) - Querying pre calculated variable contract margins for repId 21
[Nov 17 05:38:55 A -05:00] WARN  InputFile(0) - Syntax Errors: 5
[Nov 17 05:38:55 A -05:00] WARN  InputFile(0) - Missing Usage: 14
[Nov 17 05:38:55 A -05:00] WARN  InputFile(0) - Missing Margins: 1
[Nov 17 05:38:55 A -05:00] WARN  InputFile(0) - Capped Margins (Power): 886
[Nov 17 05:38:55 A -05:00] WARN  InputFile(0) - Capped Margins (Gas): 560
[Nov 17 05:38:55 A -05:00] WARN  InputFile(0) - Expired Contracts: 1
[Nov 17 05:38:55 A -05:00] INFO  InputFile(0) - There were 1,687 lines of data ( incl header ) and 5 lines with syntax errors and 0 warnings
[Nov 17 05:38:55 A -05:00] INFO  RepCalcs(0) - Found 1,673 Valid Contracts and 5 Errors and 0 Warnings for Lexington and repclient13
[Nov 17 05:38:55 A -05:00] ERROR RepCalcs(0) - XXX There were errors in the file, please see RepCalcs Contract log for details XXX
[Nov 17 05:38:55 A -05:00] INFO  RepData(0) - Inserting COUNT of Errors in file to database...
[Nov 17 05:38:55 A -05:00] INFO  RepData(0) - ReplacePortfolioOp moved 3402 contracts out of the way for RepId: 21
[Nov 17 05:38:55 A -05:00] INFO  RepData(0) - Inserting Contracts...
[Nov 17 05:39:05 A -05:00] INFO  RepData(0) - ** Inserted 1673 new Contracts **
[Nov 17 05:39:05 A -05:00] INFO  RepCalcs(0) - Residential...
[Nov 17 05:39:05 A -05:00] INFO  RepCalcs(0) - Inserting 63 months of Fixed Contract Volumes
[Nov 17 05:39:05 A -05:00] INFO  RepCalcs(0) - Inserting 76 months of Var Contract Volumes
[Nov 17 05:39:05 A -05:00] INFO  RepCalcs(0) - Inserting 0 months of Cap Contract Volumes
[Nov 17 05:39:05 A -05:00] INFO  RepCalcs(0) - INSERTING DETAILED RESIDENTIAL CONTRACT VOLUMES
[Nov 17 05:39:05 A -05:00] INFO  RepCalcs(0) - Inserting 74 rows of DETAILED Fixed Contract Volumes
[Nov 17 05:39:05 A -05:00] INFO  RepCalcs(0) - Inserting 0 rows of DETAILED Fixed Pass Thru Contract Volumes
[Nov 17 05:39:05 A -05:00] INFO  RepCalcs(0) - Inserting 304 rows of DETAILED  Variable Contract Volumes
[Nov 17 05:39:06 A -05:00] INFO  RepCalcs(0) - Inserting 0 rows of DETAILED  Capped Contract Volumes
[Nov 17 05:39:06 A -05:00] INFO  RepCalcs(0) - Inserting 0 rows of DETAILED  Fixed_Adder Contract Volumes
[Nov 17 05:39:06 A -05:00] INFO  RepCalcs(0) - Commercial...
[Nov 17 05:39:06 A -05:00] INFO  RepCalcs(0) - Inserting 91 months of Fixed Contract Volumes
[Nov 17 05:39:06 A -05:00] INFO  RepCalcs(0) - Inserting 76 months of Var Contract Volumes
[Nov 17 05:39:06 A -05:00] INFO  RepCalcs(0) - Inserting 0 months of Cap Contract Volumes
[Nov 17 05:39:06 A -05:00] INFO  RepCalcs(0) - INSERTING DETAILED COMMERCIAL CONTRACT VOLUMES
[Nov 17 05:39:06 A -05:00] INFO  RepCalcs(0) - Inserting 112 rows of DETAILED Fixed Contract Volumes
[Nov 17 05:39:06 A -05:00] INFO  RepCalcs(0) - Inserting 0 rows of DETAILED Fixed Pass Thru Contract Volumes
[Nov 17 05:39:06 A -05:00] INFO  RepCalcs(0) - Inserting 190 rows of DETAILED  Variable Contract Volumes
[Nov 17 05:39:07 A -05:00] INFO  RepCalcs(0) - Inserting 0 rows of DETAILED  Capped Contract Volumes
[Nov 17 05:39:07 A -05:00] INFO  RepCalcs(0) - Inserting 0 rows of DETAILED  Fixed_Adder Contract Volumes
[Nov 17 05:39:07 A -05:00] INFO  RepCalcs(0) - Done
[Nov 17 05:39:07 A -05:00] INFO  RepData(0) - linkContractsProducts returns 1673
[Nov 17 05:39:07 A -05:00] INFO  RepData(0) - Looking for Orphan Power contracts
[Nov 17 05:39:07 A -05:00] INFO  RepData(0) - linkContractsProducts2 returns 0
[Nov 17 05:39:07 A -05:00] INFO  RepData(0) - Looking for Orphan Gas contracts
[Nov 17 05:39:07 A -05:00] INFO  RepData(0) - linkContractsProducts3 returns 0
[Nov 17 05:39:07 A -05:00] INFO  RepCalcs(0) - Skipping cleanup
[Nov 17 05:39:07 A -05:00] INFO  RepCalcs(0) - Switching to SFTP for RepId: 6
[Nov 17 05:39:07 A -05:00] INFO  RepData(0) - Querying Data Error Codes and Description...
[Nov 17 05:39:07 A -05:00] INFO  RepCalcs(0) - ****************************************************************
[Nov 17 05:39:07 A -05:00] INFO  RepCalcs(0) - Download Contracts for APG ( mailbox repclient12, repId 6 )
[Nov 17 05:39:07 A -05:00] INFO  RepCalcs(0) - ****************************************************************
[Nov 17 05:39:08 A -05:00] INFO  RepCalcs(0) - ** Found a file to download AP&G2Vantage111618.csv **
[Nov 17 05:39:34 A -05:00] INFO  RepCalcs(0) - Processing APGContracts-111618-4731.csv
[Nov 17 05:39:40 A -05:00] INFO  RepCalcs(0) - Moving APGContracts-2018.11.17.zip to NDrive...
[Nov 17 05:39:40 A -05:00] INFO  RepCalcs(0) - Done
[Nov 17 05:39:40 A -05:00] INFO  RepCalcs(0) - Scrubbing...
[Nov 17 05:39:51 A -05:00] INFO  RepCalcs(0) - Done
[Nov 17 05:39:51 A -05:00] INFO  RepCalcs(0) - Loading...
[Nov 17 05:39:51 A -05:00] INFO  RepData(0) - Querying pre calculated variable contract margins for repId 6
[Nov 17 06:40:16 A -05:00] WARN  InputFile(0) - Syntax Errors: 3
[Nov 17 06:40:16 A -05:00] WARN  InputFile(0) - Missing Usage: 1,120
[Nov 17 06:40:16 A -05:00] WARN  InputFile(0) - Missing Margins: 3
[Nov 17 06:40:16 A -05:00] WARN  InputFile(0) - Capped Margins (Power): 94,272
[Nov 17 06:40:16 A -05:00] WARN  InputFile(0) - Capped Margins (Gas): 35,265
[Nov 17 06:40:16 A -05:00] WARN  InputFile(0) - Expired Contracts: 0
[Nov 17 06:40:16 A -05:00] INFO  InputFile(0) - There were 133,620 lines of data ( incl header ) and 3 lines with syntax errors and 0 warnings
[Nov 17 06:40:18 A -05:00] INFO  RepCalcs(0) - Found 133,616 Valid Contracts and 3 Errors and 0 Warnings for APG and repclient12
[Nov 17 06:40:18 A -05:00] ERROR RepCalcs(0) - XXX There were errors in the file, please see RepCalcs Contract log for details XXX
[Nov 17 06:40:18 A -05:00] INFO  RepData(0) - Inserting COUNT of Errors in file to database...
[Nov 17 06:40:22 A -05:00] INFO  RepData(0) - ReplacePortfolioOp moved 267180 contracts out of the way for RepId: 6
[Nov 17 06:40:22 A -05:00] INFO  RepData(0) - Inserting Contracts...
[Nov 17 06:53:28 A -05:00] INFO  RepData(0) - ** Inserted 133616 new Contracts **
[Nov 17 06:53:28 A -05:00] INFO  RepCalcs(0) - Residential...
[Nov 17 06:53:28 A -05:00] INFO  RepCalcs(0) - Inserting 0 months of Fixed Contract Volumes
[Nov 17 06:53:28 A -05:00] INFO  RepCalcs(0) - Inserting 665 months of Var Contract Volumes
[Nov 17 06:53:29 A -05:00] INFO  RepCalcs(0) - Inserting 0 months of Cap Contract Volumes
[Nov 17 06:53:29 A -05:00] INFO  RepCalcs(0) - INSERTING DETAILED RESIDENTIAL CONTRACT VOLUMES
[Nov 17 06:53:29 A -05:00] INFO  RepCalcs(0) - Inserting 0 rows of DETAILED Fixed Contract Volumes
[Nov 17 06:53:29 A -05:00] INFO  RepCalcs(0) - Inserting 0 rows of DETAILED Fixed Pass Thru Contract Volumes
[Nov 17 06:53:29 A -05:00] INFO  RepCalcs(0) - Inserting 1196 rows of DETAILED  Variable Contract Volumes
[Nov 17 06:53:32 A -05:00] INFO  RepCalcs(0) - Inserting 0 rows of DETAILED  Capped Contract Volumes
[Nov 17 06:53:32 A -05:00] INFO  RepCalcs(0) - Inserting 0 rows of DETAILED  Fixed_Adder Contract Volumes
[Nov 17 06:53:32 A -05:00] INFO  RepCalcs(0) - Commercial...
[Nov 17 06:53:32 A -05:00] INFO  RepCalcs(0) - Inserting 0 months of Fixed Contract Volumes
[Nov 17 06:53:32 A -05:00] INFO  RepCalcs(0) - Inserting 703 months of Var Contract Volumes
[Nov 17 06:53:33 A -05:00] INFO  RepCalcs(0) - Inserting 0 months of Cap Contract Volumes
[Nov 17 06:53:33 A -05:00] INFO  RepCalcs(0) - INSERTING DETAILED COMMERCIAL CONTRACT VOLUMES
[Nov 17 06:53:33 A -05:00] INFO  RepCalcs(0) - Inserting 0 rows of DETAILED Fixed Contract Volumes
[Nov 17 06:53:33 A -05:00] INFO  RepCalcs(0) - Inserting 0 rows of DETAILED Fixed Pass Thru Contract Volumes
[Nov 17 06:53:33 A -05:00] INFO  RepCalcs(0) - Inserting 1406 rows of DETAILED  Variable Contract Volumes
[Nov 17 06:53:36 A -05:00] INFO  RepCalcs(0) - Inserting 0 rows of DETAILED  Capped Contract Volumes
[Nov 17 06:53:36 A -05:00] INFO  RepCalcs(0) - Inserting 0 rows of DETAILED  Fixed_Adder Contract Volumes
[Nov 17 06:53:36 A -05:00] INFO  RepCalcs(0) - Done
[Nov 17 06:53:37 A -05:00] INFO  RepData(0) - linkContractsProducts returns 133616
[Nov 17 06:53:37 A -05:00] INFO  RepData(0) - Looking for Orphan Power contracts
[Nov 17 06:53:37 A -05:00] INFO  RepData(0) - linkContractsProducts2 returns 0
[Nov 17 06:53:37 A -05:00] INFO  RepData(0) - Looking for Orphan Gas contracts
[Nov 17 06:53:37 A -05:00] INFO  RepData(0) - linkContractsProducts3 returns 0
[Nov 17 06:53:37 A -05:00] INFO  RepCalcs(0) - Skipping cleanup
[Nov 17 06:53:37 A -05:00] INFO  RepCalcs(0) - ********************* Contract Files processing complete. Processed 3 files *********************
[Nov 17 06:53:37 A -05:00] INFO  RepCalcs(0) - Running analysis on processed client data
[Nov 17 06:53:37 A -05:00] INFO  RepCalcs(0) - Skipping updating Contract History
[Nov 17 06:53:37 A -05:00] INFO  RepCalcs(0) - Calculating 18 month load for Monthly contracts (Special case for Macquarie)
[Nov 17 06:53:39 A -05:00] INFO  RepCalcs(0) - Done with 18 month load calculation
[Nov 17 06:53:39 A -05:00] INFO  RepCalcs(0) - Running sp_clrRepAnalysis...
[Nov 17 06:54:29 A -05:00] INFO  RepCalcs(0) - Done
[Nov 17 06:54:29 A -05:00] INFO  RepData(0) - Querying Hedge based haircut assumptions for NPV
[Nov 17 06:54:29 A -05:00] INFO  RepData(0) - Done
[Nov 17 06:54:29 A -05:00] INFO  RepData(0) - Querying Average Weighted Hedge Prices for Clients
[Nov 17 06:54:29 A -05:00] INFO  RepData(0) - Done
[Nov 17 06:54:29 A -05:00] INFO  RepData(0) - Loaded 21 esco supplier mappings
[Nov 17 06:54:29 A -05:00] INFO  RepCalcs(0) - RUNNING Hedge based Haircuts on PV to get Forward Values 
[Nov 17 06:54:30 A -05:00] INFO  RepCalcs(0) - Replaced 0 values in Esco Assets
[Nov 17 06:54:30 A -05:00] INFO  RepCalcs(0) - Inserted 2 values for RepId 6 to Esco Assets for hedge haircutted Forward Value (PV).
[Nov 17 06:54:32 A -05:00] INFO  RepCalcs(0) - Replaced 0 values in Esco Assets
[Nov 17 06:54:32 A -05:00] INFO  RepCalcs(0) - Inserted 4 values for RepId 21 to Esco Assets for hedge haircutted Forward Value (PV).
[Nov 17 06:54:33 A -05:00] INFO  RepCalcs(0) - Replaced 0 values in Esco Assets
[Nov 17 06:54:33 A -05:00] INFO  RepCalcs(0) - Inserted 1 values for RepId 41 to Esco Assets for hedge haircutted Forward Value (PV).
[Nov 17 06:54:35 A -05:00] INFO  RepCalcs(0) - Replaced 0 values in Esco Assets
[Nov 17 06:54:35 A -05:00] INFO  RepCalcs(0) - Inserted 0 values for RepId 46 to Esco Assets for hedge haircutted Forward Value (PV).
[Nov 17 06:54:36 A -05:00] INFO  RepCalcs(0) - Replaced 0 values in Esco Assets
[Nov 17 06:54:36 A -05:00] INFO  RepCalcs(0) - Inserted 0 values for RepId 66 to Esco Assets for hedge haircutted Forward Value (PV).
[Nov 17 06:54:37 A -05:00] INFO  RepCalcs(0) - Replaced 0 values in Esco Assets
[Nov 17 06:54:37 A -05:00] INFO  RepCalcs(0) - Inserted 0 values for RepId 76 to Esco Assets for hedge haircutted Forward Value (PV).
[Nov 17 06:54:39 A -05:00] INFO  RepCalcs(0) - Replaced 0 values in Esco Assets
[Nov 17 06:54:39 A -05:00] INFO  RepCalcs(0) - Inserted 0 values for RepId 85 to Esco Assets for hedge haircutted Forward Value (PV).
[Nov 17 06:54:39 A -05:00] INFO  RepCalcs(0) - Done
[Nov 17 06:54:39 A -05:00] INFO  RepCalcs(0) - UPDATING RCE Count in Esco Assets
[Nov 17 06:54:40 A -05:00] INFO  RepData(0) - ESCO assets rows updated= 7
[Nov 17 06:54:40 A -05:00] INFO  RepCalcs(0) - Done
[Nov 17 06:54:40 A -05:00] INFO  RepCalcs(0) - UPDATING PV values in Daily Compliance table
[Nov 17 06:54:40 A -05:00] INFO  RepData(0) - Compliance PV rows updated= 3
[Nov 17 06:54:40 A -05:00] INFO  RepCalcs(0) - Done
[Nov 17 06:54:40 A -05:00] INFO  RepCalcs(0) - Inserting data into Contract Metrics table
[Nov 17 06:54:42 A -05:00] INFO  RepCalcs(0) - Done
[Nov 17 06:54:42 A -05:00] INFO  RepData(0) - Loaded 21 esco supplier mappings
[Nov 17 06:54:42 A -05:00] INFO  RepCalcs(0) - RUNNING Esco Out of Money Position calculations
[Nov 17 06:54:42 A -05:00] INFO  RepCalcs(0) - Replacing ESCO Money Positions data for repId 85
[Nov 17 06:54:42 A -05:00] INFO  RepData(0) - Replaced 0 EscoInMoneyPositions values for repId 85
[Nov 17 06:54:42 A -05:00] INFO  RepCalcs(0) - Done
[Nov 17 06:54:42 A -05:00] INFO  RepCalcs(0) - Replacing ESCO Money Positions data for repId 76
[Nov 17 06:54:42 A -05:00] INFO  RepData(0) - Replaced 0 EscoInMoneyPositions values for repId 76
[Nov 17 06:54:42 A -05:00] INFO  RepCalcs(0) - Done
[Nov 17 06:54:42 A -05:00] INFO  RepCalcs(0) - Replacing ESCO Money Positions data for repId 66
[Nov 17 06:54:42 A -05:00] INFO  RepData(0) - Replaced 0 EscoInMoneyPositions values for repId 66
[Nov 17 06:54:42 A -05:00] INFO  RepCalcs(0) - Done
[Nov 17 06:54:42 A -05:00] INFO  RepCalcs(0) - Replacing ESCO Money Positions data for repId 46
[Nov 17 06:54:42 A -05:00] INFO  RepData(0) - Replaced 0 EscoInMoneyPositions values for repId 46
[Nov 17 06:54:42 A -05:00] INFO  RepCalcs(0) - Done
[Nov 17 06:54:42 A -05:00] INFO  RepCalcs(0) - Replacing ESCO Money Positions data for repId 41
[Nov 17 06:54:42 A -05:00] INFO  RepData(0) - Replaced 0 EscoInMoneyPositions values for repId 41
[Nov 17 06:54:42 A -05:00] INFO  RepCalcs(0) - Done
[Nov 17 06:54:42 A -05:00] INFO  RepCalcs(0) - Replacing ESCO Money Positions data for repId 21
[Nov 17 06:54:42 A -05:00] INFO  RepData(0) - Replaced 0 EscoInMoneyPositions values for repId 21
[Nov 17 06:54:44 A -05:00] INFO  RepCalcs(0) - Inserting Esco In Money Positions data rows for repId 21 and Commodity 0
[Nov 17 06:54:44 A -05:00] INFO  RepCalcs(0) - Inserting Esco Out of Money Positions data rows for repId 21 and Commodity 0
[Nov 17 06:54:44 A -05:00] INFO  RepCalcs(0) - Done
[Nov 17 06:54:44 A -05:00] INFO  RepCalcs(0) - Replacing ESCO Money Positions data for repId 6
[Nov 17 06:54:44 A -05:00] INFO  RepData(0) - Replaced 0 EscoInMoneyPositions values for repId 6
[Nov 17 06:54:45 A -05:00] INFO  RepCalcs(0) - Inserting Esco In Money Positions data rows for repId 6 and Commodity 0
[Nov 17 06:54:45 A -05:00] INFO  RepCalcs(0) - Inserting Esco Out of Money Positions data rows for repId 6 and Commodity 0
[Nov 17 06:54:45 A -05:00] INFO  RepCalcs(0) - Done
[Nov 17 06:54:45 A -05:00] INFO  RepCalcs(0) - RUNNING calculation of Adjusted Forward Value of Customer Contracts code aka AFVCC.
[Nov 17 06:54:45 A -05:00] INFO  CalculateAfvcc.AfvccCalculator(200) - ********************************************************************************
[Nov 17 06:54:45 A -05:00] INFO  CalculateAfvcc.AfvccCalculator(201) - Starting 'CalculateAfvcc'
[Nov 17 06:54:45 A -05:00] INFO  CalculateAfvcc.AfvccCalculator(202) - RunDate = 11/17/2018 3:59:59 AM
[Nov 17 06:54:45 A -05:00] INFO  CalculateAfvcc.AfvccCalculator(203) - Run User = repcalcs
[Nov 17 06:54:45 A -05:00] INFO  CalculateAfvcc.AfvccCalculator(55) - Invalidating Afvcc values in OrganizationCompliance table for rundate: 11/17/2018 12:00:00 AM
[Nov 17 06:54:48 A -05:00] INFO  CalculateAfvcc.AfvccCalculator(66) - Invalidating values in EscoAdjustedForwardValues table for rundate: 11/17/2018 12:00:00 AM
[Nov 17 06:54:48 A -05:00] INFO  CalculateAfvcc.AfvccCalculator(76) - Done.
[Nov 17 06:54:48 A -05:00] INFO  CalculateAfvcc.AfvccCalculator(113) - Calculating Esco Adjusted Forward Value for EscoId: 6
[Nov 17 06:54:48 A -05:00] INFO  CalculateAfvcc.AfvccCalculator(113) - Calculating Esco Adjusted Forward Value for EscoId: 21
[Nov 17 06:54:48 A -05:00] INFO  CalculateAfvcc.AfvccCalculator(113) - Calculating Esco Adjusted Forward Value for EscoId: 41
[Nov 17 06:54:48 A -05:00] INFO  CalculateAfvcc.AfvccCalculator(113) - Calculating Esco Adjusted Forward Value for EscoId: 46
[Nov 17 06:54:48 A -05:00] INFO  CalculateAfvcc.AfvccCalculator(113) - Calculating Esco Adjusted Forward Value for EscoId: 66
[Nov 17 06:54:48 A -05:00] INFO  CalculateAfvcc.AfvccCalculator(113) - Calculating Esco Adjusted Forward Value for EscoId: 76
[Nov 17 06:54:48 A -05:00] INFO  CalculateAfvcc.AfvccCalculator(113) - Calculating Esco Adjusted Forward Value for EscoId: 85
[Nov 17 06:54:48 A -05:00] INFO  CalculateAfvcc.AfvccCalculator(144) - Done.
[Nov 17 06:54:48 A -05:00] INFO  CalculateAfvcc.AfvccCalculator(185) - Running calculations for Afvcc
[Nov 17 06:54:48 A -05:00] INFO  CalculateAfvcc.AfvccCalculator(188) - Done.
[Nov 17 06:54:48 A -05:00] INFO  CalculateAfvcc.AfvccCalculator(94) - Saving changes in Compliance Db
[Nov 17 06:54:49 A -05:00] INFO  CalculateAfvcc.AfvccCalculator(96) - Done.
[Nov 17 06:54:49 A -05:00] INFO  RepCalcs(0) - CalculateAfvcc is complete.
[Nov 17 06:54:49 A -05:00] INFO  RepCalcs(0) - Running sp_clrRepConcRisk...
[Nov 17 06:55:00 A -05:00] INFO  RepCalcs(0) - Done
[Nov 17 06:55:00 A -05:00] INFO  RepCalcs(0) - Running RCE calculation update in daily compliance table...
[Nov 17 06:55:00 A -05:00] INFO  RepData(0) - Daily Compliance rows updated= 3
[Nov 17 06:55:00 A -05:00] INFO  RepCalcs(0) - Done
[Nov 17 06:55:01 A -05:00] INFO  RepCalcs(0) - ~~~~~~~~~~~~~~~~~~~~~~
[Nov 17 06:55:01 A -05:00] INFO  RepCalcs(0) - ~~ Finished RepCalcs ~
[Nov 17 06:55:01 A -05:00] INFO  RepCalcs(0) - ~~~~~~~~~~~~~~~~~~~~~~
[Nov 17 06:55:01 A -05:00] INFO  RepCalcs(0) - Sent logs in email to teamIt
