[Nov 20 05:37:53 A -05:00] INFO  RepCalcs(0) - 
[Nov 20 05:37:53 A -05:00] INFO  RepCalcs(0) - 
[Nov 20 05:37:53 A -05:00] INFO  RepCalcs(0) - Running as User: repcalcs
[Nov 20 05:37:53 A -05:00] INFO  RepCalcs(0) - arg0: 1
[Nov 20 05:37:53 A -05:00] INFO  RepCalcs(0) - arg1: 2018-11-20 03:59:59
[Nov 20 05:37:53 A -05:00] INFO  RepCalcs(0) - arg2: Edf
[Nov 20 05:37:53 A -05:00] INFO  RepCalcs(0) - 
[Nov 20 05:37:53 A -05:00] INFO  RepCalcs(0) - **********************
[Nov 20 05:37:53 A -05:00] INFO  RepCalcs(0) - ** Starting RepCalcs **
[Nov 20 05:37:53 A -05:00] INFO  RepCalcs(0) - ** ImportContracts: True **
[Nov 20 05:37:53 A -05:00] INFO  RepCalcs(0) - ** RunPVCalc: True **
[Nov 20 05:37:53 A -05:00] INFO  RepCalcs(0) - ** RunAnalysis: True **
[Nov 20 05:37:53 A -05:00] INFO  RepCalcs(0) - ** ImportSchedLoad: False **
[Nov 20 05:37:53 A -05:00] INFO  RepCalcs(0) - ** ImportReceivables: False **
[Nov 20 05:37:53 A -05:00] INFO  RepCalcs(0) - ** recreateTabDailyComp: False **
[Nov 20 05:37:53 A -05:00] INFO  RepCalcs(0) - **********************
[Nov 20 05:37:53 A -05:00] INFO  RepCalcs(0) - ProcessThruDate	2018-11-20 03:59:59
[Nov 20 05:37:53 A -05:00] INFO  RepCalcs(0) - Current Directory	D:\CE\RepCalcs
[Nov 20 05:37:53 A -05:00] INFO  RepData(0) - Loaded 1 generic config values from db
[Nov 20 05:37:53 A -05:00] INFO  RepData(0) - Loaded 7 Active REP Clients
[Nov 20 05:37:53 A -05:00] INFO  RepCalcs(0) - sourceWebDir	C:\Temp
[Nov 20 05:37:53 A -05:00] INFO  RepCalcs(0) - sourceFTPDir	FTPFiles
[Nov 20 05:37:53 A -05:00] INFO  RepCalcs(0) - downloadDir	D:\VMAC\Inetpub\VMAC\download4
[Nov 20 05:37:53 A -05:00] INFO  RepCalcs(0) - modelDir	D:\CE\RepCalcs\RepModel
[Nov 20 05:37:53 A -05:00] INFO  RepCalcs(0) - Commit True
[Nov 20 05:37:53 A -05:00] INFO  RepCalcs(0) - FixErrors False
[Nov 20 05:37:53 A -05:00] INFO  RepCalcs(0) - Xpress False
[Nov 20 05:37:53 A -05:00] INFO  RepCalcs(0) - runAlways False
[Nov 20 05:37:53 A -05:00] INFO  RepCalcs(0) - uploadResults False
[Nov 20 05:37:53 A -05:00] INFO  RepCalcs(0) - contractHistory True
[Nov 20 05:37:53 A -05:00] INFO  RepCalcs(0) - NDrive: D:\Dropbox (VCFS)\Compliance and Reporting
[Nov 20 05:37:53 A -05:00] INFO  RepCalcs(0) - FTP Cleanup False
[Nov 20 05:37:53 A -05:00] INFO  RepCalcs(0) - SFTP Cleanup False
[Nov 20 05:37:53 A -05:00] INFO  RepCalcs(0) - Email Enabled True
[Nov 20 05:37:53 A -05:00] INFO  RepCalcs(0) - Report Missing ContractFile True
[Nov 20 05:37:53 A -05:00] INFO  RepCalcs(0) - Report Missing SchedLoadFile False
[Nov 20 05:37:53 A -05:00] INFO  RepCalcs(0) - Report Missing Receivables True
[Nov 20 05:37:53 A -05:00] INFO  RepData(0) - 
[Nov 20 05:37:53 A -05:00] INFO  RepData(0) - Creating a NEW Job, with JobId 4734
[Nov 20 05:37:53 A -05:00] INFO  RepData(0) - 
[Nov 20 05:37:53 A -05:00] INFO  RepData(0) - Querying Power Prices...
[Nov 20 05:37:53 A -05:00] INFO  RepData(0) - Clearing Ptd= 11/20/2018 12:00:00 AM
[Nov 20 05:38:11 A -05:00] INFO  RepData(0) - Querying Gas Prices...
[Nov 20 05:38:13 A -05:00] INFO  RepData(0) - Done Querying Prices
[Nov 20 05:38:13 A -05:00] INFO  RepCalcs(0) - Importing new Contracts since yesterday was a Biz Day
[Nov 20 05:38:13 A -05:00] INFO  RepCalcs(0) - Deleting Contract Rows For Inactive Clients
[Nov 20 05:38:13 A -05:00] INFO  RepData(0) - Loaded 21 esco supplier mappings
[Nov 20 05:38:13 A -05:00] INFO  RepCalcs(0) - Switching to SFTP for RepId: 85
[Nov 20 05:38:13 A -05:00] INFO  RepData(0) - Querying Data Error Codes and Description...
[Nov 20 05:38:13 A -05:00] INFO  RepCalcs(0) - ****************************************************************
[Nov 20 05:38:13 A -05:00] INFO  RepCalcs(0) - Download Contracts for Volt ( mailbox repclient85, repId 85 )
[Nov 20 05:38:13 A -05:00] INFO  RepCalcs(0) - ****************************************************************
[Nov 20 05:38:13 A -05:00] WARN  RepCalcs(0) - No entries found in this directory
[Nov 20 05:38:13 A -05:00] ERROR RepCalcs(0) - Missing Contract Data file for Volt
[Nov 20 05:38:13 A -05:00] WARN  RepCalcs(0) - Missing Remote Contract File
[Nov 20 05:38:13 A -05:00] WARN  RepCalcs(0) - XXX Since this REP has an Active Certificate, we are going to reload the most recent Contract File locally...
[Nov 20 05:38:14 A -05:00] ERROR RepCalcs(0) - No Contract File to download and none found locally ( in fact no files in FTPFiles at all! )
[Nov 20 05:38:14 A -05:00] INFO  RepCalcs(0) - 
[Nov 20 05:38:14 A -05:00] INFO  RepData(0) - Inserting COUNT of Errors in file to database...
[Nov 20 05:38:14 A -05:00] INFO  RepCalcs(0) - Switching to SFTP for RepId: 76
[Nov 20 05:38:14 A -05:00] INFO  RepData(0) - Querying Data Error Codes and Description...
[Nov 20 05:38:14 A -05:00] INFO  RepCalcs(0) - ****************************************************************
[Nov 20 05:38:14 A -05:00] INFO  RepCalcs(0) - Download Contracts for Atlantic ( mailbox repclient76, repId 76 )
[Nov 20 05:38:14 A -05:00] INFO  RepCalcs(0) - ****************************************************************
[Nov 20 05:38:14 A -05:00] ERROR RepCalcs(0) - Missing Contract Data file for Atlantic
[Nov 20 05:38:14 A -05:00] WARN  RepCalcs(0) - Missing Remote Contract File
[Nov 20 05:38:14 A -05:00] WARN  RepCalcs(0) - XXX Since this REP has an Active Certificate, we are going to reload the most recent Contract File locally...
[Nov 20 05:38:14 A -05:00] ERROR RepCalcs(0) - No Contract File to download and none found locally ( in fact no files in FTPFiles at all! )
[Nov 20 05:38:14 A -05:00] INFO  RepCalcs(0) - 
[Nov 20 05:38:14 A -05:00] INFO  RepData(0) - Inserting COUNT of Errors in file to database...
[Nov 20 05:38:14 A -05:00] INFO  RepCalcs(0) - Switching to SFTP for RepId: 66
[Nov 20 05:38:14 A -05:00] INFO  RepData(0) - Querying Data Error Codes and Description...
[Nov 20 05:38:14 A -05:00] INFO  RepCalcs(0) - ****************************************************************
[Nov 20 05:38:14 A -05:00] INFO  RepCalcs(0) - Download Contracts for Genie Energy ( mailbox repclient66, repId 66 )
[Nov 20 05:38:14 A -05:00] INFO  RepCalcs(0) - ****************************************************************
[Nov 20 05:38:15 A -05:00] WARN  RepCalcs(0) - No entries found in this directory
[Nov 20 05:38:15 A -05:00] ERROR RepCalcs(0) - Missing Contract Data file for Genie Energy
[Nov 20 05:38:15 A -05:00] WARN  RepCalcs(0) - Missing Remote Contract File
[Nov 20 05:38:15 A -05:00] WARN  RepCalcs(0) - XXX Since this REP has an Active Certificate, we are going to reload the most recent Contract File locally...
[Nov 20 05:38:15 A -05:00] ERROR RepCalcs(0) - No Contract File to download and none found locally ( in fact no files in FTPFiles at all! )
[Nov 20 05:38:15 A -05:00] INFO  RepCalcs(0) - 
[Nov 20 05:38:15 A -05:00] INFO  RepData(0) - Inserting COUNT of Errors in file to database...
[Nov 20 05:38:15 A -05:00] INFO  RepCalcs(0) - Switching to SFTP for RepId: 46
[Nov 20 05:38:15 A -05:00] INFO  RepData(0) - Querying Data Error Codes and Description...
[Nov 20 05:38:15 A -05:00] INFO  RepCalcs(0) - ****************************************************************
[Nov 20 05:38:15 A -05:00] INFO  RepCalcs(0) - Download Contracts for Discount ( mailbox repclient46, repId 46 )
[Nov 20 05:38:15 A -05:00] INFO  RepCalcs(0) - ****************************************************************
[Nov 20 05:38:16 A -05:00] WARN  RepCalcs(0) - No entries found in this directory
[Nov 20 05:38:16 A -05:00] ERROR RepCalcs(0) - Missing Contract Data file for Discount
[Nov 20 05:38:16 A -05:00] WARN  RepCalcs(0) - Missing Remote Contract File
[Nov 20 05:38:16 A -05:00] WARN  RepCalcs(0) - XXX Since this REP has an Active Certificate, we are going to reload the most recent Contract File locally...
[Nov 20 05:38:16 A -05:00] ERROR RepCalcs(0) - No Contract File to download and none found locally ( in fact no files in FTPFiles at all! )
[Nov 20 05:38:16 A -05:00] INFO  RepCalcs(0) - 
[Nov 20 05:38:16 A -05:00] INFO  RepData(0) - Inserting COUNT of Errors in file to database...
[Nov 20 05:38:16 A -05:00] INFO  RepCalcs(0) - Switching to SFTP for RepId: 41
[Nov 20 05:38:16 A -05:00] INFO  RepData(0) - Querying Data Error Codes and Description...
[Nov 20 05:38:16 A -05:00] INFO  RepCalcs(0) - ****************************************************************
[Nov 20 05:38:16 A -05:00] INFO  RepCalcs(0) - Download Contracts for GB Power ( mailbox repclient81, repId 41 )
[Nov 20 05:38:16 A -05:00] INFO  RepCalcs(0) - ****************************************************************
[Nov 20 05:38:16 A -05:00] INFO  RepCalcs(0) - ** Found a file to download GBPower_Contract_111918.csv **
[Nov 20 05:38:17 A -05:00] INFO  RepCalcs(0) - Processing GB PowerContracts-111918-4734.csv
[Nov 20 05:38:17 A -05:00] INFO  RepCalcs(0) - Moving GB PowerContracts-2018.11.20.zip to NDrive...
[Nov 20 05:38:17 A -05:00] INFO  RepCalcs(0) - Done
[Nov 20 05:38:17 A -05:00] INFO  RepCalcs(0) - Scrubbing...
[Nov 20 05:38:18 A -05:00] INFO  RepCalcs(0) - Done
[Nov 20 05:38:18 A -05:00] INFO  RepCalcs(0) - Loading...
[Nov 20 05:38:18 A -05:00] INFO  RepData(0) - Querying pre calculated variable contract margins for repId 41
[Nov 20 05:38:27 A -05:00] WARN  InputFile(0) - Syntax Errors: 386
[Nov 20 05:38:27 A -05:00] WARN  InputFile(0) - Missing Usage: 209
[Nov 20 05:38:27 A -05:00] WARN  InputFile(0) - Missing Margins: 0
[Nov 20 05:38:27 A -05:00] WARN  InputFile(0) - Capped Margins (Power): 0
[Nov 20 05:38:27 A -05:00] WARN  InputFile(0) - Capped Margins (Gas): 0
[Nov 20 05:38:27 A -05:00] WARN  InputFile(0) - Expired Contracts: 101
[Nov 20 05:38:27 A -05:00] INFO  InputFile(0) - There were 1,640 lines of data ( incl header ) and 386 lines with syntax errors and 0 warnings
[Nov 20 05:38:27 A -05:00] INFO  RepCalcs(0) - Found 1,162 Valid Contracts and 386 Errors and 0 Warnings for GB Power and repclient81
[Nov 20 05:38:27 A -05:00] ERROR RepCalcs(0) - XXX There were errors in the file, please see RepCalcs Contract log for details XXX
[Nov 20 05:38:27 A -05:00] INFO  RepData(0) - Inserting COUNT of Errors in file to database...
[Nov 20 05:38:31 A -05:00] INFO  RepData(0) - ReplacePortfolioOp moved 2316 contracts out of the way for RepId: 41
[Nov 20 05:38:31 A -05:00] INFO  RepData(0) - Inserting Contracts...
[Nov 20 05:38:37 A -05:00] INFO  RepData(0) - ** Inserted 1162 new Contracts **
[Nov 20 05:38:37 A -05:00] INFO  RepCalcs(0) - Residential...
[Nov 20 05:38:37 A -05:00] INFO  RepCalcs(0) - Inserting 71 months of Fixed Contract Volumes
[Nov 20 05:38:37 A -05:00] INFO  RepCalcs(0) - Inserting 0 months of Var Contract Volumes
[Nov 20 05:38:37 A -05:00] INFO  RepCalcs(0) - Inserting 0 months of Cap Contract Volumes
[Nov 20 05:38:37 A -05:00] INFO  RepCalcs(0) - INSERTING DETAILED RESIDENTIAL CONTRACT VOLUMES
[Nov 20 05:38:37 A -05:00] INFO  RepCalcs(0) - Inserting 107 rows of DETAILED Fixed Contract Volumes
[Nov 20 05:38:38 A -05:00] INFO  RepCalcs(0) - Inserting 0 rows of DETAILED Fixed Pass Thru Contract Volumes
[Nov 20 05:38:38 A -05:00] INFO  RepCalcs(0) - Inserting 0 rows of DETAILED  Variable Contract Volumes
[Nov 20 05:38:38 A -05:00] INFO  RepCalcs(0) - Inserting 0 rows of DETAILED  Capped Contract Volumes
[Nov 20 05:38:38 A -05:00] INFO  RepCalcs(0) - Inserting 0 rows of DETAILED  Fixed_Adder Contract Volumes
[Nov 20 05:38:38 A -05:00] INFO  RepCalcs(0) - Commercial...
[Nov 20 05:38:38 A -05:00] INFO  RepCalcs(0) - Inserting 56 months of Fixed Contract Volumes
[Nov 20 05:38:38 A -05:00] INFO  RepCalcs(0) - Inserting 0 months of Var Contract Volumes
[Nov 20 05:38:38 A -05:00] INFO  RepCalcs(0) - Inserting 0 months of Cap Contract Volumes
[Nov 20 05:38:38 A -05:00] INFO  RepCalcs(0) - INSERTING DETAILED COMMERCIAL CONTRACT VOLUMES
[Nov 20 05:38:38 A -05:00] INFO  RepCalcs(0) - Inserting 94 rows of DETAILED Fixed Contract Volumes
[Nov 20 05:38:38 A -05:00] INFO  RepCalcs(0) - Inserting 0 rows of DETAILED Fixed Pass Thru Contract Volumes
[Nov 20 05:38:38 A -05:00] INFO  RepCalcs(0) - Inserting 0 rows of DETAILED  Variable Contract Volumes
[Nov 20 05:38:38 A -05:00] INFO  RepCalcs(0) - Inserting 0 rows of DETAILED  Capped Contract Volumes
[Nov 20 05:38:38 A -05:00] INFO  RepCalcs(0) - Inserting 0 rows of DETAILED  Fixed_Adder Contract Volumes
[Nov 20 05:38:38 A -05:00] INFO  RepCalcs(0) - Done
[Nov 20 05:38:38 A -05:00] INFO  RepData(0) - linkContractsProducts returns 1162
[Nov 20 05:38:38 A -05:00] INFO  RepData(0) - Looking for Orphan Power contracts
[Nov 20 05:38:38 A -05:00] INFO  RepData(0) - linkContractsProducts2 returns 0
[Nov 20 05:38:38 A -05:00] INFO  RepData(0) - Looking for Orphan Gas contracts
[Nov 20 05:38:38 A -05:00] INFO  RepData(0) - linkContractsProducts3 returns 0
[Nov 20 05:38:38 A -05:00] INFO  RepCalcs(0) - Skipping cleanup
[Nov 20 05:38:38 A -05:00] INFO  RepCalcs(0) - Switching to SFTP for RepId: 21
[Nov 20 05:38:38 A -05:00] INFO  RepData(0) - Querying Data Error Codes and Description...
[Nov 20 05:38:38 A -05:00] INFO  RepCalcs(0) - ****************************************************************
[Nov 20 05:38:38 A -05:00] INFO  RepCalcs(0) - Download Contracts for Lexington ( mailbox repclient13, repId 21 )
[Nov 20 05:38:38 A -05:00] INFO  RepCalcs(0) - ****************************************************************
[Nov 20 05:38:39 A -05:00] ERROR RepCalcs(0) - Missing Contract Data file for Lexington
[Nov 20 05:38:39 A -05:00] WARN  RepCalcs(0) - Missing Remote Contract File
[Nov 20 05:38:39 A -05:00] WARN  RepCalcs(0) - XXX Since this REP has an Active Certificate, we are going to reload the most recent Contract File locally...
[Nov 20 05:38:39 A -05:00] INFO  RepCalcs(0) - Will load up the most recent Contract File, which is: LexingtonContracts-111618-4731.csv
[Nov 20 05:38:39 A -05:00] INFO  RepCalcs(0) - Processing LexingtonContracts-111618-4731.csv
[Nov 20 05:38:39 A -05:00] INFO  RepCalcs(0) - Moving LexingtonContracts-2018.11.20.zip to NDrive...
[Nov 20 05:38:39 A -05:00] INFO  RepCalcs(0) - Done
[Nov 20 05:38:39 A -05:00] INFO  RepCalcs(0) - Scrubbing...
[Nov 20 05:38:39 A -05:00] INFO  RepCalcs(0) - Done
[Nov 20 05:38:39 A -05:00] INFO  RepCalcs(0) - Loading...
[Nov 20 05:38:39 A -05:00] INFO  RepData(0) - Querying pre calculated variable contract margins for repId 21
[Nov 20 05:38:54 A -05:00] WARN  InputFile(0) - Syntax Errors: 5
[Nov 20 05:38:54 A -05:00] WARN  InputFile(0) - Missing Usage: 14
[Nov 20 05:38:54 A -05:00] WARN  InputFile(0) - Missing Margins: 1
[Nov 20 05:38:54 A -05:00] WARN  InputFile(0) - Capped Margins (Power): 886
[Nov 20 05:38:54 A -05:00] WARN  InputFile(0) - Capped Margins (Gas): 560
[Nov 20 05:38:54 A -05:00] WARN  InputFile(0) - Expired Contracts: 1
[Nov 20 05:38:54 A -05:00] INFO  InputFile(0) - There were 1,687 lines of data ( incl header ) and 5 lines with syntax errors and 0 warnings
[Nov 20 05:38:54 A -05:00] INFO  RepCalcs(0) - Found 1,673 Valid Contracts and 5 Errors and 0 Warnings for Lexington and repclient13
[Nov 20 05:38:54 A -05:00] ERROR RepCalcs(0) - XXX There were errors in the file, please see RepCalcs Contract log for details XXX
[Nov 20 05:38:54 A -05:00] INFO  RepData(0) - Inserting COUNT of Errors in file to database...
[Nov 20 05:38:54 A -05:00] INFO  RepData(0) - ReplacePortfolioOp moved 3346 contracts out of the way for RepId: 21
[Nov 20 05:38:54 A -05:00] INFO  RepData(0) - Inserting Contracts...
[Nov 20 05:39:04 A -05:00] INFO  RepData(0) - ** Inserted 1673 new Contracts **
[Nov 20 05:39:04 A -05:00] INFO  RepCalcs(0) - Residential...
[Nov 20 05:39:04 A -05:00] INFO  RepCalcs(0) - Inserting 63 months of Fixed Contract Volumes
[Nov 20 05:39:04 A -05:00] INFO  RepCalcs(0) - Inserting 76 months of Var Contract Volumes
[Nov 20 05:39:04 A -05:00] INFO  RepCalcs(0) - Inserting 0 months of Cap Contract Volumes
[Nov 20 05:39:04 A -05:00] INFO  RepCalcs(0) - INSERTING DETAILED RESIDENTIAL CONTRACT VOLUMES
[Nov 20 05:39:04 A -05:00] INFO  RepCalcs(0) - Inserting 74 rows of DETAILED Fixed Contract Volumes
[Nov 20 05:39:04 A -05:00] INFO  RepCalcs(0) - Inserting 0 rows of DETAILED Fixed Pass Thru Contract Volumes
[Nov 20 05:39:04 A -05:00] INFO  RepCalcs(0) - Inserting 304 rows of DETAILED  Variable Contract Volumes
[Nov 20 05:39:05 A -05:00] INFO  RepCalcs(0) - Inserting 0 rows of DETAILED  Capped Contract Volumes
[Nov 20 05:39:05 A -05:00] INFO  RepCalcs(0) - Inserting 0 rows of DETAILED  Fixed_Adder Contract Volumes
[Nov 20 05:39:05 A -05:00] INFO  RepCalcs(0) - Commercial...
[Nov 20 05:39:05 A -05:00] INFO  RepCalcs(0) - Inserting 91 months of Fixed Contract Volumes
[Nov 20 05:39:05 A -05:00] INFO  RepCalcs(0) - Inserting 76 months of Var Contract Volumes
[Nov 20 05:39:05 A -05:00] INFO  RepCalcs(0) - Inserting 0 months of Cap Contract Volumes
[Nov 20 05:39:05 A -05:00] INFO  RepCalcs(0) - INSERTING DETAILED COMMERCIAL CONTRACT VOLUMES
[Nov 20 05:39:05 A -05:00] INFO  RepCalcs(0) - Inserting 112 rows of DETAILED Fixed Contract Volumes
[Nov 20 05:39:05 A -05:00] INFO  RepCalcs(0) - Inserting 0 rows of DETAILED Fixed Pass Thru Contract Volumes
[Nov 20 05:39:05 A -05:00] INFO  RepCalcs(0) - Inserting 190 rows of DETAILED  Variable Contract Volumes
[Nov 20 05:39:06 A -05:00] INFO  RepCalcs(0) - Inserting 0 rows of DETAILED  Capped Contract Volumes
[Nov 20 05:39:06 A -05:00] INFO  RepCalcs(0) - Inserting 0 rows of DETAILED  Fixed_Adder Contract Volumes
[Nov 20 05:39:06 A -05:00] INFO  RepCalcs(0) - Done
[Nov 20 05:39:06 A -05:00] INFO  RepData(0) - linkContractsProducts returns 1673
[Nov 20 05:39:06 A -05:00] INFO  RepData(0) - Looking for Orphan Power contracts
[Nov 20 05:39:06 A -05:00] INFO  RepData(0) - linkContractsProducts2 returns 0
[Nov 20 05:39:06 A -05:00] INFO  RepData(0) - Looking for Orphan Gas contracts
[Nov 20 05:39:06 A -05:00] INFO  RepData(0) - linkContractsProducts3 returns 0
[Nov 20 05:39:06 A -05:00] INFO  RepCalcs(0) - Skipping cleanup
[Nov 20 05:39:06 A -05:00] INFO  RepCalcs(0) - Switching to SFTP for RepId: 6
[Nov 20 05:39:06 A -05:00] INFO  RepData(0) - Querying Data Error Codes and Description...
[Nov 20 05:39:06 A -05:00] INFO  RepCalcs(0) - ****************************************************************
[Nov 20 05:39:06 A -05:00] INFO  RepCalcs(0) - Download Contracts for APG ( mailbox repclient12, repId 6 )
[Nov 20 05:39:06 A -05:00] INFO  RepCalcs(0) - ****************************************************************
[Nov 20 05:39:07 A -05:00] INFO  RepCalcs(0) - ** Found a file to download AP&G2Vantage111918.csv **
[Nov 20 05:39:32 A -05:00] INFO  RepCalcs(0) - Processing APGContracts-111918-4734.csv
[Nov 20 05:39:38 A -05:00] INFO  RepCalcs(0) - Moving APGContracts-2018.11.20.zip to NDrive...
[Nov 20 05:39:38 A -05:00] INFO  RepCalcs(0) - Done
[Nov 20 05:39:38 A -05:00] INFO  RepCalcs(0) - Scrubbing...
[Nov 20 05:39:49 A -05:00] INFO  RepCalcs(0) - Done
[Nov 20 05:39:49 A -05:00] INFO  RepCalcs(0) - Loading...
[Nov 20 05:39:49 A -05:00] INFO  RepData(0) - Querying pre calculated variable contract margins for repId 6
[Nov 20 06:39:48 A -05:00] WARN  InputFile(0) - Syntax Errors: 3
[Nov 20 06:39:48 A -05:00] WARN  InputFile(0) - Missing Usage: 1,114
[Nov 20 06:39:48 A -05:00] WARN  InputFile(0) - Missing Margins: 3
[Nov 20 06:39:48 A -05:00] WARN  InputFile(0) - Capped Margins (Power): 94,192
[Nov 20 06:39:48 A -05:00] WARN  InputFile(0) - Capped Margins (Gas): 35,264
[Nov 20 06:39:48 A -05:00] WARN  InputFile(0) - Expired Contracts: 0
[Nov 20 06:39:48 A -05:00] INFO  InputFile(0) - There were 133,538 lines of data ( incl header ) and 3 lines with syntax errors and 0 warnings
[Nov 20 06:39:50 A -05:00] INFO  RepCalcs(0) - Found 133,534 Valid Contracts and 3 Errors and 0 Warnings for APG and repclient12
[Nov 20 06:39:50 A -05:00] ERROR RepCalcs(0) - XXX There were errors in the file, please see RepCalcs Contract log for details XXX
[Nov 20 06:39:50 A -05:00] INFO  RepData(0) - Inserting COUNT of Errors in file to database...
[Nov 20 06:39:54 A -05:00] INFO  RepData(0) - ReplacePortfolioOp moved 267232 contracts out of the way for RepId: 6
[Nov 20 06:39:54 A -05:00] INFO  RepData(0) - Inserting Contracts...
[Nov 20 06:52:57 A -05:00] INFO  RepData(0) - ** Inserted 133534 new Contracts **
[Nov 20 06:52:57 A -05:00] INFO  RepCalcs(0) - Residential...
[Nov 20 06:52:57 A -05:00] INFO  RepCalcs(0) - Inserting 0 months of Fixed Contract Volumes
[Nov 20 06:52:57 A -05:00] INFO  RepCalcs(0) - Inserting 665 months of Var Contract Volumes
[Nov 20 06:52:58 A -05:00] INFO  RepCalcs(0) - Inserting 0 months of Cap Contract Volumes
[Nov 20 06:52:58 A -05:00] INFO  RepCalcs(0) - INSERTING DETAILED RESIDENTIAL CONTRACT VOLUMES
[Nov 20 06:52:58 A -05:00] INFO  RepCalcs(0) - Inserting 0 rows of DETAILED Fixed Contract Volumes
[Nov 20 06:52:58 A -05:00] INFO  RepCalcs(0) - Inserting 0 rows of DETAILED Fixed Pass Thru Contract Volumes
[Nov 20 06:52:58 A -05:00] INFO  RepCalcs(0) - Inserting 1196 rows of DETAILED  Variable Contract Volumes
[Nov 20 06:53:01 A -05:00] INFO  RepCalcs(0) - Inserting 0 rows of DETAILED  Capped Contract Volumes
[Nov 20 06:53:01 A -05:00] INFO  RepCalcs(0) - Inserting 0 rows of DETAILED  Fixed_Adder Contract Volumes
[Nov 20 06:53:01 A -05:00] INFO  RepCalcs(0) - Commercial...
[Nov 20 06:53:01 A -05:00] INFO  RepCalcs(0) - Inserting 0 months of Fixed Contract Volumes
[Nov 20 06:53:01 A -05:00] INFO  RepCalcs(0) - Inserting 703 months of Var Contract Volumes
[Nov 20 06:53:02 A -05:00] INFO  RepCalcs(0) - Inserting 0 months of Cap Contract Volumes
[Nov 20 06:53:02 A -05:00] INFO  RepCalcs(0) - INSERTING DETAILED COMMERCIAL CONTRACT VOLUMES
[Nov 20 06:53:02 A -05:00] INFO  RepCalcs(0) - Inserting 0 rows of DETAILED Fixed Contract Volumes
[Nov 20 06:53:02 A -05:00] INFO  RepCalcs(0) - Inserting 0 rows of DETAILED Fixed Pass Thru Contract Volumes
[Nov 20 06:53:02 A -05:00] INFO  RepCalcs(0) - Inserting 1406 rows of DETAILED  Variable Contract Volumes
[Nov 20 06:53:05 A -05:00] INFO  RepCalcs(0) - Inserting 0 rows of DETAILED  Capped Contract Volumes
[Nov 20 06:53:05 A -05:00] INFO  RepCalcs(0) - Inserting 0 rows of DETAILED  Fixed_Adder Contract Volumes
[Nov 20 06:53:05 A -05:00] INFO  RepCalcs(0) - Done
[Nov 20 06:53:06 A -05:00] INFO  RepData(0) - linkContractsProducts returns 133534
[Nov 20 06:53:06 A -05:00] INFO  RepData(0) - Looking for Orphan Power contracts
[Nov 20 06:53:06 A -05:00] INFO  RepData(0) - linkContractsProducts2 returns 0
[Nov 20 06:53:06 A -05:00] INFO  RepData(0) - Looking for Orphan Gas contracts
[Nov 20 06:53:06 A -05:00] INFO  RepData(0) - linkContractsProducts3 returns 0
[Nov 20 06:53:06 A -05:00] INFO  RepCalcs(0) - Skipping cleanup
[Nov 20 06:53:06 A -05:00] INFO  RepCalcs(0) - ********************* Contract Files processing complete. Processed 3 files *********************
[Nov 20 06:53:06 A -05:00] INFO  RepCalcs(0) - Running analysis on processed client data
[Nov 20 06:53:06 A -05:00] INFO  RepCalcs(0) - Skipping updating Contract History
[Nov 20 06:53:06 A -05:00] INFO  RepCalcs(0) - Calculating 18 month load for Monthly contracts (Special case for Macquarie)
[Nov 20 06:53:08 A -05:00] INFO  RepCalcs(0) - Done with 18 month load calculation
[Nov 20 06:53:08 A -05:00] INFO  RepCalcs(0) - Running sp_clrRepAnalysis...
[Nov 20 06:53:58 A -05:00] INFO  RepCalcs(0) - Done
[Nov 20 06:53:58 A -05:00] INFO  RepData(0) - Querying Hedge based haircut assumptions for NPV
[Nov 20 06:53:58 A -05:00] INFO  RepData(0) - Done
[Nov 20 06:53:58 A -05:00] INFO  RepData(0) - Querying Average Weighted Hedge Prices for Clients
[Nov 20 06:53:58 A -05:00] INFO  RepData(0) - Done
[Nov 20 06:53:58 A -05:00] INFO  RepData(0) - Loaded 21 esco supplier mappings
[Nov 20 06:53:58 A -05:00] INFO  RepCalcs(0) - RUNNING Hedge based Haircuts on PV to get Forward Values 
[Nov 20 06:53:59 A -05:00] INFO  RepCalcs(0) - Replaced 0 values in Esco Assets
[Nov 20 06:53:59 A -05:00] INFO  RepCalcs(0) - Inserted 2 values for RepId 6 to Esco Assets for hedge haircutted Forward Value (PV).
[Nov 20 06:54:01 A -05:00] INFO  RepCalcs(0) - Replaced 0 values in Esco Assets
[Nov 20 06:54:01 A -05:00] INFO  RepCalcs(0) - Inserted 4 values for RepId 21 to Esco Assets for hedge haircutted Forward Value (PV).
[Nov 20 06:54:02 A -05:00] INFO  RepCalcs(0) - Replaced 0 values in Esco Assets
[Nov 20 06:54:02 A -05:00] INFO  RepCalcs(0) - Inserted 1 values for RepId 41 to Esco Assets for hedge haircutted Forward Value (PV).
[Nov 20 06:54:04 A -05:00] INFO  RepCalcs(0) - Replaced 0 values in Esco Assets
[Nov 20 06:54:04 A -05:00] INFO  RepCalcs(0) - Inserted 0 values for RepId 46 to Esco Assets for hedge haircutted Forward Value (PV).
[Nov 20 06:54:05 A -05:00] INFO  RepCalcs(0) - Replaced 0 values in Esco Assets
[Nov 20 06:54:05 A -05:00] INFO  RepCalcs(0) - Inserted 0 values for RepId 66 to Esco Assets for hedge haircutted Forward Value (PV).
[Nov 20 06:54:07 A -05:00] INFO  RepCalcs(0) - Replaced 0 values in Esco Assets
[Nov 20 06:54:07 A -05:00] INFO  RepCalcs(0) - Inserted 0 values for RepId 76 to Esco Assets for hedge haircutted Forward Value (PV).
[Nov 20 06:54:08 A -05:00] INFO  RepCalcs(0) - Replaced 0 values in Esco Assets
[Nov 20 06:54:08 A -05:00] INFO  RepCalcs(0) - Inserted 0 values for RepId 85 to Esco Assets for hedge haircutted Forward Value (PV).
[Nov 20 06:54:08 A -05:00] INFO  RepCalcs(0) - Done
[Nov 20 06:54:08 A -05:00] INFO  RepCalcs(0) - UPDATING RCE Count in Esco Assets
[Nov 20 06:54:09 A -05:00] INFO  RepData(0) - ESCO assets rows updated= 7
[Nov 20 06:54:09 A -05:00] INFO  RepCalcs(0) - Done
[Nov 20 06:54:09 A -05:00] INFO  RepCalcs(0) - UPDATING PV values in Daily Compliance table
[Nov 20 06:54:10 A -05:00] INFO  RepData(0) - Compliance PV rows updated= 3
[Nov 20 06:54:10 A -05:00] INFO  RepCalcs(0) - Done
[Nov 20 06:54:10 A -05:00] INFO  RepCalcs(0) - Inserting data into Contract Metrics table
[Nov 20 06:54:11 A -05:00] INFO  RepCalcs(0) - Done
[Nov 20 06:54:11 A -05:00] INFO  RepData(0) - Loaded 21 esco supplier mappings
[Nov 20 06:54:11 A -05:00] INFO  RepCalcs(0) - RUNNING Esco Out of Money Position calculations
[Nov 20 06:54:11 A -05:00] INFO  RepCalcs(0) - Replacing ESCO Money Positions data for repId 85
[Nov 20 06:54:11 A -05:00] INFO  RepData(0) - Replaced 0 EscoInMoneyPositions values for repId 85
[Nov 20 06:54:11 A -05:00] INFO  RepCalcs(0) - Done
[Nov 20 06:54:11 A -05:00] INFO  RepCalcs(0) - Replacing ESCO Money Positions data for repId 76
[Nov 20 06:54:11 A -05:00] INFO  RepData(0) - Replaced 0 EscoInMoneyPositions values for repId 76
[Nov 20 06:54:11 A -05:00] INFO  RepCalcs(0) - Done
[Nov 20 06:54:11 A -05:00] INFO  RepCalcs(0) - Replacing ESCO Money Positions data for repId 66
[Nov 20 06:54:11 A -05:00] INFO  RepData(0) - Replaced 0 EscoInMoneyPositions values for repId 66
[Nov 20 06:54:11 A -05:00] INFO  RepCalcs(0) - Done
[Nov 20 06:54:11 A -05:00] INFO  RepCalcs(0) - Replacing ESCO Money Positions data for repId 46
[Nov 20 06:54:11 A -05:00] INFO  RepData(0) - Replaced 0 EscoInMoneyPositions values for repId 46
[Nov 20 06:54:11 A -05:00] INFO  RepCalcs(0) - Done
[Nov 20 06:54:11 A -05:00] INFO  RepCalcs(0) - Replacing ESCO Money Positions data for repId 41
[Nov 20 06:54:11 A -05:00] INFO  RepData(0) - Replaced 0 EscoInMoneyPositions values for repId 41
[Nov 20 06:54:11 A -05:00] INFO  RepCalcs(0) - Done
[Nov 20 06:54:11 A -05:00] INFO  RepCalcs(0) - Replacing ESCO Money Positions data for repId 21
[Nov 20 06:54:11 A -05:00] INFO  RepData(0) - Replaced 0 EscoInMoneyPositions values for repId 21
[Nov 20 06:54:13 A -05:00] INFO  RepCalcs(0) - Inserting Esco In Money Positions data rows for repId 21 and Commodity 0
[Nov 20 06:54:13 A -05:00] INFO  RepCalcs(0) - Done
[Nov 20 06:54:13 A -05:00] INFO  RepCalcs(0) - Replacing ESCO Money Positions data for repId 6
[Nov 20 06:54:13 A -05:00] INFO  RepData(0) - Replaced 0 EscoInMoneyPositions values for repId 6
[Nov 20 06:54:14 A -05:00] INFO  RepCalcs(0) - Inserting Esco In Money Positions data rows for repId 6 and Commodity 0
[Nov 20 06:54:14 A -05:00] INFO  RepCalcs(0) - Inserting Esco Out of Money Positions data rows for repId 6 and Commodity 0
[Nov 20 06:54:14 A -05:00] INFO  RepCalcs(0) - Done
[Nov 20 06:54:14 A -05:00] INFO  RepCalcs(0) - RUNNING calculation of Adjusted Forward Value of Customer Contracts code aka AFVCC.
[Nov 20 06:54:14 A -05:00] INFO  CalculateAfvcc.AfvccCalculator(200) - ********************************************************************************
[Nov 20 06:54:14 A -05:00] INFO  CalculateAfvcc.AfvccCalculator(201) - Starting 'CalculateAfvcc'
[Nov 20 06:54:14 A -05:00] INFO  CalculateAfvcc.AfvccCalculator(202) - RunDate = 11/20/2018 3:59:59 AM
[Nov 20 06:54:14 A -05:00] INFO  CalculateAfvcc.AfvccCalculator(203) - Run User = repcalcs
[Nov 20 06:54:14 A -05:00] INFO  CalculateAfvcc.AfvccCalculator(55) - Invalidating Afvcc values in OrganizationCompliance table for rundate: 11/20/2018 12:00:00 AM
[Nov 20 06:54:17 A -05:00] INFO  CalculateAfvcc.AfvccCalculator(66) - Invalidating values in EscoAdjustedForwardValues table for rundate: 11/20/2018 12:00:00 AM
[Nov 20 06:54:17 A -05:00] INFO  CalculateAfvcc.AfvccCalculator(76) - Done.
[Nov 20 06:54:17 A -05:00] INFO  CalculateAfvcc.AfvccCalculator(113) - Calculating Esco Adjusted Forward Value for EscoId: 6
[Nov 20 06:54:18 A -05:00] INFO  CalculateAfvcc.AfvccCalculator(113) - Calculating Esco Adjusted Forward Value for EscoId: 21
[Nov 20 06:54:18 A -05:00] INFO  CalculateAfvcc.AfvccCalculator(113) - Calculating Esco Adjusted Forward Value for EscoId: 41
[Nov 20 06:54:18 A -05:00] INFO  CalculateAfvcc.AfvccCalculator(113) - Calculating Esco Adjusted Forward Value for EscoId: 46
[Nov 20 06:54:18 A -05:00] INFO  CalculateAfvcc.AfvccCalculator(113) - Calculating Esco Adjusted Forward Value for EscoId: 66
[Nov 20 06:54:18 A -05:00] INFO  CalculateAfvcc.AfvccCalculator(113) - Calculating Esco Adjusted Forward Value for EscoId: 76
[Nov 20 06:54:18 A -05:00] INFO  CalculateAfvcc.AfvccCalculator(113) - Calculating Esco Adjusted Forward Value for EscoId: 85
[Nov 20 06:54:18 A -05:00] INFO  CalculateAfvcc.AfvccCalculator(144) - Done.
[Nov 20 06:54:18 A -05:00] INFO  CalculateAfvcc.AfvccCalculator(185) - Running calculations for Afvcc
[Nov 20 06:54:18 A -05:00] INFO  CalculateAfvcc.AfvccCalculator(188) - Done.
[Nov 20 06:54:18 A -05:00] INFO  CalculateAfvcc.AfvccCalculator(94) - Saving changes in Compliance Db
[Nov 20 06:54:18 A -05:00] INFO  CalculateAfvcc.AfvccCalculator(96) - Done.
[Nov 20 06:54:18 A -05:00] INFO  RepCalcs(0) - CalculateAfvcc is complete.
[Nov 20 06:54:18 A -05:00] INFO  RepCalcs(0) - Running sp_clrRepConcRisk...
[Nov 20 06:54:30 A -05:00] INFO  RepCalcs(0) - Done
[Nov 20 06:54:30 A -05:00] INFO  RepCalcs(0) - Running RCE calculation update in daily compliance table...
[Nov 20 06:54:30 A -05:00] INFO  RepData(0) - Daily Compliance rows updated= 3
[Nov 20 06:54:30 A -05:00] INFO  RepCalcs(0) - Done
[Nov 20 06:54:30 A -05:00] INFO  RepCalcs(0) - ~~~~~~~~~~~~~~~~~~~~~~
[Nov 20 06:54:30 A -05:00] INFO  RepCalcs(0) - ~~ Finished RepCalcs ~
[Nov 20 06:54:30 A -05:00] INFO  RepCalcs(0) - ~~~~~~~~~~~~~~~~~~~~~~
[Nov 20 06:54:30 A -05:00] INFO  RepCalcs(0) - Sent logs in email to teamIt
[Nov 20 11:10:00 A -05:00] INFO  RepCalcs(0) - 
[Nov 20 11:10:00 A -05:00] INFO  RepCalcs(0) - 
[Nov 20 11:10:00 A -05:00] INFO  RepCalcs(0) - Running as User: repcalcs
[Nov 20 11:10:00 A -05:00] INFO  RepCalcs(0) - arg0: 1
[Nov 20 11:10:00 A -05:00] INFO  RepCalcs(0) - arg1: 2018-11-20 03:59:59
[Nov 20 11:10:00 A -05:00] INFO  RepCalcs(0) - arg2: all
[Nov 20 11:10:00 A -05:00] INFO  RepCalcs(0) - arg3: False
[Nov 20 11:10:00 A -05:00] INFO  RepCalcs(0) - arg4: True
[Nov 20 11:10:00 A -05:00] INFO  RepCalcs(0) - 
[Nov 20 11:10:00 A -05:00] INFO  RepCalcs(0) - **********************
[Nov 20 11:10:00 A -05:00] INFO  RepCalcs(0) - ** Starting RepSxdLoad **
[Nov 20 11:10:00 A -05:00] INFO  RepCalcs(0) - ** ImportContracts: False **
[Nov 20 11:10:00 A -05:00] INFO  RepCalcs(0) - ** RunPVCalc: False **
[Nov 20 11:10:00 A -05:00] INFO  RepCalcs(0) - ** RunAnalysis: False **
[Nov 20 11:10:00 A -05:00] INFO  RepCalcs(0) - ** ImportSchedLoad: True **
[Nov 20 11:10:00 A -05:00] INFO  RepCalcs(0) - ** ImportReceivables: True **
[Nov 20 11:10:00 A -05:00] INFO  RepCalcs(0) - ** recreateTabDailyComp: False **
[Nov 20 11:10:00 A -05:00] INFO  RepCalcs(0) - **********************
[Nov 20 11:10:00 A -05:00] INFO  RepCalcs(0) - ProcessThruDate	2018-11-20 03:59:59
[Nov 20 11:10:00 A -05:00] INFO  RepCalcs(0) - Current Directory	D:\CE\RepCalcs
[Nov 20 11:10:00 A -05:00] INFO  RepData(0) - Loaded 1 generic config values from db
[Nov 20 11:10:00 A -05:00] INFO  RepData(0) - Loaded 7 Active REP Clients
[Nov 20 11:10:00 A -05:00] INFO  RepCalcs(0) - sourceWebDir	C:\Temp
[Nov 20 11:10:00 A -05:00] INFO  RepCalcs(0) - sourceFTPDir	FTPFiles
[Nov 20 11:10:00 A -05:00] INFO  RepCalcs(0) - downloadDir	D:\VMAC\Inetpub\VMAC\download4
[Nov 20 11:10:00 A -05:00] INFO  RepCalcs(0) - modelDir	D:\CE\RepCalcs\RepModel
[Nov 20 11:10:00 A -05:00] INFO  DirCleaner(0) - Deleting File .\RepCalcs-Contracts.log.2018-11-04.log
[Nov 20 11:10:00 A -05:00] INFO  DirCleaner(0) - Deleting File .\RepCalcs.log.2018-11-04.log
[Nov 20 11:10:00 A -05:00] INFO  DirCleaner(0) - Deleted 2 files in .
[Nov 20 11:10:00 A -05:00] INFO  RepCalcs(0) - Commit True
[Nov 20 11:10:00 A -05:00] INFO  RepCalcs(0) - FixErrors False
[Nov 20 11:10:00 A -05:00] INFO  RepCalcs(0) - Xpress False
[Nov 20 11:10:00 A -05:00] INFO  RepCalcs(0) - runAlways False
[Nov 20 11:10:00 A -05:00] INFO  RepCalcs(0) - uploadResults False
[Nov 20 11:10:00 A -05:00] INFO  RepCalcs(0) - contractHistory True
[Nov 20 11:10:00 A -05:00] INFO  RepCalcs(0) - NDrive: D:\Dropbox (VCFS)\Compliance and Reporting
[Nov 20 11:10:00 A -05:00] INFO  RepCalcs(0) - FTP Cleanup False
[Nov 20 11:10:00 A -05:00] INFO  RepCalcs(0) - SFTP Cleanup False
[Nov 20 11:10:00 A -05:00] INFO  RepCalcs(0) - Email Enabled True
[Nov 20 11:10:00 A -05:00] INFO  RepCalcs(0) - Report Missing ContractFile True
[Nov 20 11:10:00 A -05:00] INFO  RepCalcs(0) - Report Missing SchedLoadFile False
[Nov 20 11:10:00 A -05:00] INFO  RepCalcs(0) - Report Missing Receivables True
[Nov 20 11:10:00 A -05:00] INFO  RepData(0) - Found existing job JobId 4734
[Nov 20 11:10:00 A -05:00] INFO  RepCalcs(0) - Downloading Receivables for Reps since today a Biz Day
[Nov 20 11:10:00 A -05:00] INFO  RepCalcs(0) - Switching to SFTP for RepId: 85
[Nov 20 11:10:00 A -05:00] INFO  RepData(0) - Querying Data Error Codes and Description...
[Nov 20 11:10:01 A -05:00] INFO  RepCalcs(0) - +++++++++++++++++++++++++++++++++++++++++++++++++++++++
[Nov 20 11:10:01 A -05:00] INFO  RepCalcs(0) - Download Receivables for Volt ( mailbox repclient85, repId 85 )
[Nov 20 11:10:01 A -05:00] INFO  RepCalcs(0) - +++++++++++++++++++++++++++++++++++++++++++++++++++++++
[Nov 20 11:10:01 A -05:00] INFO  RepCalcs(0) - Importing previous day receivable numbers in EscoReceivables
[Nov 20 11:10:01 A -05:00] INFO  RepCalcs(0) - Deleted 0 rows in EscoReceivables
[Nov 20 11:10:01 A -05:00] INFO  RepCalcs(0) - Inserted 0 rows in EscoReceivables
[Nov 20 11:10:01 A -05:00] INFO  RepCalcs(0) - Retrieving Billed FileName Pattern for rep 85
[Nov 20 11:10:01 A -05:00] INFO  RepCalcs(0) - File Pattern: 11202018 Billed
[Nov 20 11:10:01 A -05:00] INFO  RepCalcs(0) - Found 11202018 Billed.csv downloading...
[Nov 20 11:10:03 A -05:00] INFO  RepCalcs(0) - Done
[Nov 20 11:10:03 A -05:00] INFO  RepCalcs(0) - 11202018 Billed.csv
[Nov 20 11:10:03 A -05:00] INFO  RepCalcs(0) - Rows count:11098
[Nov 20 11:10:03 A -05:00] INFO  RepCalcs(0) - Connection string: Data Source=prd-SQLP-A01;Initial Catalog=APX2000;Integrated Security = true
[Nov 20 11:10:03 A -05:00] INFO  RepCalcs(0) - Doing an IntraDay Delete for RepGenBilled, rep: 85
[Nov 20 11:12:22 A -05:00] INFO  RepCalcs(0) - Finished Inserting rows into Intermediate Table for rep: 85
[Nov 20 11:12:22 A -05:00] INFO  RepCalcs(0) - Running BulkCopy Insert
[Nov 20 11:12:22 A -05:00] INFO  RepCalcs(0) - Finished Inserting rows into RepGen Table for rep: 85
[Nov 20 11:12:22 A -05:00] INFO  RepCalcs(0) - Recv file uploaded for 85 in [clr_RepGenBilled]
[Nov 20 11:12:22 A -05:00] INFO  RepCalcs(0) - Executing sp_clrRepGenReceivables for Rep: 85
[Nov 20 11:14:19 A -05:00] INFO  RepCalcs(0) - Finished BulkCopy insert
[Nov 20 11:14:19 A -05:00] INFO  RepCalcs(0) - Done receivables for billed rep: 85 import to database
[Nov 20 11:14:19 A -05:00] INFO  RepCalcs(0) - Volt Receivables billed imported to the N drive
[Nov 20 11:14:19 A -05:00] INFO  RepData(0) - Inserting COUNT of Errors in file to database...
[Nov 20 11:14:19 A -05:00] INFO  RepCalcs(0) - Retrieving Unbilled FileName Pattern for rep 85
[Nov 20 11:14:19 A -05:00] INFO  RepCalcs(0) - File Pattern: 11202018 UnBilled.csv
[Nov 20 11:14:19 A -05:00] INFO  RepCalcs(0) - Found 11202018 UnBilled.csv downloading...
[Nov 20 11:14:20 A -05:00] INFO  RepCalcs(0) - Done
[Nov 20 11:14:20 A -05:00] INFO  RepCalcs(0) - 11202018 UnBilled.csv
[Nov 20 11:14:20 A -05:00] INFO  RepCalcs(0) - Rows count:10463
[Nov 20 11:14:20 A -05:00] INFO  RepCalcs(0) - Connection string: Data Source=prd-SQLP-A01;Initial Catalog=APX2000;Integrated Security = true
[Nov 20 11:14:23 A -05:00] INFO  RepCalcs(0) - Doing an IntraDay Delete for RepGenUnBilled, rep: 85
[Nov 20 11:14:24 A -05:00] INFO  RepCalcs(0) - Finished Inserting rows into intermediate table for rep: 85
[Nov 20 11:14:24 A -05:00] INFO  RepCalcs(0) - Running BulkCopy Insert
[Nov 20 11:14:24 A -05:00] INFO  RepCalcs(0) - Finished Inserting rows into RepGen Table for rep: 85
[Nov 20 11:14:24 A -05:00] INFO  RepCalcs(0) - Recv file uploaded for 85 in [clr_RepGenUnBilled]
[Nov 20 11:14:24 A -05:00] INFO  RepCalcs(0) - Executing sp_clrRepGenReceivables for Rep: 85
[Nov 20 11:18:12 A -05:00] INFO  RepCalcs(0) - Finished BulkCopy insert
[Nov 20 11:18:12 A -05:00] INFO  RepCalcs(0) - Done receivables for unbilled rep: 85 import to database
[Nov 20 11:18:12 A -05:00] INFO  RepCalcs(0) - Volt Receivables unbilled imported to the N drive
[Nov 20 11:18:12 A -05:00] INFO  RepData(0) - Inserting COUNT of Errors in file to database...
[Nov 20 11:18:13 A -05:00] INFO  RepCalcs(0) - Scrubbing file (removing commas/quotes and blank spaces)...
[Nov 20 11:18:13 A -05:00] INFO  Util(0) - Removed 0 Zeros
[Nov 20 11:18:13 A -05:00] INFO  RepCalcs(0) - 11202018 Billed.csv transferred to the DB server
[Nov 20 11:18:13 A -05:00] INFO  Util(0) - Removed 0 Zeros
[Nov 20 11:18:13 A -05:00] INFO  RepCalcs(0) - 11202018 UnBilled.csv transferred to the DB server
[Nov 20 11:18:13 A -05:00] INFO  RepCalcs(0) - Done
[Nov 20 11:18:13 A -05:00] INFO  RepCalcs(0) - Importing Volt Receivables
[Nov 20 11:23:40 A -05:00] INFO  RepCalcs(0) - Done Importing Receivables
[Nov 20 11:23:40 A -05:00] INFO  RepCalcs(0) - Skipping cleanup
[Nov 20 11:23:40 A -05:00] INFO  RepCalcs(0) - Switching to SFTP for RepId: 76
[Nov 20 11:23:40 A -05:00] INFO  RepData(0) - Querying Data Error Codes and Description...
[Nov 20 11:23:40 A -05:00] INFO  RepCalcs(0) - +++++++++++++++++++++++++++++++++++++++++++++++++++++++
[Nov 20 11:23:40 A -05:00] INFO  RepCalcs(0) - Download Receivables for Atlantic ( mailbox repclient76, repId 76 )
[Nov 20 11:23:40 A -05:00] INFO  RepCalcs(0) - +++++++++++++++++++++++++++++++++++++++++++++++++++++++
[Nov 20 11:23:40 A -05:00] INFO  RepCalcs(0) - Importing previous day receivable numbers in EscoReceivables
[Nov 20 11:23:40 A -05:00] INFO  RepCalcs(0) - Deleted 0 rows in EscoReceivables
[Nov 20 11:23:40 A -05:00] INFO  RepCalcs(0) - Inserted 0 rows in EscoReceivables
[Nov 20 11:23:40 A -05:00] INFO  RepCalcs(0) - Retrieving Billed FileName Pattern for rep 76
[Nov 20 11:23:40 A -05:00] INFO  RepCalcs(0) - File Pattern: Atlantic_ARAgedSummaryreport_20181119.csv
[Nov 20 11:23:41 A -05:00] INFO  RepCalcs(0) - Found Atlantic_ARAgedSummaryreport_20181119.csv downloading...
[Nov 20 11:23:46 A -05:00] INFO  RepCalcs(0) - Done
[Nov 20 11:23:46 A -05:00] INFO  RepCalcs(0) - Atlantic_ARAgedSummaryreport_20181119.csv
[Nov 20 11:23:48 A -05:00] INFO  RepCalcs(0) - Rows count:112942
[Nov 20 11:23:48 A -05:00] INFO  RepCalcs(0) - Connection string: Data Source=prd-SQLP-A01;Initial Catalog=APX2000;Integrated Security = true
[Nov 20 11:25:57 A -05:00] INFO  RepCalcs(0) - Finished IntraDay Delete for RepGenBilled, rep: 76
[Nov 20 11:25:57 A -05:00] INFO  RepCalcs(0) - Finished IntraDay Delete for clr_RepBilled_Atlantic, rep: 76
[Nov 20 11:25:57 A -05:00] INFO  RepCalcs(0) - Finished Inserting into clr_RepBilled_Atlantic
[Nov 20 11:25:57 A -05:00] INFO  RepCalcs(0) - Running BulkCopy Insert
[Nov 20 11:25:57 A -05:00] INFO  RepCalcs(0) - Finished Inserting rows into RepGenBilled for rep: 76
[Nov 20 11:25:57 A -05:00] INFO  RepCalcs(0) - Executing sp_clrRepGenReceivables for Rep: 76
[Nov 20 11:27:47 A -05:00] INFO  RepCalcs(0) - Finished BulkCopy insert
[Nov 20 11:27:47 A -05:00] INFO  RepCalcs(0) - Done receivables for billed rep: 76 import to database
[Nov 20 11:27:47 A -05:00] INFO  RepCalcs(0) - Atlantic Receivables billed imported to the N drive
[Nov 20 11:27:47 A -05:00] INFO  RepData(0) - Inserting COUNT of Errors in file to database...
[Nov 20 11:27:47 A -05:00] ERROR RepCalcs(0) - File does not exist! Check File Name or SFTP Mailbox!
[Nov 20 11:27:47 A -05:00] ERROR RepCalcs(0) - Problem downloading UnBilled file for Atlantic
[Nov 20 11:27:48 A -05:00] INFO  RepCalcs(0) - No UnBilled file for Atlantic today
[Nov 20 11:27:48 A -05:00] INFO  RepData(0) - Inserting COUNT of Errors in file to database...
[Nov 20 11:27:48 A -05:00] INFO  RepCalcs(0) - Switching to SFTP for RepId: 66
[Nov 20 11:27:48 A -05:00] INFO  RepData(0) - Querying Data Error Codes and Description...
[Nov 20 11:27:48 A -05:00] INFO  RepCalcs(0) - +++++++++++++++++++++++++++++++++++++++++++++++++++++++
[Nov 20 11:27:48 A -05:00] INFO  RepCalcs(0) - Download Receivables for Genie Energy ( mailbox repclient66, repId 66 )
[Nov 20 11:27:48 A -05:00] INFO  RepCalcs(0) - +++++++++++++++++++++++++++++++++++++++++++++++++++++++
[Nov 20 11:27:48 A -05:00] INFO  RepCalcs(0) - Importing previous day receivable numbers in EscoReceivables
[Nov 20 11:27:48 A -05:00] INFO  RepCalcs(0) - Deleted 0 rows in EscoReceivables
[Nov 20 11:27:48 A -05:00] INFO  RepCalcs(0) - Inserted 0 rows in EscoReceivables
[Nov 20 11:27:48 A -05:00] ERROR RepCalcs(0) - File does not exist! Check File Name or SFTP Mailbox!
[Nov 20 11:27:48 A -05:00] ERROR RepCalcs(0) - Problem downloading Billed file for Genie Energy
[Nov 20 11:27:48 A -05:00] INFO  RepCalcs(0) - No Billed file for Genie Energy today
[Nov 20 11:27:48 A -05:00] INFO  RepData(0) - Inserting COUNT of Errors in file to database...
[Nov 20 11:27:49 A -05:00] ERROR RepCalcs(0) - File does not exist! Check File Name or SFTP Mailbox!
[Nov 20 11:27:49 A -05:00] ERROR RepCalcs(0) - Problem downloading UnBilled file for Genie Energy
[Nov 20 11:27:49 A -05:00] INFO  RepCalcs(0) - No UnBilled file for Genie Energy today
[Nov 20 11:27:49 A -05:00] INFO  RepData(0) - Inserting COUNT of Errors in file to database...
[Nov 20 11:27:49 A -05:00] INFO  RepCalcs(0) - Switching to SFTP for RepId: 46
[Nov 20 11:27:49 A -05:00] INFO  RepData(0) - Querying Data Error Codes and Description...
[Nov 20 11:27:49 A -05:00] INFO  RepCalcs(0) - +++++++++++++++++++++++++++++++++++++++++++++++++++++++
[Nov 20 11:27:49 A -05:00] INFO  RepCalcs(0) - Download Receivables for Discount ( mailbox repclient46, repId 46 )
[Nov 20 11:27:49 A -05:00] INFO  RepCalcs(0) - +++++++++++++++++++++++++++++++++++++++++++++++++++++++
[Nov 20 11:27:49 A -05:00] INFO  RepCalcs(0) - Importing previous day receivable numbers in EscoReceivables
[Nov 20 11:27:49 A -05:00] INFO  RepCalcs(0) - Deleted 0 rows in EscoReceivables
[Nov 20 11:27:49 A -05:00] INFO  RepCalcs(0) - Inserted 0 rows in EscoReceivables
[Nov 20 11:27:49 A -05:00] INFO  RepCalcs(0) - Retrieving Billed FileName Pattern for rep 46
[Nov 20 11:27:49 A -05:00] INFO  RepCalcs(0) - File Pattern: AR_Detail_As_Of_Date_2018-11-19*.csv
[Nov 20 11:27:50 A -05:00] INFO  RepCalcs(0) - Found AR_Detail_As_Of_Date_2018-11-19.20.03_20181119_200421.csv downloading...
[Nov 20 11:28:02 A -05:00] INFO  RepCalcs(0) - Done
[Nov 20 11:28:02 A -05:00] INFO  RepCalcs(0) - AR_Detail_As_Of_Date_2018-11-19.20.03_20181119_200421.csv
[Nov 20 11:28:10 A -05:00] INFO  RepCalcs(0) - Rows count:235899
[Nov 20 11:28:10 A -05:00] INFO  RepCalcs(0) - Connection string: Data Source=prd-SQLP-A01;Initial Catalog=APX2000;Integrated Security = true
[Nov 20 11:29:52 A -05:00] INFO  RepCalcs(0) - Finished Intra Day Delete on clr_RepGenBilled for Rep: 46
[Nov 20 11:31:12 A -05:00] INFO  RepCalcs(0) - Finished Intra Day Delete on clr_RepBilledARAnalysis_Discount
[Nov 20 11:31:14 A -05:00] INFO  RepCalcs(0) - Running BulkCopy Insert
[Nov 20 11:31:15 A -05:00] INFO  RepCalcs(0) - Finished inserting into clr_RepbilledARAnalysis_Discount
[Nov 20 11:31:17 A -05:00] INFO  RepCalcs(0) - Running BulkCopy Insert
[Nov 20 11:31:18 A -05:00] INFO  RepCalcs(0) - Recv file uploaded for 46 in [clr_RepGenBilled]
[Nov 20 11:31:18 A -05:00] INFO  RepCalcs(0) - Executing sp_clrRepGenReceivables for Rep: 46
[Nov 20 11:38:14 A -05:00] INFO  RepCalcs(0) - Finished BulkCopy insert
[Nov 20 11:38:14 A -05:00] INFO  RepCalcs(0) - Done receivables for billed rep: 46 import to database
[Nov 20 11:38:14 A -05:00] INFO  RepCalcs(0) - Discount Receivables billed imported to the N drive
[Nov 20 11:38:14 A -05:00] INFO  RepData(0) - Inserting COUNT of Errors in file to database...
[Nov 20 11:38:14 A -05:00] INFO  RepCalcs(0) - Retrieving Unbilled FileName Pattern for rep 46
[Nov 20 11:38:14 A -05:00] INFO  RepCalcs(0) - File Pattern: UBL_DP_20181120.csv
[Nov 20 11:38:15 A -05:00] INFO  RepCalcs(0) - Found UBL_DP_20181120.csv downloading...
[Nov 20 11:38:15 A -05:00] INFO  RepCalcs(0) - Done
[Nov 20 11:38:15 A -05:00] INFO  RepCalcs(0) - UBL_DP_20181120.csv
[Nov 20 11:38:15 A -05:00] INFO  RepCalcs(0) - Rows count:270
[Nov 20 11:38:15 A -05:00] INFO  RepCalcs(0) - Connection string: Data Source=prd-SQLP-A01;Initial Catalog=APX2000;Integrated Security = true
[Nov 20 11:38:19 A -05:00] INFO  RepCalcs(0) - Finished Intra Day Delete on clr_RepGenUnBilled for Rep: 46
[Nov 20 11:38:19 A -05:00] INFO  RepCalcs(0) - Finished Intra Day Delete on clr_RepUnBilledARAnalysis_Discount
[Nov 20 11:38:19 A -05:00] INFO  RepCalcs(0) - Error Inserting rows into Unbilled Data Table for Insert into AR_Analyis Table for Discount
[Nov 20 11:38:19 A -05:00] ERROR RepCalcs(0) - Problem with Bulk uploading data from datatable to the database for 46
System.FormatException: Input string was not in a correct format.
   at RepCalcs.GetUnbilledDataTableForInsertIntoAR_AnalysisDiscount(IEnumerable`1 query, DateTime ptd)
   at RepCalcs.InsertDataIntoSqlServerUsingSqlBulkCopy(DataTable csvFileData, Int32 ClientRepId, Boolean isBilled)
[Nov 20 11:38:19 A -05:00] INFO  RepData(0) - Inserting COUNT of Errors in file to database...
[Nov 20 11:38:19 A -05:00] INFO  RepCalcs(0) - Scrubbing file (removing commas/quotes and blank spaces)...
[Nov 20 11:38:25 A -05:00] INFO  Util(0) - Removed 0 Zeros
[Nov 20 11:38:26 A -05:00] INFO  RepCalcs(0) - AR_Detail_As_Of_Date_2018-11-19.20.03_20181119_200421.csv transferred to the DB server
[Nov 20 11:38:26 A -05:00] INFO  Util(0) - Removed 0 Zeros
[Nov 20 11:38:26 A -05:00] INFO  RepCalcs(0) - UBL_DP_20181120.csv transferred to the DB server
[Nov 20 11:38:26 A -05:00] INFO  RepCalcs(0) - Done
[Nov 20 11:38:26 A -05:00] INFO  RepCalcs(0) - Importing Discount Receivables
[Nov 20 11:47:57 A -05:00] INFO  RepCalcs(0) - Done Importing Receivables
[Nov 20 11:47:57 A -05:00] INFO  RepCalcs(0) - Skipping cleanup
[Nov 20 11:47:57 A -05:00] INFO  RepCalcs(0) - Switching to SFTP for RepId: 41
[Nov 20 11:47:57 A -05:00] INFO  RepData(0) - Querying Data Error Codes and Description...
[Nov 20 11:47:57 A -05:00] INFO  RepCalcs(0) - +++++++++++++++++++++++++++++++++++++++++++++++++++++++
[Nov 20 11:47:57 A -05:00] INFO  RepCalcs(0) - Download Receivables for GB Power ( mailbox repclient81, repId 41 )
[Nov 20 11:47:57 A -05:00] INFO  RepCalcs(0) - +++++++++++++++++++++++++++++++++++++++++++++++++++++++
[Nov 20 11:47:57 A -05:00] INFO  RepCalcs(0) - Importing previous day receivable numbers in EscoReceivables
[Nov 20 11:47:57 A -05:00] INFO  RepCalcs(0) - Deleted 0 rows in EscoReceivables
[Nov 20 11:47:57 A -05:00] INFO  RepCalcs(0) - Inserted 0 rows in EscoReceivables
[Nov 20 11:47:57 A -05:00] INFO  RepCalcs(0) - Retrieving Billed FileName Pattern for rep 41
[Nov 20 11:47:57 A -05:00] INFO  RepCalcs(0) - File Pattern: 181120000*_VantageBilled.csv
[Nov 20 11:47:58 A -05:00] INFO  RepCalcs(0) - Found 1811200001_VantageBilled.csv downloading...
[Nov 20 11:47:58 A -05:00] INFO  RepCalcs(0) - Done
[Nov 20 11:47:58 A -05:00] INFO  RepCalcs(0) - 1811200001_VantageBilled.csv
[Nov 20 11:47:59 A -05:00] INFO  RepCalcs(0) - Rows count:1583
[Nov 20 11:47:59 A -05:00] INFO  RepCalcs(0) - Connection string: Data Source=prd-SQLP-A01;Initial Catalog=APX2000;Integrated Security = true
[Nov 20 11:47:59 A -05:00] INFO  RepCalcs(0) - Doing an IntraDay Delete for RepGenBilled, rep: 41
[Nov 20 11:50:00 A -05:00] INFO  RepCalcs(0) - Running BulkCopy Insert
[Nov 20 11:50:00 A -05:00] INFO  RepCalcs(0) - Recv file uploaded for 41 in [clr_RepGenBilled]
[Nov 20 11:50:00 A -05:00] INFO  RepCalcs(0) - Executing sp_clrRepGenReceivables for Rep: 41
[Nov 20 11:51:54 A -05:00] INFO  RepCalcs(0) - Finished BulkCopy insert
[Nov 20 11:51:54 A -05:00] INFO  RepCalcs(0) - Done receivables for billed rep: 41 import to database
[Nov 20 11:51:54 A -05:00] INFO  RepCalcs(0) - GB Power Receivables billed imported to the N drive
[Nov 20 11:51:54 A -05:00] INFO  RepData(0) - Inserting COUNT of Errors in file to database...
[Nov 20 11:51:54 A -05:00] INFO  RepCalcs(0) - Retrieving Unbilled FileName Pattern for rep 41
[Nov 20 11:51:54 A -05:00] INFO  RepCalcs(0) - File Pattern: 181120000*_VantageUnbilled.csv
[Nov 20 11:51:55 A -05:00] INFO  RepCalcs(0) - Found 1811200002_VantageUnbilled.csv downloading...
[Nov 20 11:51:55 A -05:00] INFO  RepCalcs(0) - Done
[Nov 20 11:51:55 A -05:00] INFO  RepCalcs(0) - 1811200002_VantageUnbilled.csv
[Nov 20 11:51:55 A -05:00] INFO  RepCalcs(0) - Rows count:1723
[Nov 20 11:51:55 A -05:00] INFO  RepCalcs(0) - Connection string: Data Source=prd-SQLP-A01;Initial Catalog=APX2000;Integrated Security = true
[Nov 20 11:51:55 A -05:00] INFO  RepCalcs(0) - Doing an IntraDay Delete for RepGenBilled, rep: 41
[Nov 20 11:51:59 A -05:00] INFO  RepCalcs(0) - Running BulkCopy Insert
[Nov 20 11:51:59 A -05:00] INFO  RepCalcs(0) - Recv file uploaded for 41 in [clr_RepGenUnBilled]
[Nov 20 11:51:59 A -05:00] INFO  RepCalcs(0) - Executing sp_clrRepGenReceivables for Rep: 41
[Nov 20 11:56:17 A -05:00] INFO  RepCalcs(0) - Finished BulkCopy insert
[Nov 20 11:56:17 A -05:00] INFO  RepCalcs(0) - Done receivables for unbilled rep: 41 import to database
[Nov 20 11:56:17 A -05:00] INFO  RepCalcs(0) - GB Power Receivables unbilled imported to the N drive
[Nov 20 11:56:17 A -05:00] INFO  RepData(0) - Inserting COUNT of Errors in file to database...
[Nov 20 11:56:17 A -05:00] INFO  RepCalcs(0) - Scrubbing file (removing commas/quotes and blank spaces)...
[Nov 20 11:56:17 A -05:00] INFO  Util(0) - Removed 0 Zeros
[Nov 20 11:56:17 A -05:00] INFO  RepCalcs(0) - 1811200001_VantageBilled.csv transferred to the DB server
[Nov 20 11:56:17 A -05:00] INFO  Util(0) - Removed 0 Zeros
[Nov 20 11:56:17 A -05:00] INFO  RepCalcs(0) - 1811200002_VantageUnbilled.csv transferred to the DB server
[Nov 20 11:56:17 A -05:00] INFO  RepCalcs(0) - Done
[Nov 20 11:56:17 A -05:00] INFO  RepCalcs(0) - Importing GB Power Receivables
[Nov 20 12:00:56 P -05:00] INFO  RepCalcs(0) - Done Importing Receivables
[Nov 20 12:00:56 P -05:00] INFO  RepCalcs(0) - Skipping cleanup
[Nov 20 12:00:56 P -05:00] INFO  RepCalcs(0) - Switching to SFTP for RepId: 21
[Nov 20 12:00:56 P -05:00] INFO  RepData(0) - Querying Data Error Codes and Description...
[Nov 20 12:00:56 P -05:00] INFO  RepCalcs(0) - +++++++++++++++++++++++++++++++++++++++++++++++++++++++
[Nov 20 12:00:56 P -05:00] INFO  RepCalcs(0) - Download Receivables for Lexington ( mailbox repclient13, repId 21 )
[Nov 20 12:00:56 P -05:00] INFO  RepCalcs(0) - +++++++++++++++++++++++++++++++++++++++++++++++++++++++
[Nov 20 12:00:56 P -05:00] INFO  RepCalcs(0) - Importing previous day receivable numbers in EscoReceivables
[Nov 20 12:00:56 P -05:00] INFO  RepCalcs(0) - Deleted 0 rows in EscoReceivables
[Nov 20 12:00:56 P -05:00] INFO  RepCalcs(0) - Inserted 2 rows in EscoReceivables
[Nov 20 12:00:56 P -05:00] INFO  RepCalcs(0) - Running ECI receivables for Lexington
[Nov 20 12:00:56 P -05:00] INFO  RepCalcs(0) - FilePattern:Lexington_Billed_381_V2020181120
[Nov 20 12:00:56 P -05:00] ERROR RepCalcs(0) - System.IO.FileNotFoundException: Could not find file 'D:\CE\RepCalcs\test'.
   at Microsoft.VisualBasic.FileIO.TextFieldParser.ValidatePath(String path)
   at Microsoft.VisualBasic.FileIO.TextFieldParser.InitializeFromPath(String path, Encoding defaultEncoding, Boolean detectEncoding)
   at RepCalcs.GetDataTableFromCSVFile(String csvFilePath)
[Nov 20 12:00:56 P -05:00] INFO  RepCalcs(0) - csvFilePathLex:test
[Nov 20 12:00:56 P -05:00] INFO  RepCalcs(0) - Rows count:0
[Nov 20 12:00:56 P -05:00] INFO  RepCalcs(0) - Connection string: Data Source=prd-SQLP-A01;Initial Catalog=APX2000;Integrated Security = true
[Nov 20 12:00:56 P -05:00] INFO  RepCalcs(0) - Deleted old contents of: [clr_RepBilled_Lex]
[Nov 20 12:00:56 P -05:00] INFO  RepCalcs(0) - Recv file uploaded for 21 in [clr_RepBilled_Lex]
[Nov 20 12:08:55 P -05:00] INFO  RepCalcs(0) - Done Lex receivables billed import to database
[Nov 20 12:08:55 P -05:00] INFO  RepData(0) - Inserting COUNT of Errors in file to database...
[Nov 20 12:08:55 P -05:00] ERROR RepCalcs(0) - System.IO.FileNotFoundException: Could not find file 'D:\CE\RepCalcs\test'.
   at Microsoft.VisualBasic.FileIO.TextFieldParser.ValidatePath(String path)
   at Microsoft.VisualBasic.FileIO.TextFieldParser.InitializeFromPath(String path, Encoding defaultEncoding, Boolean detectEncoding)
   at RepCalcs.GetDataTableFromCSVFile(String csvFilePath)
[Nov 20 12:08:55 P -05:00] INFO  RepCalcs(0) - test
[Nov 20 12:08:55 P -05:00] INFO  RepCalcs(0) - Rows count:0
[Nov 20 12:08:55 P -05:00] INFO  RepCalcs(0) - Connection string: Data Source=prd-SQLP-A01;Initial Catalog=APX2000;Integrated Security = true
[Nov 20 12:08:55 P -05:00] INFO  RepCalcs(0) - Deleted old contents of: [clr_RepUnBilled_Lex]
[Nov 20 12:08:55 P -05:00] INFO  RepCalcs(0) - Recv file uploaded for 21 in [clr_RepUnBilled_Lex]
[Nov 20 12:16:58 P -05:00] INFO  RepCalcs(0) - Done Lex receivables unbilled import to database
[Nov 20 12:16:58 P -05:00] INFO  RepData(0) - Inserting COUNT of Errors in file to database...
[Nov 20 12:16:59 P -05:00] ERROR RepCalcs(0) - Problem moving Receivables to N Drive
[Nov 20 12:16:59 P -05:00] INFO  RepCalcs(0) - Scrubbing file (removing commas/quotes and blank spaces)...
[Nov 20 12:16:59 P -05:00] INFO  RepCalcs(0) - Switching to SFTP for RepId: 6
[Nov 20 12:16:59 P -05:00] INFO  RepData(0) - Querying Data Error Codes and Description...
[Nov 20 12:16:59 P -05:00] INFO  RepCalcs(0) - +++++++++++++++++++++++++++++++++++++++++++++++++++++++
[Nov 20 12:16:59 P -05:00] INFO  RepCalcs(0) - Download Receivables for APG ( mailbox repclient12, repId 6 )
[Nov 20 12:16:59 P -05:00] INFO  RepCalcs(0) - +++++++++++++++++++++++++++++++++++++++++++++++++++++++
[Nov 20 12:16:59 P -05:00] INFO  RepCalcs(0) - Importing previous day receivable numbers in EscoReceivables
[Nov 20 12:16:59 P -05:00] INFO  RepCalcs(0) - Deleted 0 rows in EscoReceivables
[Nov 20 12:16:59 P -05:00] INFO  RepCalcs(0) - Inserted 2 rows in EscoReceivables
[Nov 20 12:17:00 P -05:00] INFO  RepCalcs(0) - Found APG_Billed_112018.csv downloading...
[Nov 20 12:17:01 P -05:00] INFO  RepCalcs(0) - Done
[Nov 20 12:17:01 P -05:00] INFO  RepData(0) - Inserting COUNT of Errors in file to database...
[Nov 20 12:17:02 P -05:00] INFO  RepCalcs(0) - Found APG_Unbilled_112018.csv downloading...
[Nov 20 12:17:04 P -05:00] INFO  RepCalcs(0) - Done
[Nov 20 12:17:04 P -05:00] INFO  RepData(0) - Inserting COUNT of Errors in file to database...
[Nov 20 12:17:04 P -05:00] INFO  RepCalcs(0) - Scrubbing file (removing commas/quotes and blank spaces)...
[Nov 20 12:17:05 P -05:00] INFO  Util(0) - Removed 0 Zeros
[Nov 20 12:17:05 P -05:00] INFO  RepCalcs(0) - APG_Billed_11-20-2018.csv transferred to the DB server
[Nov 20 12:17:06 P -05:00] INFO  Util(0) - Removed 0 Zeros
[Nov 20 12:17:06 P -05:00] INFO  RepCalcs(0) - APG_Unbilled_11-20-2018.csv transferred to the DB server
[Nov 20 12:17:06 P -05:00] INFO  RepCalcs(0) - Done
[Nov 20 12:17:06 P -05:00] INFO  RepCalcs(0) - Importing APG Receivables
[Nov 20 12:24:12 P -05:00] INFO  RepCalcs(0) - Done Importing Receivables
[Nov 20 12:24:12 P -05:00] INFO  RepCalcs(0) - Skipping cleanup
[Nov 20 12:24:12 P -05:00] INFO  RepCalcs(0) - Done with Receivables
[Nov 20 12:24:12 P -05:00] INFO  RepCalcs(0) - ~~~~~~~~~~~~~~~~~~~~~~
[Nov 20 12:24:12 P -05:00] INFO  RepCalcs(0) - ~~ Finished RepSxdLoad ~
[Nov 20 12:24:12 P -05:00] INFO  RepCalcs(0) - ~~~~~~~~~~~~~~~~~~~~~~
[Nov 20 12:24:12 P -05:00] INFO  RepCalcs(0) - Sent logs in email to teamIt
[Nov 20 14:30:14 P -05:00] INFO  RepCalcs(0) - 
[Nov 20 14:30:14 P -05:00] INFO  RepCalcs(0) - 
[Nov 20 14:30:14 P -05:00] INFO  RepCalcs(0) - Running as User: repcalcs
[Nov 20 14:30:14 P -05:00] INFO  RepCalcs(0) - arg0: 1
[Nov 20 14:30:14 P -05:00] INFO  RepCalcs(0) - arg1: 2018-11-20 03:59:59
[Nov 20 14:30:14 P -05:00] INFO  RepCalcs(0) - arg2: all
[Nov 20 14:30:14 P -05:00] INFO  RepCalcs(0) - arg3: False
[Nov 20 14:30:14 P -05:00] INFO  RepCalcs(0) - arg4: True
[Nov 20 14:30:14 P -05:00] INFO  RepCalcs(0) - 
[Nov 20 14:30:14 P -05:00] INFO  RepCalcs(0) - **********************
[Nov 20 14:30:14 P -05:00] INFO  RepCalcs(0) - ** Starting RepSxdLoad **
[Nov 20 14:30:14 P -05:00] INFO  RepCalcs(0) - ** ImportContracts: False **
[Nov 20 14:30:14 P -05:00] INFO  RepCalcs(0) - ** RunPVCalc: False **
[Nov 20 14:30:14 P -05:00] INFO  RepCalcs(0) - ** RunAnalysis: False **
[Nov 20 14:30:14 P -05:00] INFO  RepCalcs(0) - ** ImportSchedLoad: True **
[Nov 20 14:30:14 P -05:00] INFO  RepCalcs(0) - ** ImportReceivables: True **
[Nov 20 14:30:14 P -05:00] INFO  RepCalcs(0) - ** recreateTabDailyComp: False **
[Nov 20 14:30:14 P -05:00] INFO  RepCalcs(0) - **********************
[Nov 20 14:30:14 P -05:00] INFO  RepCalcs(0) - ProcessThruDate	2018-11-20 03:59:59
[Nov 20 14:30:14 P -05:00] INFO  RepCalcs(0) - Current Directory	D:\CE\RepCalcs
[Nov 20 14:30:15 P -05:00] INFO  RepData(0) - Loaded 1 generic config values from db
[Nov 20 14:30:15 P -05:00] INFO  RepData(0) - Loaded 7 Active REP Clients
[Nov 20 14:30:15 P -05:00] INFO  RepCalcs(0) - sourceWebDir	C:\Temp
[Nov 20 14:30:15 P -05:00] INFO  RepCalcs(0) - sourceFTPDir	FTPFiles
[Nov 20 14:30:15 P -05:00] INFO  RepCalcs(0) - downloadDir	D:\VMAC\Inetpub\VMAC\download4
[Nov 20 14:30:15 P -05:00] INFO  RepCalcs(0) - modelDir	D:\CE\RepCalcs\RepModel
[Nov 20 14:30:15 P -05:00] INFO  RepCalcs(0) - Commit True
[Nov 20 14:30:15 P -05:00] INFO  RepCalcs(0) - FixErrors False
[Nov 20 14:30:15 P -05:00] INFO  RepCalcs(0) - Xpress False
[Nov 20 14:30:15 P -05:00] INFO  RepCalcs(0) - XXXXXX
[Nov 20 14:30:15 P -05:00] INFO  RepCalcs(0) - Processing Receivables for Test RepId: 21, as per the ini file.
[Nov 20 14:30:15 P -05:00] INFO  RepCalcs(0) - XXXXXX
[Nov 20 14:30:15 P -05:00] INFO  RepCalcs(0) - runAlways False
[Nov 20 14:30:15 P -05:00] INFO  RepCalcs(0) - uploadResults False
[Nov 20 14:30:15 P -05:00] INFO  RepCalcs(0) - contractHistory True
[Nov 20 14:30:15 P -05:00] INFO  RepCalcs(0) - NDrive: D:\Dropbox (VCFS)\Compliance and Reporting
[Nov 20 14:30:15 P -05:00] INFO  RepCalcs(0) - FTP Cleanup False
[Nov 20 14:30:15 P -05:00] INFO  RepCalcs(0) - SFTP Cleanup False
[Nov 20 14:30:15 P -05:00] INFO  RepCalcs(0) - Email Enabled True
[Nov 20 14:30:15 P -05:00] INFO  RepCalcs(0) - Report Missing ContractFile True
[Nov 20 14:30:15 P -05:00] INFO  RepCalcs(0) - Report Missing SchedLoadFile False
[Nov 20 14:30:15 P -05:00] INFO  RepCalcs(0) - Report Missing Receivables True
[Nov 20 14:30:15 P -05:00] INFO  RepData(0) - Found existing job JobId 4734
[Nov 20 14:30:15 P -05:00] INFO  RepCalcs(0) - Downloading Receivables for Reps since today a Biz Day
[Nov 20 14:30:15 P -05:00] INFO  RepCalcs(0) - Switching to SFTP for RepId: 21
[Nov 20 14:30:15 P -05:00] INFO  RepData(0) - Querying Data Error Codes and Description...
[Nov 20 14:30:15 P -05:00] INFO  RepCalcs(0) - +++++++++++++++++++++++++++++++++++++++++++++++++++++++
[Nov 20 14:30:15 P -05:00] INFO  RepCalcs(0) - Download Receivables for Lexington ( mailbox repclient13, repId 21 )
[Nov 20 14:30:15 P -05:00] INFO  RepCalcs(0) - +++++++++++++++++++++++++++++++++++++++++++++++++++++++
[Nov 20 14:30:15 P -05:00] INFO  RepCalcs(0) - Importing previous day receivable numbers in EscoReceivables
[Nov 20 14:30:15 P -05:00] INFO  RepCalcs(0) - Deleted 2 rows in EscoReceivables
[Nov 20 14:30:15 P -05:00] INFO  RepCalcs(0) - Inserted 2 rows in EscoReceivables
[Nov 20 14:30:15 P -05:00] INFO  RepCalcs(0) - Running ECI receivables for Lexington
[Nov 20 14:30:15 P -05:00] INFO  RepCalcs(0) - FilePattern:Lexington_Billed_381_V2020181120
[Nov 20 14:30:15 P -05:00] INFO  RepCalcs(0) - Filename: Lexington_Billed_381_V20201811201015200582573.csv
[Nov 20 14:30:15 P -05:00] INFO  RepCalcs(0) - FileCount: 1
[Nov 20 14:30:16 P -05:00] INFO  RepCalcs(0) - csvFilePathLex:D:\CE\Repcalcs\FTPFiles\Receivables\Lexington\Lexington_Billed_381_V20201811201015200582573.csv
[Nov 20 14:30:16 P -05:00] INFO  RepCalcs(0) - Rows count:13723
[Nov 20 14:30:16 P -05:00] INFO  RepCalcs(0) - Connection string: Data Source=prd-SQLP-A01;Initial Catalog=APX2000;Integrated Security = true
[Nov 20 14:30:16 P -05:00] INFO  RepCalcs(0) - Deleted old contents of: [clr_RepBilled_Lex]
[Nov 20 14:30:16 P -05:00] INFO  RepCalcs(0) - Recv file uploaded for 21 in [clr_RepBilled_Lex]
[Nov 20 14:40:16 P -05:00] ERROR RepCalcs(0) - Couldn't execute [sp_insertLexReceivables]
System.Data.SqlClient.SqlException (0x80131904): Execution Timeout Expired.  The timeout period elapsed prior to completion of the operation or the server is not responding. ---> System.ComponentModel.Win32Exception (0x80004005): The wait operation timed out
   at System.Data.SqlClient.SqlConnection.OnError(SqlException exception, Boolean breakConnection, Action`1 wrapCloseInAction)
   at System.Data.SqlClient.TdsParser.ThrowExceptionAndWarning(TdsParserStateObject stateObj, Boolean callerHasConnectionLock, Boolean asyncClose)
   at System.Data.SqlClient.TdsParser.TryRun(RunBehavior runBehavior, SqlCommand cmdHandler, SqlDataReader dataStream, BulkCopySimpleResultSet bulkCopyHandler, TdsParserStateObject stateObj, Boolean& dataReady)
   at System.Data.SqlClient.SqlDataReader.TryConsumeMetaData()
   at System.Data.SqlClient.SqlDataReader.get_MetaData()
   at System.Data.SqlClient.SqlCommand.FinishExecuteReader(SqlDataReader ds, RunBehavior runBehavior, String resetOptionsString, Boolean isInternal, Boolean forDescribeParameterEncryption)
   at System.Data.SqlClient.SqlCommand.RunExecuteReaderTds(CommandBehavior cmdBehavior, RunBehavior runBehavior, Boolean returnStream, Boolean async, Int32 timeout, Task& task, Boolean asyncWrite, Boolean inRetry, SqlDataReader ds, Boolean describeParameterEncryptionRequest)
   at System.Data.SqlClient.SqlCommand.RunExecuteReader(CommandBehavior cmdBehavior, RunBehavior runBehavior, Boolean returnStream, String method, TaskCompletionSource`1 completion, Int32 timeout, Task& task, Boolean& usedCache, Boolean asyncWrite, Boolean inRetry)
   at System.Data.SqlClient.SqlCommand.RunExecuteReader(CommandBehavior cmdBehavior, RunBehavior runBehavior, Boolean returnStream, String method)
   at System.Data.SqlClient.SqlCommand.ExecuteReader(CommandBehavior behavior, String method)
   at System.Data.SqlClient.SqlCommand.ExecuteReader()
   at RepCalcs.InsertDataIntoSqlServerUsingSqlBulkCopy(DataTable csvFileData, Int32 ClientRepId, Boolean isBilled)
ClientConnectionId:fa26821e-ce71-41f7-9c2c-a4c254be50c6
Error Number:-2,State:0,Class:11
[Nov 20 14:40:16 P -05:00] INFO  RepCalcs(0) - Done Lex receivables billed import to database
[Nov 20 14:40:16 P -05:00] INFO  RepData(0) - Inserting COUNT of Errors in file to database...
[Nov 20 14:40:16 P -05:00] INFO  RepCalcs(0) - Filename: Lexington Unbilled_381_V20201811201010196875076.csv
[Nov 20 14:40:16 P -05:00] INFO  RepCalcs(0) - 1
[Nov 20 14:40:17 P -05:00] INFO  RepCalcs(0) - D:\CE\Repcalcs\FTPFiles\Receivables\Lexington\Lexington Unbilled_381_V20201811201010196875076.csv
[Nov 20 14:40:17 P -05:00] INFO  RepCalcs(0) - Rows count:1821
[Nov 20 14:40:17 P -05:00] INFO  RepCalcs(0) - Connection string: Data Source=prd-SQLP-A01;Initial Catalog=APX2000;Integrated Security = true
[Nov 20 14:40:17 P -05:00] INFO  RepCalcs(0) - Deleted old contents of: [clr_RepUnBilled_Lex]
[Nov 20 14:40:17 P -05:00] INFO  RepCalcs(0) - Recv file uploaded for 21 in [clr_RepUnBilled_Lex]
[Nov 20 14:47:27 P -05:00] INFO  RepCalcs(0) - Done Lex receivables unbilled import to database
[Nov 20 14:47:27 P -05:00] INFO  RepData(0) - Inserting COUNT of Errors in file to database...
[Nov 20 14:47:27 P -05:00] ERROR RepCalcs(0) - Problem moving Receivables to N Drive
[Nov 20 14:47:27 P -05:00] INFO  RepCalcs(0) - Scrubbing file (removing commas/quotes and blank spaces)...
[Nov 20 14:47:27 P -05:00] INFO  RepCalcs(0) - Done with Receivables
[Nov 20 14:47:27 P -05:00] INFO  RepCalcs(0) - ~~~~~~~~~~~~~~~~~~~~~~
[Nov 20 14:47:27 P -05:00] INFO  RepCalcs(0) - ~~ Finished RepSxdLoad ~
[Nov 20 14:47:27 P -05:00] INFO  RepCalcs(0) - ~~~~~~~~~~~~~~~~~~~~~~
[Nov 20 14:47:27 P -05:00] INFO  RepCalcs(0) - Sent logs in email to teamIt
