[Nov 26 05:38:33 A -05:00] INFO  RepCalcs(0) - 
[Nov 26 05:38:33 A -05:00] INFO  RepCalcs(0) - 
[Nov 26 05:38:33 A -05:00] INFO  RepCalcs(0) - Running as User: repcalcs
[Nov 26 05:38:33 A -05:00] INFO  RepCalcs(0) - arg0: 1
[Nov 26 05:38:33 A -05:00] INFO  RepCalcs(0) - arg1: 2018-11-26 03:59:59
[Nov 26 05:38:33 A -05:00] INFO  RepCalcs(0) - arg2: Edf
[Nov 26 05:38:33 A -05:00] INFO  RepCalcs(0) - 
[Nov 26 05:38:33 A -05:00] INFO  RepCalcs(0) - **********************
[Nov 26 05:38:33 A -05:00] INFO  RepCalcs(0) - ** Starting RepCalcs **
[Nov 26 05:38:33 A -05:00] INFO  RepCalcs(0) - ** ImportContracts: True **
[Nov 26 05:38:33 A -05:00] INFO  RepCalcs(0) - ** RunPVCalc: True **
[Nov 26 05:38:33 A -05:00] INFO  RepCalcs(0) - ** RunAnalysis: True **
[Nov 26 05:38:33 A -05:00] INFO  RepCalcs(0) - ** ImportSchedLoad: False **
[Nov 26 05:38:33 A -05:00] INFO  RepCalcs(0) - ** ImportReceivables: False **
[Nov 26 05:38:33 A -05:00] INFO  RepCalcs(0) - ** recreateTabDailyComp: False **
[Nov 26 05:38:33 A -05:00] INFO  RepCalcs(0) - **********************
[Nov 26 05:38:33 A -05:00] INFO  RepCalcs(0) - ProcessThruDate	2018-11-26 03:59:59
[Nov 26 05:38:33 A -05:00] INFO  RepCalcs(0) - Current Directory	D:\CE\RepCalcs
[Nov 26 05:38:33 A -05:00] INFO  RepData(0) - Loaded 1 generic config values from db
[Nov 26 05:38:33 A -05:00] INFO  RepData(0) - Loaded 7 Active REP Clients
[Nov 26 05:38:33 A -05:00] INFO  RepCalcs(0) - sourceWebDir	C:\Temp
[Nov 26 05:38:33 A -05:00] INFO  RepCalcs(0) - sourceFTPDir	FTPFiles
[Nov 26 05:38:33 A -05:00] INFO  RepCalcs(0) - downloadDir	D:\VMAC\Inetpub\VMAC\download4
[Nov 26 05:38:33 A -05:00] INFO  RepCalcs(0) - modelDir	D:\CE\RepCalcs\RepModel
[Nov 26 05:38:33 A -05:00] INFO  DirCleaner(0) - Deleting File .\RepCalcs-Contracts.log.2018-11-09.log
[Nov 26 05:38:33 A -05:00] INFO  DirCleaner(0) - Deleting File .\RepCalcs.log.2018-11-09.log
[Nov 26 05:38:33 A -05:00] INFO  DirCleaner(0) - Deleted 2 files in .
[Nov 26 05:38:33 A -05:00] INFO  RepCalcs(0) - Commit True
[Nov 26 05:38:33 A -05:00] INFO  RepCalcs(0) - FixErrors False
[Nov 26 05:38:33 A -05:00] INFO  RepCalcs(0) - Xpress False
[Nov 26 05:38:33 A -05:00] INFO  RepCalcs(0) - runAlways False
[Nov 26 05:38:33 A -05:00] INFO  RepCalcs(0) - uploadResults False
[Nov 26 05:38:33 A -05:00] INFO  RepCalcs(0) - contractHistory True
[Nov 26 05:38:33 A -05:00] INFO  RepCalcs(0) - NDrive: D:\Dropbox (VCFS)\Compliance and Reporting
[Nov 26 05:38:33 A -05:00] INFO  RepCalcs(0) - FTP Cleanup False
[Nov 26 05:38:33 A -05:00] INFO  RepCalcs(0) - SFTP Cleanup False
[Nov 26 05:38:33 A -05:00] INFO  RepCalcs(0) - Email Enabled True
[Nov 26 05:38:33 A -05:00] INFO  RepCalcs(0) - Report Missing ContractFile True
[Nov 26 05:38:33 A -05:00] INFO  RepCalcs(0) - Report Missing SchedLoadFile False
[Nov 26 05:38:33 A -05:00] INFO  RepCalcs(0) - Report Missing Receivables True
[Nov 26 05:38:33 A -05:00] INFO  RepData(0) - 
[Nov 26 05:38:33 A -05:00] INFO  RepData(0) - Creating a NEW Job, with JobId 4740
[Nov 26 05:38:33 A -05:00] INFO  RepData(0) - 
[Nov 26 05:38:33 A -05:00] INFO  RepData(0) - Querying Power Prices...
[Nov 26 05:38:33 A -05:00] INFO  RepData(0) - Clearing Ptd= 11/26/2018 12:00:00 AM
[Nov 26 05:38:51 A -05:00] INFO  RepData(0) - Querying Gas Prices...
[Nov 26 05:38:53 A -05:00] INFO  RepData(0) - Done Querying Prices
[Nov 26 05:38:53 A -05:00] INFO  RepCalcs(0) - Skipping contracts download since yesterday was not a Biz Day
[Nov 26 05:38:53 A -05:00] INFO  RepCalcs(0) - ********************* Contract Files processing complete. Processed 0 files *********************
[Nov 26 05:38:53 A -05:00] INFO  RepCalcs(0) - Running analysis on processed client data
[Nov 26 05:38:53 A -05:00] INFO  RepCalcs(0) - Skipping updating Contract History
[Nov 26 05:38:53 A -05:00] INFO  RepCalcs(0) - Calculating 18 month load for Monthly contracts (Special case for Macquarie)
[Nov 26 05:38:55 A -05:00] INFO  RepCalcs(0) - Done with 18 month load calculation
[Nov 26 05:38:55 A -05:00] INFO  RepCalcs(0) - Running sp_clrRepAnalysis...
[Nov 26 05:38:55 A -05:00] INFO  RepCalcs(0) - Done
[Nov 26 05:38:55 A -05:00] INFO  RepData(0) - Querying Hedge based haircut assumptions for NPV
[Nov 26 05:38:55 A -05:00] INFO  RepData(0) - Done
[Nov 26 05:38:55 A -05:00] INFO  RepData(0) - Querying Average Weighted Hedge Prices for Clients
[Nov 26 05:38:55 A -05:00] INFO  RepData(0) - Done
[Nov 26 05:38:55 A -05:00] INFO  RepData(0) - Loaded 21 esco supplier mappings
[Nov 26 05:38:55 A -05:00] INFO  RepCalcs(0) - RUNNING Hedge based Haircuts on PV to get Forward Values 
[Nov 26 05:39:20 A -05:00] INFO  RepCalcs(0) - Replaced 0 values in Esco Assets
[Nov 26 05:39:20 A -05:00] INFO  RepCalcs(0) - Inserted 2 values for RepId 6 to Esco Assets for hedge haircutted Forward Value (PV).
[Nov 26 05:39:21 A -05:00] INFO  RepCalcs(0) - Replaced 0 values in Esco Assets
[Nov 26 05:39:21 A -05:00] INFO  RepCalcs(0) - Inserted 4 values for RepId 21 to Esco Assets for hedge haircutted Forward Value (PV).
[Nov 26 05:39:22 A -05:00] INFO  RepCalcs(0) - Replaced 0 values in Esco Assets
[Nov 26 05:39:22 A -05:00] INFO  RepCalcs(0) - Inserted 1 values for RepId 41 to Esco Assets for hedge haircutted Forward Value (PV).
[Nov 26 05:39:24 A -05:00] INFO  RepCalcs(0) - Replaced 0 values in Esco Assets
[Nov 26 05:39:24 A -05:00] INFO  RepCalcs(0) - Inserted 0 values for RepId 46 to Esco Assets for hedge haircutted Forward Value (PV).
[Nov 26 05:39:25 A -05:00] INFO  RepCalcs(0) - Replaced 0 values in Esco Assets
[Nov 26 05:39:25 A -05:00] INFO  RepCalcs(0) - Inserted 0 values for RepId 66 to Esco Assets for hedge haircutted Forward Value (PV).
[Nov 26 05:39:27 A -05:00] INFO  RepCalcs(0) - Replaced 0 values in Esco Assets
[Nov 26 05:39:27 A -05:00] INFO  RepCalcs(0) - Inserted 0 values for RepId 76 to Esco Assets for hedge haircutted Forward Value (PV).
[Nov 26 05:39:28 A -05:00] INFO  RepCalcs(0) - Replaced 0 values in Esco Assets
[Nov 26 05:39:28 A -05:00] INFO  RepCalcs(0) - Inserted 0 values for RepId 85 to Esco Assets for hedge haircutted Forward Value (PV).
[Nov 26 05:39:28 A -05:00] INFO  RepCalcs(0) - Done
[Nov 26 05:39:28 A -05:00] INFO  RepCalcs(0) - UPDATING RCE Count in Esco Assets
[Nov 26 05:39:30 A -05:00] INFO  RepData(0) - ESCO assets rows updated= 7
[Nov 26 05:39:30 A -05:00] INFO  RepCalcs(0) - Done
[Nov 26 05:39:30 A -05:00] INFO  RepCalcs(0) - UPDATING PV values in Daily Compliance table
[Nov 26 05:39:30 A -05:00] INFO  RepData(0) - Compliance PV rows updated= 3
[Nov 26 05:39:30 A -05:00] INFO  RepCalcs(0) - Done
[Nov 26 05:39:30 A -05:00] INFO  RepCalcs(0) - Inserting data into Contract Metrics table
[Nov 26 05:39:34 A -05:00] INFO  RepCalcs(0) - Done
[Nov 26 05:39:34 A -05:00] INFO  RepData(0) - Loaded 21 esco supplier mappings
[Nov 26 05:39:34 A -05:00] INFO  RepCalcs(0) - RUNNING Esco Out of Money Position calculations
[Nov 26 05:39:34 A -05:00] INFO  RepCalcs(0) - Replacing ESCO Money Positions data for repId 85
[Nov 26 05:39:34 A -05:00] INFO  RepData(0) - Replaced 0 EscoInMoneyPositions values for repId 85
[Nov 26 05:39:34 A -05:00] INFO  RepCalcs(0) - Done
[Nov 26 05:39:34 A -05:00] INFO  RepCalcs(0) - Replacing ESCO Money Positions data for repId 76
[Nov 26 05:39:34 A -05:00] INFO  RepData(0) - Replaced 0 EscoInMoneyPositions values for repId 76
[Nov 26 05:39:34 A -05:00] INFO  RepCalcs(0) - Done
[Nov 26 05:39:34 A -05:00] INFO  RepCalcs(0) - Replacing ESCO Money Positions data for repId 66
[Nov 26 05:39:34 A -05:00] INFO  RepData(0) - Replaced 0 EscoInMoneyPositions values for repId 66
[Nov 26 05:39:34 A -05:00] INFO  RepCalcs(0) - Done
[Nov 26 05:39:34 A -05:00] INFO  RepCalcs(0) - Replacing ESCO Money Positions data for repId 46
[Nov 26 05:39:34 A -05:00] INFO  RepData(0) - Replaced 0 EscoInMoneyPositions values for repId 46
[Nov 26 05:39:34 A -05:00] INFO  RepCalcs(0) - Done
[Nov 26 05:39:35 A -05:00] INFO  RepCalcs(0) - Replacing ESCO Money Positions data for repId 41
[Nov 26 05:39:35 A -05:00] INFO  RepData(0) - Replaced 0 EscoInMoneyPositions values for repId 41
[Nov 26 05:39:35 A -05:00] INFO  RepCalcs(0) - Done
[Nov 26 05:39:35 A -05:00] INFO  RepCalcs(0) - Replacing ESCO Money Positions data for repId 21
[Nov 26 05:39:35 A -05:00] INFO  RepData(0) - Replaced 0 EscoInMoneyPositions values for repId 21
[Nov 26 05:39:36 A -05:00] INFO  RepCalcs(0) - Inserting Esco In Money Positions data rows for repId 21 and Commodity 0
[Nov 26 05:39:36 A -05:00] INFO  RepCalcs(0) - Done
[Nov 26 05:39:36 A -05:00] INFO  RepCalcs(0) - Replacing ESCO Money Positions data for repId 6
[Nov 26 05:39:36 A -05:00] INFO  RepData(0) - Replaced 0 EscoInMoneyPositions values for repId 6
[Nov 26 05:39:37 A -05:00] INFO  RepCalcs(0) - Inserting Esco In Money Positions data rows for repId 6 and Commodity 0
[Nov 26 05:39:37 A -05:00] INFO  RepCalcs(0) - Inserting Esco Out of Money Positions data rows for repId 6 and Commodity 0
[Nov 26 05:39:37 A -05:00] INFO  RepCalcs(0) - Done
[Nov 26 05:39:37 A -05:00] INFO  RepCalcs(0) - RUNNING calculation of Adjusted Forward Value of Customer Contracts code aka AFVCC.
[Nov 26 05:39:37 A -05:00] INFO  CalculateAfvcc.AfvccCalculator(200) - ********************************************************************************
[Nov 26 05:39:37 A -05:00] INFO  CalculateAfvcc.AfvccCalculator(201) - Starting 'CalculateAfvcc'
[Nov 26 05:39:37 A -05:00] INFO  CalculateAfvcc.AfvccCalculator(202) - RunDate = 11/26/2018 3:59:59 AM
[Nov 26 05:39:37 A -05:00] INFO  CalculateAfvcc.AfvccCalculator(203) - Run User = repcalcs
[Nov 26 05:39:38 A -05:00] INFO  CalculateAfvcc.AfvccCalculator(55) - Invalidating Afvcc values in OrganizationCompliance table for rundate: 11/26/2018 12:00:00 AM
[Nov 26 05:39:40 A -05:00] INFO  CalculateAfvcc.AfvccCalculator(66) - Invalidating values in EscoAdjustedForwardValues table for rundate: 11/26/2018 12:00:00 AM
[Nov 26 05:39:40 A -05:00] INFO  CalculateAfvcc.AfvccCalculator(76) - Done.
[Nov 26 05:39:40 A -05:00] INFO  CalculateAfvcc.AfvccCalculator(113) - Calculating Esco Adjusted Forward Value for EscoId: 6
[Nov 26 05:39:41 A -05:00] INFO  CalculateAfvcc.AfvccCalculator(113) - Calculating Esco Adjusted Forward Value for EscoId: 21
[Nov 26 05:39:41 A -05:00] INFO  CalculateAfvcc.AfvccCalculator(113) - Calculating Esco Adjusted Forward Value for EscoId: 41
[Nov 26 05:39:41 A -05:00] INFO  CalculateAfvcc.AfvccCalculator(113) - Calculating Esco Adjusted Forward Value for EscoId: 46
[Nov 26 05:39:41 A -05:00] INFO  CalculateAfvcc.AfvccCalculator(113) - Calculating Esco Adjusted Forward Value for EscoId: 66
[Nov 26 05:39:41 A -05:00] INFO  CalculateAfvcc.AfvccCalculator(113) - Calculating Esco Adjusted Forward Value for EscoId: 76
[Nov 26 05:39:41 A -05:00] INFO  CalculateAfvcc.AfvccCalculator(113) - Calculating Esco Adjusted Forward Value for EscoId: 85
[Nov 26 05:39:41 A -05:00] INFO  CalculateAfvcc.AfvccCalculator(144) - Done.
[Nov 26 05:39:41 A -05:00] INFO  CalculateAfvcc.AfvccCalculator(185) - Running calculations for Afvcc
[Nov 26 05:39:41 A -05:00] INFO  CalculateAfvcc.AfvccCalculator(188) - Done.
[Nov 26 05:39:41 A -05:00] INFO  CalculateAfvcc.AfvccCalculator(94) - Saving changes in Compliance Db
[Nov 26 05:39:41 A -05:00] INFO  CalculateAfvcc.AfvccCalculator(96) - Done.
[Nov 26 05:39:41 A -05:00] INFO  RepCalcs(0) - CalculateAfvcc is complete.
[Nov 26 05:39:41 A -05:00] INFO  RepCalcs(0) - Running sp_clrRepConcRisk...
[Nov 26 05:39:52 A -05:00] INFO  RepCalcs(0) - Done
[Nov 26 05:39:52 A -05:00] INFO  RepCalcs(0) - Running RCE calculation update in daily compliance table...
[Nov 26 05:39:52 A -05:00] INFO  RepData(0) - Daily Compliance rows updated= 0
[Nov 26 05:39:52 A -05:00] INFO  RepCalcs(0) - Done
[Nov 26 05:39:52 A -05:00] INFO  RepCalcs(0) - ~~~~~~~~~~~~~~~~~~~~~~
[Nov 26 05:39:52 A -05:00] INFO  RepCalcs(0) - ~~ Finished RepCalcs ~
[Nov 26 05:39:52 A -05:00] INFO  RepCalcs(0) - ~~~~~~~~~~~~~~~~~~~~~~
[Nov 26 05:39:52 A -05:00] INFO  RepCalcs(0) - Sent logs in email to teamIt
[Nov 26 11:10:00 A -05:00] INFO  RepCalcs(0) - 
[Nov 26 11:10:00 A -05:00] INFO  RepCalcs(0) - 
[Nov 26 11:10:00 A -05:00] INFO  RepCalcs(0) - Running as User: repcalcs
[Nov 26 11:10:00 A -05:00] INFO  RepCalcs(0) - arg0: 1
[Nov 26 11:10:00 A -05:00] INFO  RepCalcs(0) - arg1: 2018-11-26 03:59:59
[Nov 26 11:10:00 A -05:00] INFO  RepCalcs(0) - arg2: all
[Nov 26 11:10:00 A -05:00] INFO  RepCalcs(0) - arg3: False
[Nov 26 11:10:00 A -05:00] INFO  RepCalcs(0) - arg4: True
[Nov 26 11:10:01 A -05:00] INFO  RepCalcs(0) - 
[Nov 26 11:10:01 A -05:00] INFO  RepCalcs(0) - **********************
[Nov 26 11:10:01 A -05:00] INFO  RepCalcs(0) - ** Starting RepSxdLoad **
[Nov 26 11:10:01 A -05:00] INFO  RepCalcs(0) - ** ImportContracts: False **
[Nov 26 11:10:01 A -05:00] INFO  RepCalcs(0) - ** RunPVCalc: False **
[Nov 26 11:10:01 A -05:00] INFO  RepCalcs(0) - ** RunAnalysis: False **
[Nov 26 11:10:01 A -05:00] INFO  RepCalcs(0) - ** ImportSchedLoad: True **
[Nov 26 11:10:01 A -05:00] INFO  RepCalcs(0) - ** ImportReceivables: True **
[Nov 26 11:10:01 A -05:00] INFO  RepCalcs(0) - ** recreateTabDailyComp: False **
[Nov 26 11:10:01 A -05:00] INFO  RepCalcs(0) - **********************
[Nov 26 11:10:01 A -05:00] INFO  RepCalcs(0) - ProcessThruDate	2018-11-26 03:59:59
[Nov 26 11:10:01 A -05:00] INFO  RepCalcs(0) - Current Directory	D:\CE\RepCalcs
[Nov 26 11:10:01 A -05:00] INFO  RepData(0) - Loaded 1 generic config values from db
[Nov 26 11:10:01 A -05:00] INFO  RepData(0) - Loaded 7 Active REP Clients
[Nov 26 11:10:01 A -05:00] INFO  RepCalcs(0) - sourceWebDir	C:\Temp
[Nov 26 11:10:01 A -05:00] INFO  RepCalcs(0) - sourceFTPDir	FTPFiles
[Nov 26 11:10:01 A -05:00] INFO  RepCalcs(0) - downloadDir	D:\VMAC\Inetpub\VMAC\download4
[Nov 26 11:10:01 A -05:00] INFO  RepCalcs(0) - modelDir	D:\CE\RepCalcs\RepModel
[Nov 26 11:10:01 A -05:00] INFO  DirCleaner(0) - Deleting File .\RepCalcs-Contracts.log.2018-11-10.log
[Nov 26 11:10:01 A -05:00] INFO  DirCleaner(0) - Deleting File .\RepCalcs.log.2018-11-10.log
[Nov 26 11:10:01 A -05:00] INFO  DirCleaner(0) - Deleted 2 files in .
[Nov 26 11:10:01 A -05:00] INFO  RepCalcs(0) - Commit True
[Nov 26 11:10:01 A -05:00] INFO  RepCalcs(0) - FixErrors False
[Nov 26 11:10:01 A -05:00] INFO  RepCalcs(0) - Xpress False
[Nov 26 11:10:01 A -05:00] INFO  RepCalcs(0) - runAlways False
[Nov 26 11:10:01 A -05:00] INFO  RepCalcs(0) - uploadResults False
[Nov 26 11:10:01 A -05:00] INFO  RepCalcs(0) - contractHistory True
[Nov 26 11:10:01 A -05:00] INFO  RepCalcs(0) - NDrive: D:\Dropbox (VCFS)\Compliance and Reporting
[Nov 26 11:10:01 A -05:00] INFO  RepCalcs(0) - FTP Cleanup False
[Nov 26 11:10:01 A -05:00] INFO  RepCalcs(0) - SFTP Cleanup False
[Nov 26 11:10:01 A -05:00] INFO  RepCalcs(0) - Email Enabled True
[Nov 26 11:10:01 A -05:00] INFO  RepCalcs(0) - Report Missing ContractFile True
[Nov 26 11:10:01 A -05:00] INFO  RepCalcs(0) - Report Missing SchedLoadFile False
[Nov 26 11:10:01 A -05:00] INFO  RepCalcs(0) - Report Missing Receivables True
[Nov 26 11:10:01 A -05:00] INFO  RepData(0) - Found existing job JobId 4740
[Nov 26 11:10:01 A -05:00] INFO  RepCalcs(0) - Downloading Receivables for Reps since today a Biz Day
[Nov 26 11:10:01 A -05:00] INFO  RepCalcs(0) - Switching to SFTP for RepId: 85
[Nov 26 11:10:01 A -05:00] INFO  RepData(0) - Querying Data Error Codes and Description...
[Nov 26 11:10:01 A -05:00] INFO  RepCalcs(0) - +++++++++++++++++++++++++++++++++++++++++++++++++++++++
[Nov 26 11:10:01 A -05:00] INFO  RepCalcs(0) - Download Receivables for Volt ( mailbox repclient85, repId 85 )
[Nov 26 11:10:01 A -05:00] INFO  RepCalcs(0) - +++++++++++++++++++++++++++++++++++++++++++++++++++++++
[Nov 26 11:10:01 A -05:00] INFO  RepCalcs(0) - Importing previous day receivable numbers in EscoReceivables
[Nov 26 11:10:01 A -05:00] INFO  RepCalcs(0) - Deleted 0 rows in EscoReceivables
[Nov 26 11:10:01 A -05:00] INFO  RepCalcs(0) - Inserted 0 rows in EscoReceivables
[Nov 26 11:10:01 A -05:00] INFO  RepCalcs(0) - Retrieving Billed FileName Pattern for rep 85
[Nov 26 11:10:01 A -05:00] INFO  RepCalcs(0) - File Pattern: 11262018 Billed
[Nov 26 11:10:01 A -05:00] INFO  RepCalcs(0) - Found 11262018 Billed.csv downloading...
[Nov 26 11:10:03 A -05:00] INFO  RepCalcs(0) - Done
[Nov 26 11:10:03 A -05:00] INFO  RepCalcs(0) - 11262018 Billed.csv
[Nov 26 11:10:03 A -05:00] INFO  RepCalcs(0) - Rows count:11139
[Nov 26 11:10:03 A -05:00] INFO  RepCalcs(0) - Connection string: Data Source=prd-SQLP-A01;Initial Catalog=APX2000;Integrated Security = true
[Nov 26 11:10:03 A -05:00] INFO  RepCalcs(0) - Doing an IntraDay Delete for RepGenBilled, rep: 85
[Nov 26 11:12:24 A -05:00] INFO  RepCalcs(0) - Finished Inserting rows into Intermediate Table for rep: 85
[Nov 26 11:12:24 A -05:00] INFO  RepCalcs(0) - Running BulkCopy Insert
[Nov 26 11:12:24 A -05:00] INFO  RepCalcs(0) - Finished Inserting rows into RepGen Table for rep: 85
[Nov 26 11:12:24 A -05:00] INFO  RepCalcs(0) - Recv file uploaded for 85 in [clr_RepGenBilled]
[Nov 26 11:12:24 A -05:00] INFO  RepCalcs(0) - Executing sp_clrRepGenReceivables for Rep: 85
[Nov 26 11:14:19 A -05:00] INFO  RepCalcs(0) - Finished BulkCopy insert
[Nov 26 11:14:19 A -05:00] INFO  RepCalcs(0) - Done receivables for billed rep: 85 import to database
[Nov 26 11:14:19 A -05:00] INFO  RepCalcs(0) - Volt Receivables billed imported to the N drive
[Nov 26 11:14:19 A -05:00] INFO  RepData(0) - Inserting COUNT of Errors in file to database...
[Nov 26 11:14:19 A -05:00] INFO  RepCalcs(0) - Retrieving Unbilled FileName Pattern for rep 85
[Nov 26 11:14:19 A -05:00] INFO  RepCalcs(0) - File Pattern: 11262018 UnBilled.csv
[Nov 26 11:14:19 A -05:00] INFO  RepCalcs(0) - Found 11262018 UnBilled.csv downloading...
[Nov 26 11:14:20 A -05:00] INFO  RepCalcs(0) - Done
[Nov 26 11:14:20 A -05:00] INFO  RepCalcs(0) - 11262018 UnBilled.csv
[Nov 26 11:14:20 A -05:00] INFO  RepCalcs(0) - Rows count:10558
[Nov 26 11:14:20 A -05:00] INFO  RepCalcs(0) - Connection string: Data Source=prd-SQLP-A01;Initial Catalog=APX2000;Integrated Security = true
[Nov 26 11:14:24 A -05:00] INFO  RepCalcs(0) - Doing an IntraDay Delete for RepGenUnBilled, rep: 85
[Nov 26 11:14:24 A -05:00] INFO  RepCalcs(0) - Finished Inserting rows into intermediate table for rep: 85
[Nov 26 11:14:24 A -05:00] INFO  RepCalcs(0) - Running BulkCopy Insert
[Nov 26 11:14:24 A -05:00] INFO  RepCalcs(0) - Finished Inserting rows into RepGen Table for rep: 85
[Nov 26 11:14:24 A -05:00] INFO  RepCalcs(0) - Recv file uploaded for 85 in [clr_RepGenUnBilled]
[Nov 26 11:14:24 A -05:00] INFO  RepCalcs(0) - Executing sp_clrRepGenReceivables for Rep: 85
[Nov 26 11:19:10 A -05:00] INFO  RepCalcs(0) - Finished BulkCopy insert
[Nov 26 11:19:10 A -05:00] INFO  RepCalcs(0) - Done receivables for unbilled rep: 85 import to database
[Nov 26 11:19:10 A -05:00] INFO  RepCalcs(0) - Volt Receivables unbilled imported to the N drive
[Nov 26 11:19:10 A -05:00] INFO  RepData(0) - Inserting COUNT of Errors in file to database...
[Nov 26 11:19:10 A -05:00] INFO  RepCalcs(0) - Scrubbing file (removing commas/quotes and blank spaces)...
[Nov 26 11:19:10 A -05:00] INFO  Util(0) - Removed 0 Zeros
[Nov 26 11:19:10 A -05:00] INFO  RepCalcs(0) - 11262018 Billed.csv transferred to the DB server
[Nov 26 11:19:10 A -05:00] INFO  Util(0) - Removed 0 Zeros
[Nov 26 11:19:10 A -05:00] INFO  RepCalcs(0) - 11262018 UnBilled.csv transferred to the DB server
[Nov 26 11:19:10 A -05:00] INFO  RepCalcs(0) - Done
[Nov 26 11:19:10 A -05:00] INFO  RepCalcs(0) - Importing Volt Receivables
[Nov 26 11:24:47 A -05:00] INFO  RepCalcs(0) - Done Importing Receivables
[Nov 26 11:24:47 A -05:00] INFO  RepCalcs(0) - Skipping cleanup
[Nov 26 11:24:47 A -05:00] INFO  RepCalcs(0) - Switching to SFTP for RepId: 76
[Nov 26 11:24:47 A -05:00] INFO  RepData(0) - Querying Data Error Codes and Description...
[Nov 26 11:24:47 A -05:00] INFO  RepCalcs(0) - +++++++++++++++++++++++++++++++++++++++++++++++++++++++
[Nov 26 11:24:47 A -05:00] INFO  RepCalcs(0) - Download Receivables for Atlantic ( mailbox repclient76, repId 76 )
[Nov 26 11:24:47 A -05:00] INFO  RepCalcs(0) - +++++++++++++++++++++++++++++++++++++++++++++++++++++++
[Nov 26 11:24:47 A -05:00] INFO  RepCalcs(0) - Importing previous day receivable numbers in EscoReceivables
[Nov 26 11:24:47 A -05:00] INFO  RepCalcs(0) - Deleted 0 rows in EscoReceivables
[Nov 26 11:24:47 A -05:00] INFO  RepCalcs(0) - Inserted 0 rows in EscoReceivables
[Nov 26 11:24:47 A -05:00] INFO  RepCalcs(0) - Retrieving Billed FileName Pattern for rep 76
[Nov 26 11:24:47 A -05:00] INFO  RepCalcs(0) - File Pattern: Atlantic_ARAgedSummaryreport_20181125.csv
[Nov 26 11:24:47 A -05:00] ERROR RepCalcs(0) - File does not exist! Check File Name or SFTP Mailbox!
[Nov 26 11:24:47 A -05:00] ERROR RepCalcs(0) - Problem downloading Billed file for Atlantic
[Nov 26 11:24:48 A -05:00] INFO  RepCalcs(0) - No Billed file for Atlantic today
[Nov 26 11:24:48 A -05:00] INFO  RepData(0) - Inserting COUNT of Errors in file to database...
[Nov 26 11:24:48 A -05:00] ERROR RepCalcs(0) - File does not exist! Check File Name or SFTP Mailbox!
[Nov 26 11:24:48 A -05:00] ERROR RepCalcs(0) - Problem downloading UnBilled file for Atlantic
[Nov 26 11:24:48 A -05:00] INFO  RepCalcs(0) - No UnBilled file for Atlantic today
[Nov 26 11:24:48 A -05:00] INFO  RepData(0) - Inserting COUNT of Errors in file to database...
[Nov 26 11:24:48 A -05:00] INFO  RepCalcs(0) - Switching to SFTP for RepId: 66
[Nov 26 11:24:48 A -05:00] INFO  RepData(0) - Querying Data Error Codes and Description...
[Nov 26 11:24:48 A -05:00] INFO  RepCalcs(0) - +++++++++++++++++++++++++++++++++++++++++++++++++++++++
[Nov 26 11:24:48 A -05:00] INFO  RepCalcs(0) - Download Receivables for Genie Energy ( mailbox repclient66, repId 66 )
[Nov 26 11:24:48 A -05:00] INFO  RepCalcs(0) - +++++++++++++++++++++++++++++++++++++++++++++++++++++++
[Nov 26 11:24:48 A -05:00] INFO  RepCalcs(0) - Importing previous day receivable numbers in EscoReceivables
[Nov 26 11:24:48 A -05:00] INFO  RepCalcs(0) - Deleted 0 rows in EscoReceivables
[Nov 26 11:24:48 A -05:00] INFO  RepCalcs(0) - Inserted 0 rows in EscoReceivables
[Nov 26 11:24:49 A -05:00] ERROR RepCalcs(0) - File does not exist! Check File Name or SFTP Mailbox!
[Nov 26 11:24:49 A -05:00] ERROR RepCalcs(0) - Problem downloading Billed file for Genie Energy
[Nov 26 11:24:49 A -05:00] INFO  RepCalcs(0) - No Billed file for Genie Energy today
[Nov 26 11:24:49 A -05:00] INFO  RepData(0) - Inserting COUNT of Errors in file to database...
[Nov 26 11:24:50 A -05:00] ERROR RepCalcs(0) - File does not exist! Check File Name or SFTP Mailbox!
[Nov 26 11:24:50 A -05:00] ERROR RepCalcs(0) - Problem downloading UnBilled file for Genie Energy
[Nov 26 11:24:50 A -05:00] INFO  RepCalcs(0) - No UnBilled file for Genie Energy today
[Nov 26 11:24:50 A -05:00] INFO  RepData(0) - Inserting COUNT of Errors in file to database...
[Nov 26 11:24:50 A -05:00] INFO  RepCalcs(0) - Switching to SFTP for RepId: 46
[Nov 26 11:24:50 A -05:00] INFO  RepData(0) - Querying Data Error Codes and Description...
[Nov 26 11:24:50 A -05:00] INFO  RepCalcs(0) - +++++++++++++++++++++++++++++++++++++++++++++++++++++++
[Nov 26 11:24:50 A -05:00] INFO  RepCalcs(0) - Download Receivables for Discount ( mailbox repclient46, repId 46 )
[Nov 26 11:24:50 A -05:00] INFO  RepCalcs(0) - +++++++++++++++++++++++++++++++++++++++++++++++++++++++
[Nov 26 11:24:50 A -05:00] INFO  RepCalcs(0) - Importing previous day receivable numbers in EscoReceivables
[Nov 26 11:24:50 A -05:00] INFO  RepCalcs(0) - Deleted 0 rows in EscoReceivables
[Nov 26 11:24:50 A -05:00] INFO  RepCalcs(0) - Inserted 0 rows in EscoReceivables
[Nov 26 11:24:50 A -05:00] INFO  RepCalcs(0) - Retrieving Billed FileName Pattern for rep 46
[Nov 26 11:24:50 A -05:00] INFO  RepCalcs(0) - File Pattern: AR_Detail_As_Of_Date_2018-11-25*.csv
[Nov 26 11:24:51 A -05:00] INFO  RepCalcs(0) - Found AR_Detail_As_Of_Date_2018-11-25.20.03_20181125_200348.csv downloading...
[Nov 26 11:25:03 A -05:00] INFO  RepCalcs(0) - Done
[Nov 26 11:25:03 A -05:00] INFO  RepCalcs(0) - AR_Detail_As_Of_Date_2018-11-25.20.03_20181125_200348.csv
[Nov 26 11:25:12 A -05:00] INFO  RepCalcs(0) - Rows count:235923
[Nov 26 11:25:12 A -05:00] INFO  RepCalcs(0) - Connection string: Data Source=prd-SQLP-A01;Initial Catalog=APX2000;Integrated Security = true
[Nov 26 11:27:28 A -05:00] INFO  RepCalcs(0) - Finished Intra Day Delete on clr_RepGenBilled for Rep: 46
[Nov 26 11:28:20 A -05:00] INFO  RepCalcs(0) - Finished Intra Day Delete on clr_RepBilledARAnalysis_Discount
[Nov 26 11:28:21 A -05:00] INFO  RepCalcs(0) - Running BulkCopy Insert
[Nov 26 11:28:22 A -05:00] INFO  RepCalcs(0) - Finished inserting into clr_RepbilledARAnalysis_Discount
[Nov 26 11:28:24 A -05:00] INFO  RepCalcs(0) - Running BulkCopy Insert
[Nov 26 11:28:25 A -05:00] INFO  RepCalcs(0) - Recv file uploaded for 46 in [clr_RepGenBilled]
[Nov 26 11:28:25 A -05:00] INFO  RepCalcs(0) - Executing sp_clrRepGenReceivables for Rep: 46
[Nov 26 11:36:01 A -05:00] INFO  RepCalcs(0) - Finished BulkCopy insert
[Nov 26 11:36:01 A -05:00] INFO  RepCalcs(0) - Done receivables for billed rep: 46 import to database
[Nov 26 11:36:01 A -05:00] INFO  RepCalcs(0) - Discount Receivables billed imported to the N drive
[Nov 26 11:36:01 A -05:00] INFO  RepData(0) - Inserting COUNT of Errors in file to database...
[Nov 26 11:36:01 A -05:00] INFO  RepCalcs(0) - Retrieving Unbilled FileName Pattern for rep 46
[Nov 26 11:36:01 A -05:00] INFO  RepCalcs(0) - File Pattern: UBL_DP_20181126.csv
[Nov 26 11:36:02 A -05:00] INFO  RepCalcs(0) - Found UBL_DP_20181126.csv downloading...
[Nov 26 11:36:02 A -05:00] INFO  RepCalcs(0) - Done
[Nov 26 11:36:02 A -05:00] INFO  RepCalcs(0) - UBL_DP_20181126.csv
[Nov 26 11:36:02 A -05:00] INFO  RepCalcs(0) - Rows count:270
[Nov 26 11:36:02 A -05:00] INFO  RepCalcs(0) - Connection string: Data Source=prd-SQLP-A01;Initial Catalog=APX2000;Integrated Security = true
[Nov 26 11:36:05 A -05:00] INFO  RepCalcs(0) - Finished Intra Day Delete on clr_RepGenUnBilled for Rep: 46
[Nov 26 11:36:05 A -05:00] INFO  RepCalcs(0) - Finished Intra Day Delete on clr_RepUnBilledARAnalysis_Discount
[Nov 26 11:36:05 A -05:00] INFO  RepCalcs(0) - Running BulkCopy Insert
[Nov 26 11:36:05 A -05:00] INFO  RepCalcs(0) - Finished Inserting into ARAnalysisUnbilled
[Nov 26 11:36:05 A -05:00] INFO  RepCalcs(0) - Running BulkCopy Insert
[Nov 26 11:36:05 A -05:00] INFO  RepCalcs(0) - Recv file uploaded for 46 in [clr_RepGenUnBilled]
[Nov 26 11:36:05 A -05:00] INFO  RepCalcs(0) - Executing sp_clrRepGenReceivables for Rep: 46
[Nov 26 11:47:15 A -05:00] INFO  RepCalcs(0) - Finished BulkCopy insert
[Nov 26 11:47:15 A -05:00] INFO  RepCalcs(0) - Done receivables for unbilled rep: 46 import to database
[Nov 26 11:47:15 A -05:00] INFO  RepCalcs(0) - Discount Receivables unbilled imported to the N drive
[Nov 26 11:47:15 A -05:00] INFO  RepData(0) - Inserting COUNT of Errors in file to database...
[Nov 26 11:47:15 A -05:00] INFO  RepCalcs(0) - Scrubbing file (removing commas/quotes and blank spaces)...
[Nov 26 11:47:21 A -05:00] INFO  Util(0) - Removed 0 Zeros
[Nov 26 11:47:22 A -05:00] INFO  RepCalcs(0) - AR_Detail_As_Of_Date_2018-11-25.20.03_20181125_200348.csv transferred to the DB server
[Nov 26 11:47:22 A -05:00] INFO  Util(0) - Removed 0 Zeros
[Nov 26 11:47:22 A -05:00] INFO  RepCalcs(0) - UBL_DP_20181126.csv transferred to the DB server
[Nov 26 11:47:22 A -05:00] INFO  RepCalcs(0) - Done
[Nov 26 11:47:22 A -05:00] INFO  RepCalcs(0) - Importing Discount Receivables
[Nov 26 11:58:53 A -05:00] INFO  RepCalcs(0) - Done Importing Receivables
[Nov 26 11:58:53 A -05:00] INFO  RepCalcs(0) - Skipping cleanup
[Nov 26 11:58:53 A -05:00] INFO  RepCalcs(0) - Switching to SFTP for RepId: 41
[Nov 26 11:58:53 A -05:00] INFO  RepData(0) - Querying Data Error Codes and Description...
[Nov 26 11:58:53 A -05:00] INFO  RepCalcs(0) - +++++++++++++++++++++++++++++++++++++++++++++++++++++++
[Nov 26 11:58:53 A -05:00] INFO  RepCalcs(0) - Download Receivables for GB Power ( mailbox repclient81, repId 41 )
[Nov 26 11:58:53 A -05:00] INFO  RepCalcs(0) - +++++++++++++++++++++++++++++++++++++++++++++++++++++++
[Nov 26 11:58:53 A -05:00] INFO  RepCalcs(0) - Importing previous day receivable numbers in EscoReceivables
[Nov 26 11:58:53 A -05:00] INFO  RepCalcs(0) - Deleted 0 rows in EscoReceivables
[Nov 26 11:58:53 A -05:00] INFO  RepCalcs(0) - Inserted 0 rows in EscoReceivables
[Nov 26 11:58:53 A -05:00] INFO  RepCalcs(0) - Retrieving Billed FileName Pattern for rep 41
[Nov 26 11:58:53 A -05:00] INFO  RepCalcs(0) - File Pattern: 181126000*_VantageBilled.csv
[Nov 26 11:58:54 A -05:00] INFO  RepCalcs(0) - Found 1811260001_VantageBilled.csv downloading...
[Nov 26 11:58:55 A -05:00] INFO  RepCalcs(0) - Done
[Nov 26 11:58:55 A -05:00] INFO  RepCalcs(0) - 1811260001_VantageBilled.csv
[Nov 26 11:58:55 A -05:00] INFO  RepCalcs(0) - Rows count:1611
[Nov 26 11:58:55 A -05:00] INFO  RepCalcs(0) - Connection string: Data Source=prd-SQLP-A01;Initial Catalog=APX2000;Integrated Security = true
[Nov 26 11:58:55 A -05:00] INFO  RepCalcs(0) - Doing an IntraDay Delete for RepGenBilled, rep: 41
[Nov 26 12:01:10 P -05:00] INFO  RepCalcs(0) - Running BulkCopy Insert
[Nov 26 12:01:10 P -05:00] INFO  RepCalcs(0) - Recv file uploaded for 41 in [clr_RepGenBilled]
[Nov 26 12:01:10 P -05:00] INFO  RepCalcs(0) - Executing sp_clrRepGenReceivables for Rep: 41
[Nov 26 12:03:04 P -05:00] INFO  RepCalcs(0) - Finished BulkCopy insert
[Nov 26 12:03:04 P -05:00] INFO  RepCalcs(0) - Done receivables for billed rep: 41 import to database
[Nov 26 12:03:04 P -05:00] INFO  RepCalcs(0) - GB Power Receivables billed imported to the N drive
[Nov 26 12:03:04 P -05:00] INFO  RepData(0) - Inserting COUNT of Errors in file to database...
[Nov 26 12:03:04 P -05:00] INFO  RepCalcs(0) - Retrieving Unbilled FileName Pattern for rep 41
[Nov 26 12:03:04 P -05:00] INFO  RepCalcs(0) - File Pattern: 181126000*_VantageUnbilled.csv
[Nov 26 12:03:05 P -05:00] INFO  RepCalcs(0) - Found 1811260002_VantageUnbilled.csv downloading...
[Nov 26 12:03:05 P -05:00] INFO  RepCalcs(0) - Done
[Nov 26 12:03:05 P -05:00] INFO  RepCalcs(0) - 1811260002_VantageUnbilled.csv
[Nov 26 12:03:05 P -05:00] INFO  RepCalcs(0) - Rows count:1740
[Nov 26 12:03:05 P -05:00] INFO  RepCalcs(0) - Connection string: Data Source=prd-SQLP-A01;Initial Catalog=APX2000;Integrated Security = true
[Nov 26 12:03:05 P -05:00] INFO  RepCalcs(0) - Doing an IntraDay Delete for RepGenBilled, rep: 41
[Nov 26 12:03:09 P -05:00] INFO  RepCalcs(0) - Running BulkCopy Insert
[Nov 26 12:03:09 P -05:00] INFO  RepCalcs(0) - Recv file uploaded for 41 in [clr_RepGenUnBilled]
[Nov 26 12:03:09 P -05:00] INFO  RepCalcs(0) - Executing sp_clrRepGenReceivables for Rep: 41
[Nov 26 12:06:46 P -05:00] INFO  RepCalcs(0) - Finished BulkCopy insert
[Nov 26 12:06:46 P -05:00] INFO  RepCalcs(0) - Done receivables for unbilled rep: 41 import to database
[Nov 26 12:06:46 P -05:00] INFO  RepCalcs(0) - GB Power Receivables unbilled imported to the N drive
[Nov 26 12:06:46 P -05:00] INFO  RepData(0) - Inserting COUNT of Errors in file to database...
[Nov 26 12:06:46 P -05:00] INFO  RepCalcs(0) - Scrubbing file (removing commas/quotes and blank spaces)...
[Nov 26 12:06:47 P -05:00] INFO  Util(0) - Removed 0 Zeros
[Nov 26 12:06:47 P -05:00] INFO  RepCalcs(0) - 1811260001_VantageBilled.csv transferred to the DB server
[Nov 26 12:06:47 P -05:00] INFO  Util(0) - Removed 0 Zeros
[Nov 26 12:06:47 P -05:00] INFO  RepCalcs(0) - 1811260002_VantageUnbilled.csv transferred to the DB server
[Nov 26 12:06:47 P -05:00] INFO  RepCalcs(0) - Done
[Nov 26 12:06:47 P -05:00] INFO  RepCalcs(0) - Importing GB Power Receivables
[Nov 26 12:12:10 P -05:00] INFO  RepCalcs(0) - Done Importing Receivables
[Nov 26 12:12:10 P -05:00] INFO  RepCalcs(0) - Skipping cleanup
[Nov 26 12:12:10 P -05:00] INFO  RepCalcs(0) - Switching to SFTP for RepId: 21
[Nov 26 12:12:10 P -05:00] INFO  RepData(0) - Querying Data Error Codes and Description...
[Nov 26 12:12:10 P -05:00] INFO  RepCalcs(0) - +++++++++++++++++++++++++++++++++++++++++++++++++++++++
[Nov 26 12:12:10 P -05:00] INFO  RepCalcs(0) - Download Receivables for Lexington ( mailbox repclient13, repId 21 )
[Nov 26 12:12:10 P -05:00] INFO  RepCalcs(0) - +++++++++++++++++++++++++++++++++++++++++++++++++++++++
[Nov 26 12:12:10 P -05:00] INFO  RepCalcs(0) - Importing previous day receivable numbers in EscoReceivables
[Nov 26 12:12:10 P -05:00] INFO  RepCalcs(0) - Deleted 0 rows in EscoReceivables
[Nov 26 12:12:10 P -05:00] INFO  RepCalcs(0) - Inserted 2 rows in EscoReceivables
[Nov 26 12:12:10 P -05:00] INFO  RepCalcs(0) - Running ECI receivables for Lexington
[Nov 26 12:12:10 P -05:00] INFO  RepCalcs(0) - FilePattern:Lexington_Billed_381_V2020181126
[Nov 26 12:12:10 P -05:00] ERROR RepCalcs(0) - System.IO.FileNotFoundException: Could not find file 'D:\CE\RepCalcs\test'.
   at Microsoft.VisualBasic.FileIO.TextFieldParser.ValidatePath(String path)
   at Microsoft.VisualBasic.FileIO.TextFieldParser.InitializeFromPath(String path, Encoding defaultEncoding, Boolean detectEncoding)
   at RepCalcs.GetDataTableFromCSVFile(String csvFilePath)
[Nov 26 12:12:10 P -05:00] INFO  RepCalcs(0) - csvFilePathLex:test
[Nov 26 12:12:10 P -05:00] INFO  RepCalcs(0) - Rows count:0
[Nov 26 12:12:10 P -05:00] INFO  RepCalcs(0) - Connection string: Data Source=prd-SQLP-A01;Initial Catalog=APX2000;Integrated Security = true
[Nov 26 12:12:10 P -05:00] INFO  RepCalcs(0) - Deleted old contents of: [clr_RepBilled_Lex]
[Nov 26 12:12:10 P -05:00] INFO  RepCalcs(0) - Recv file uploaded for 21 in [clr_RepBilled_Lex]
[Nov 26 12:20:46 P -05:00] INFO  RepCalcs(0) - Done Lex receivables billed import to database
[Nov 26 12:20:46 P -05:00] INFO  RepData(0) - Inserting COUNT of Errors in file to database...
[Nov 26 12:20:46 P -05:00] ERROR RepCalcs(0) - System.IO.FileNotFoundException: Could not find file 'D:\CE\RepCalcs\test'.
   at Microsoft.VisualBasic.FileIO.TextFieldParser.ValidatePath(String path)
   at Microsoft.VisualBasic.FileIO.TextFieldParser.InitializeFromPath(String path, Encoding defaultEncoding, Boolean detectEncoding)
   at RepCalcs.GetDataTableFromCSVFile(String csvFilePath)
[Nov 26 12:20:46 P -05:00] INFO  RepCalcs(0) - test
[Nov 26 12:20:46 P -05:00] INFO  RepCalcs(0) - Rows count:0
[Nov 26 12:20:46 P -05:00] INFO  RepCalcs(0) - Connection string: Data Source=prd-SQLP-A01;Initial Catalog=APX2000;Integrated Security = true
[Nov 26 12:20:46 P -05:00] INFO  RepCalcs(0) - Deleted old contents of: [clr_RepUnBilled_Lex]
[Nov 26 12:20:46 P -05:00] INFO  RepCalcs(0) - Recv file uploaded for 21 in [clr_RepUnBilled_Lex]
[Nov 26 12:29:14 P -05:00] INFO  RepCalcs(0) - Done Lex receivables unbilled import to database
[Nov 26 12:29:14 P -05:00] INFO  RepData(0) - Inserting COUNT of Errors in file to database...
[Nov 26 12:29:14 P -05:00] ERROR RepCalcs(0) - Problem moving Receivables to N Drive
[Nov 26 12:29:14 P -05:00] INFO  RepCalcs(0) - Scrubbing file (removing commas/quotes and blank spaces)...
[Nov 26 12:29:14 P -05:00] INFO  RepCalcs(0) - Switching to SFTP for RepId: 6
[Nov 26 12:29:14 P -05:00] INFO  RepData(0) - Querying Data Error Codes and Description...
[Nov 26 12:29:14 P -05:00] INFO  RepCalcs(0) - +++++++++++++++++++++++++++++++++++++++++++++++++++++++
[Nov 26 12:29:14 P -05:00] INFO  RepCalcs(0) - Download Receivables for APG ( mailbox repclient12, repId 6 )
[Nov 26 12:29:14 P -05:00] INFO  RepCalcs(0) - +++++++++++++++++++++++++++++++++++++++++++++++++++++++
[Nov 26 12:29:14 P -05:00] INFO  RepCalcs(0) - Importing previous day receivable numbers in EscoReceivables
[Nov 26 12:29:14 P -05:00] INFO  RepCalcs(0) - Deleted 0 rows in EscoReceivables
[Nov 26 12:29:14 P -05:00] INFO  RepCalcs(0) - Inserted 2 rows in EscoReceivables
[Nov 26 12:29:15 P -05:00] INFO  RepCalcs(0) - Found APG_Billed_112618.csv downloading...
[Nov 26 12:29:17 P -05:00] INFO  RepCalcs(0) - Done
[Nov 26 12:29:17 P -05:00] INFO  RepData(0) - Inserting COUNT of Errors in file to database...
[Nov 26 12:29:18 P -05:00] INFO  RepCalcs(0) - Found APG_Unbilled_112618.csv downloading...
[Nov 26 12:29:19 P -05:00] INFO  RepCalcs(0) - Done
[Nov 26 12:29:19 P -05:00] INFO  RepData(0) - Inserting COUNT of Errors in file to database...
[Nov 26 12:29:19 P -05:00] INFO  RepCalcs(0) - Scrubbing file (removing commas/quotes and blank spaces)...
[Nov 26 12:29:21 P -05:00] INFO  Util(0) - Removed 0 Zeros
[Nov 26 12:29:21 P -05:00] INFO  RepCalcs(0) - APG_Billed_11-26-2018.csv transferred to the DB server
[Nov 26 12:29:22 P -05:00] INFO  Util(0) - Removed 0 Zeros
[Nov 26 12:29:22 P -05:00] INFO  RepCalcs(0) - APG_Unbilled_11-26-2018.csv transferred to the DB server
[Nov 26 12:29:22 P -05:00] INFO  RepCalcs(0) - Done
[Nov 26 12:29:22 P -05:00] INFO  RepCalcs(0) - Importing APG Receivables
[Nov 26 12:36:58 P -05:00] INFO  RepCalcs(0) - Done Importing Receivables
[Nov 26 12:36:58 P -05:00] INFO  RepCalcs(0) - Skipping cleanup
[Nov 26 12:36:58 P -05:00] INFO  RepCalcs(0) - Done with Receivables
[Nov 26 12:36:58 P -05:00] INFO  RepCalcs(0) - ~~~~~~~~~~~~~~~~~~~~~~
[Nov 26 12:36:58 P -05:00] INFO  RepCalcs(0) - ~~ Finished RepSxdLoad ~
[Nov 26 12:36:58 P -05:00] INFO  RepCalcs(0) - ~~~~~~~~~~~~~~~~~~~~~~
[Nov 26 12:36:58 P -05:00] INFO  RepCalcs(0) - Sent logs in email to teamIt
